-0.5 9.63493e-158
-0.499 3.85496e-157
-0.498 1.5381e-156
-0.497 6.11992e-156
-0.496 2.42829e-155
-0.495 9.60838e-155
-0.494 3.79135e-154
-0.493 1.49187e-153
-0.492 5.85416e-153
-0.491 2.29082e-152
-0.49 8.93949e-152
-0.489 3.47879e-151
-0.488 1.35002e-150
-0.487 5.22449e-150
-0.486 2.01624e-149
-0.485 7.75955e-149
-0.484 2.978e-148
-0.483 1.13974e-147
-0.482 4.34995e-147
-0.481 1.6556e-146
-0.48 6.2838e-146
-0.479 2.37839e-145
-0.478 8.97713e-145
-0.477 3.37899e-144
-0.476 1.26832e-143
-0.475 4.74754e-143
-0.474 1.77215e-142
-0.473 6.59673e-142
-0.472 2.44878e-141
-0.471 9.06497e-141
-0.47 3.34639e-140
-0.469 1.23192e-139
-0.468 4.52253e-139
-0.467 1.65567e-138
-0.466 6.04454e-138
-0.465 2.20062e-137
-0.464 7.98956e-137
-0.463 2.89264e-136
-0.462 1.04439e-135
-0.461 3.76029e-135
-0.46 1.35013e-134
-0.459 4.83421e-134
-0.458 1.72612e-133
-0.457 6.14622e-133
-0.456 2.18243e-132
-0.455 7.72802e-132
-0.454 2.72891e-131
-0.453 9.60962e-131
-0.452 3.37456e-130
-0.451 1.18174e-129
-0.45 4.12688e-129
-0.449 1.43719e-128
-0.448 4.99119e-128
-0.447 1.72857e-127
-0.446 5.96986e-127
-0.445 2.05606e-126
-0.444 7.06158e-126
-0.443 2.41859e-125
-0.442 8.26072e-125
-0.441 2.81363e-124
-0.44 9.55678e-124
-0.439 3.23705e-123
-0.438 1.09341e-122
-0.437 3.68307e-122
-0.436 1.23718e-121
-0.435 4.14427e-121
-0.434 1.38439e-120
-0.433 4.61173e-120
-0.432 1.53202e-119
-0.431 5.07526e-119
-0.43 1.67667e-118
-0.429 5.52369e-118
-0.428 1.81471e-117
-0.427 5.94537e-117
-0.426 1.94243e-116
-0.425 6.32858e-116
-0.424 2.05618e-115
-0.423 6.6621e-115
-0.422 2.15256e-114
-0.421 6.93576e-114
-0.42 2.22857e-113
-0.419 7.14093e-113
-0.418 2.28179e-112
-0.417 7.27098e-112
-0.416 2.31049e-111
-0.415 7.32165e-111
-0.414 2.31371e-110
-0.413 7.29127e-110
-0.412 2.29135e-109
-0.411 7.18084e-109
-0.41 2.24415e-108
-0.409 6.99398e-108
-0.408 2.17366e-107
-0.407 6.73678e-107
-0.406 2.08213e-106
-0.405 6.41737e-106
-0.404 1.97243e-105
-0.403 6.04561e-105
-0.402 1.84788e-104
-0.401 5.6325e-104
-0.4 1.71208e-103
-0.399 5.18967e-103
-0.398 1.56874e-102
-0.397 4.72886e-102
-0.396 1.42153e-101
-0.395 4.26138e-101
-0.394 1.27391e-100
-0.393 3.79772e-100
-0.392 1.12902e-99
-0.391 3.34713e-99
-0.39 9.89553e-99
-0.389 2.91743e-98
-0.388 8.5774e-98
-0.387 2.51481e-97
-0.386 7.35276e-97
-0.385 2.14382e-96
-0.384 6.23336e-96
-0.383 1.80738e-95
-0.382 5.22604e-95
-0.381 1.50692e-94
-0.38 4.33312e-94
-0.379 1.24253e-93
-0.378 3.55309e-93
-0.377 1.01321e-92
-0.376 2.88131e-92
-0.375 8.17095e-92
-0.374 2.31074e-91
-0.373 6.51663e-91
-0.372 1.83269e-90
-0.371 5.13985e-90
-0.37 1.4375e-89
-0.369 4.00919e-89
-0.368 1.11507e-88
-0.367 3.09272e-88
-0.366 8.55409e-88
-0.365 2.3594e-87
-0.364 6.48969e-87
-0.363 1.78008e-86
-0.362 4.86914e-86
-0.361 1.32818e-85
-0.36 3.61292e-85
-0.359 9.8006e-85
-0.358 2.65119e-84
-0.357 7.15196e-84
-0.356 1.92399e-83
-0.355 5.1615e-83
-0.354 1.38084e-82
-0.353 3.68387e-82
-0.352 9.80076e-82
-0.351 2.60022e-81
-0.35 6.87946e-81
-0.349 1.81507e-80
-0.348 4.77559e-80
-0.347 1.25301e-79
-0.346 3.27852e-79
-0.345 8.5545e-79
-0.344 2.2259e-78
-0.343 5.7758e-78
-0.342 1.49456e-77
-0.341 3.85662e-77
-0.34 9.92422e-77
-0.339 2.54671e-76
-0.338 6.51715e-76
-0.337 1.66315e-75
-0.336 4.23251e-75
-0.335 1.07414e-74
-0.334 2.71841e-74
-0.333 6.86065e-74
-0.332 1.72667e-73
-0.331 4.33361e-73
-0.33 1.08463e-72
-0.329 2.70714e-72
-0.328 6.73804e-72
-0.327 1.67244e-71
-0.326 4.13964e-71
-0.325 1.02181e-70
-0.324 2.51518e-70
-0.323 6.17396e-70
-0.322 1.51131e-69
-0.321 3.68924e-69
-0.32 8.9808e-69
-0.319 2.18016e-68
-0.318 5.27783e-68
-0.317 1.27414e-67
-0.316 3.06742e-67
-0.315 7.36416e-67
-0.314 1.76306e-66
-0.313 4.20928e-66
-0.312 1.00217e-65
-0.311 2.37941e-65
-0.31 5.63368e-65
-0.309 1.33018e-64
-0.308 3.132e-64
-0.307 7.35406e-64
-0.306 1.72198e-63
-0.305 4.0209e-63
-0.304 9.36294e-63
-0.303 2.17418e-62
-0.302 5.03471e-62
-0.301 1.16265e-61
-0.3 2.67741e-61
-0.299 6.1486e-61
-0.298 1.4081e-60
-0.297 3.21576e-60
-0.296 7.32366e-60
-0.295 1.66329e-59
-0.294 3.76705e-59
-0.293 8.50806e-59
-0.292 1.91625e-58
-0.291 4.30398e-58
-0.29 9.64012e-58
-0.289 2.15322e-57
-0.288 4.79611e-57
-0.287 1.06533e-56
-0.286 2.35979e-56
-0.285 5.21264e-56
-0.284 1.14825e-55
-0.283 2.52237e-55
-0.282 5.52557e-55
-0.281 1.20709e-54
-0.28 2.62963e-54
-0.279 5.71276e-54
-0.278 1.23763e-53
-0.277 2.67381e-53
-0.276 5.76056e-53
-0.275 1.23764e-52
-0.274 2.65165e-52
-0.273 5.66544e-52
-0.272 1.20711e-51
-0.271 2.56479e-51
-0.27 5.43442e-51
-0.269 1.14828e-50
-0.268 2.41957e-50
-0.267 5.08419e-50
-0.266 1.06537e-49
-0.265 2.22625e-49
-0.264 4.63918e-49
-0.263 9.64059e-49
-0.262 1.99784e-48
-0.261 4.12868e-48
-0.26 8.50856e-48
-0.259 1.74862e-47
-0.258 3.58369e-47
-0.257 7.32418e-47
-0.256 1.49273e-46
-0.255 3.03389e-46
-0.254 6.1491e-46
-0.253 1.24285e-45
-0.252 2.50507e-45
-0.251 5.03517e-45
-0.25 1.00926e-44
-0.249 2.01738e-44
-0.248 4.02131e-44
-0.247 7.99357e-44
-0.246 1.58456e-43
-0.245 3.13235e-43
-0.244 6.17486e-43
-0.243 1.21389e-42
-0.242 2.37971e-42
-0.241 4.65225e-42
-0.24 9.0698e-42
-0.239 1.7633e-41
-0.238 3.41861e-41
-0.237 6.60948e-41
-0.236 1.27432e-40
-0.235 2.45011e-40
-0.234 4.69772e-40
-0.233 8.98221e-40
-0.232 1.71267e-39
-0.231 3.25655e-39
-0.23 6.17499e-39
-0.229 1.16764e-38
-0.228 2.2018e-38
-0.227 4.14038e-38
-0.226 7.76419e-38
-0.225 1.45194e-37
-0.224 2.70765e-37
-0.223 5.03539e-37
-0.222 9.3383e-37
-0.221 1.72702e-36
-0.22 3.18508e-36
-0.219 5.85785e-36
-0.218 1.07436e-35
-0.217 1.96497e-35
-0.216 3.58392e-35
-0.215 6.51859e-35
-0.214 1.18234e-34
-0.213 2.13859e-34
-0.212 3.85751e-34
-0.211 6.93875e-34
-0.21 1.24465e-33
-0.209 2.22644e-33
-0.208 3.97162e-33
-0.207 7.06512e-33
-0.206 1.25333e-32
-0.205 2.2172e-32
-0.204 3.91147e-32
-0.203 6.88128e-32
-0.202 1.20724e-31
-0.201 2.11208e-31
-0.2 3.68488e-31
-0.199 6.41106e-31
-0.198 1.11232e-30
-0.197 1.92454e-30
-0.196 3.32061e-30
-0.195 5.7135e-30
-0.194 9.8035e-30
-0.193 1.67747e-29
-0.192 2.86235e-29
-0.191 4.87063e-29
-0.19 8.26499e-29
-0.189 1.3986e-28
-0.188 2.36015e-28
-0.187 3.97173e-28
-0.186 6.66522e-28
-0.185 1.11543e-27
-0.184 1.86152e-27
-0.183 3.09803e-27
-0.182 5.1416e-27
-0.181 8.50952e-27
-0.18 1.40445e-26
-0.179 2.31155e-26
-0.178 3.79396e-26
-0.177 6.2098e-26
-0.176 1.01358e-25
-0.175 1.6498e-25
-0.174 2.67793e-25
-0.173 4.33473e-25
-0.172 6.99711e-25
-0.171 1.12634e-24
-0.17 1.80807e-24
-0.169 2.89439e-24
-0.168 4.62053e-24
-0.167 7.35565e-24
-0.166 1.16774e-23
-0.165 1.84869e-23
-0.164 2.91861e-23
-0.163 4.59497e-23
-0.162 7.21414e-23
-0.161 1.12949e-22
-0.16 1.76348e-22
-0.159 2.74572e-22
-0.158 4.2632e-22
-0.157 6.60099e-22
-0.156 1.01924e-21
-0.155 1.56942e-21
-0.154 2.40989e-21
-0.153 3.69019e-21
-0.152 5.63502e-21
-0.151 8.58096e-21
-0.15 1.30308e-20
-0.149 1.97333e-20
-0.148 2.98006e-20
-0.147 4.48789e-20
-0.146 6.73993e-20
-0.145 1.0094e-19
-0.144 1.50752e-19
-0.143 2.24523e-19
-0.142 3.33466e-19
-0.141 4.93897e-19
-0.14 7.29484e-19
-0.139 1.07446e-18
-0.138 1.57819e-18
-0.137 2.31165e-18
-0.136 3.37659e-18
-0.135 4.91847e-18
-0.134 7.14458e-18
-0.133 1.03495e-17
-0.132 1.49504e-17
-0.131 2.15368e-17
-0.13 3.0939e-17
-0.129 4.43225e-17
-0.128 6.33195e-17
-0.127 9.0208e-17
-0.126 1.28158e-16
-0.125 1.8157e-16
-0.124 2.56528e-16
-0.123 3.61426e-16
-0.122 5.07807e-16
-0.121 7.11497e-16
-0.12 9.94126e-16
-0.119 1.38518e-15
-0.118 1.9247e-15
-0.117 2.66694e-15
-0.116 3.68519e-15
-0.115 5.0781e-15
-0.114 6.97809e-15
-0.113 9.56239e-15
-0.112 1.30674e-14
-0.111 1.78078e-14
-0.11 2.42004e-14
-0.109 3.27967e-14
-0.108 4.43233e-14
-0.107 5.97349e-14
-0.106 8.02822e-14
-0.105 1.07598e-13
-0.104 1.43808e-13
-0.103 1.91672e-13
-0.102 2.54758e-13
-0.101 3.37668e-13
-0.1 4.46322e-13
-0.099 5.88302e-13
-0.098 7.73297e-13
-0.097 1.01365e-12
-0.096 1.32502e-12
-0.095 1.72724e-12
-0.094 2.24531e-12
-0.093 2.91069e-12
-0.092 3.76278e-12
-0.091 4.85084e-12
-0.09 6.23618e-12
-0.089 7.99494e-12
-0.088 1.02213e-11
-0.087 1.30314e-11
-0.086 1.65681e-11
-0.085 2.10061e-11
-0.084 2.65592e-11
-0.083 3.34872e-11
-0.082 4.21052e-11
-0.081 5.27945e-11
-0.08 6.60138e-11
-0.079 8.23144e-11
-0.078 1.02356e-10
-0.077 1.26923e-10
-0.076 1.56952e-10
-0.075 1.93546e-10
-0.074 2.38012e-10
-0.073 2.91881e-10
-0.072 3.56951e-10
-0.071 4.35316e-10
-0.07 5.29415e-10
-0.069 6.42069e-10
-0.068 7.76536e-10
-0.067 9.36562e-10
-0.066 1.12643e-09
-0.065 1.35104e-09
-0.064 1.61595e-09
-0.063 1.92743e-09
-0.062 2.29259e-09
-0.061 2.71936e-09
-0.06 3.21664e-09
-0.059 3.79431e-09
-0.058 4.46331e-09
-0.057 5.23572e-09
-0.056 6.12477e-09
-0.055 7.14493e-09
-0.054 8.3119e-09
-0.053 9.64266e-09
-0.052 1.11555e-08
-0.051 1.28699e-08
-0.05 1.48066e-08
-0.049 1.69875e-08
-0.048 1.94356e-08
-0.047 2.21749e-08
-0.046 2.52301e-08
-0.045 2.86267e-08
-0.044 3.23906e-08
-0.043 3.65477e-08
-0.042 4.11241e-08
-0.041 4.61452e-08
-0.04 5.16358e-08
-0.039 5.76196e-08
-0.038 6.41186e-08
-0.037 7.11528e-08
-0.036 7.87398e-08
-0.035 8.68943e-08
-0.034 9.56275e-08
-0.033 1.04947e-07
-0.032 1.14855e-07
-0.031 1.2535e-07
-0.03 1.36425e-07
-0.029 1.48066e-07
-0.028 1.60256e-07
-0.027 1.72969e-07
-0.026 1.86172e-07
-0.025 1.99828e-07
-0.024 2.13891e-07
-0.023 2.28308e-07
-0.022 2.43023e-07
-0.021 2.57968e-07
-0.02 2.73074e-07
-0.019 2.88262e-07
-0.018 3.03453e-07
-0.017 3.18558e-07
-0.016 3.33487e-07
-0.015 3.48149e-07
-0.014 3.62448e-07
-0.013 3.76288e-07
-0.012 3.89574e-07
-0.011 4.02211e-07
-0.01 4.14107e-07
-0.009 4.25172e-07
-0.008 4.35323e-07
-0.007 4.44481e-07
-0.006 4.52574e-07
-0.005 4.59537e-07
-0.004 4.65313e-07
-0.003 4.69856e-07
-0.002 4.73128e-07
-0.001 4.75102e-07
4.3715e-16 4.75762e-07
0.001 4.75102e-07
0.002 4.73128e-07
0.003 4.69856e-07
0.004 4.65313e-07
0.005 4.59537e-07
0.006 4.52574e-07
0.007 4.44481e-07
0.008 4.35323e-07
0.009 4.25172e-07
0.01 4.14107e-07
0.011 4.02211e-07
0.012 3.89574e-07
0.013 3.76288e-07
0.014 3.62448e-07
0.015 3.48149e-07
0.016 3.33487e-07
0.017 3.18558e-07
0.018 3.03453e-07
0.019 2.88262e-07
0.02 2.73074e-07
0.021 2.57968e-07
0.022 2.43023e-07
0.023 2.28308e-07
0.024 2.13891e-07
0.025 1.99828e-07
0.026 1.86172e-07
0.027 1.72969e-07
0.028 1.60256e-07
0.029 1.48066e-07
0.03 1.36425e-07
0.031 1.2535e-07
0.032 1.14855e-07
0.033 1.04947e-07
0.034 9.56275e-08
0.035 8.68943e-08
0.036 7.87398e-08
0.037 7.11528e-08
0.038 6.41186e-08
0.039 5.76196e-08
0.04 5.16358e-08
0.041 4.61452e-08
0.042 4.11241e-08
0.043 3.65477e-08
0.044 3.23906e-08
0.045 2.86267e-08
0.046 2.52301e-08
0.047 2.21749e-08
0.048 1.94356e-08
0.049 1.69875e-08
0.05 1.48066e-08
0.051 1.28699e-08
0.052 1.11555e-08
0.053 9.64266e-09
0.054 8.3119e-09
0.055 7.14493e-09
0.056 6.12477e-09
0.057 5.23572e-09
0.058 4.46331e-09
0.059 3.79431e-09
0.06 3.21664e-09
0.061 2.71936e-09
0.062 2.29259e-09
0.063 1.92743e-09
0.064 1.61595e-09
0.065 1.35104e-09
0.066 1.12643e-09
0.067 9.36562e-10
0.068 7.76536e-10
0.069 6.42069e-10
0.07 5.29415e-10
0.071 4.35316e-10
0.072 3.56951e-10
0.073 2.91881e-10
0.074 2.38012e-10
0.075 1.93546e-10
0.076 1.56952e-10
0.077 1.26923e-10
0.078 1.02356e-10
0.079 8.23144e-11
0.08 6.60138e-11
0.081 5.27945e-11
0.082 4.21052e-11
0.083 3.34872e-11
0.084 2.65592e-11
0.085 2.10061e-11
0.086 1.65681e-11
0.087 1.30314e-11
0.088 1.02213e-11
0.089 7.99494e-12
0.09 6.23618e-12
0.091 4.85084e-12
0.092 3.76278e-12
0.093 2.91069e-12
0.094 2.24531e-12
0.095 1.72724e-12
0.096 1.32502e-12
0.097 1.01365e-12
0.098 7.73297e-13
0.099 5.88302e-13
0.1 4.46322e-13
0.101 3.37668e-13
0.102 2.54758e-13
0.103 1.91672e-13
0.104 1.43808e-13
0.105 1.07598e-13
0.106 8.02822e-14
0.107 5.97349e-14
0.108 4.43233e-14
0.109 3.27967e-14
0.11 2.42004e-14
0.111 1.78078e-14
0.112 1.30674e-14
0.113 9.56239e-15
0.114 6.97809e-15
0.115 5.0781e-15
0.116 3.68519e-15
0.117 2.66694e-15
0.118 1.9247e-15
0.119 1.38518e-15
0.12 9.94126e-16
0.121 7.11497e-16
0.122 5.07807e-16
0.123 3.61426e-16
0.124 2.56528e-16
0.125 1.8157e-16
0.126 1.28158e-16
0.127 9.0208e-17
0.128 6.33195e-17
0.129 4.43225e-17
0.13 3.0939e-17
0.131 2.15368e-17
0.132 1.49504e-17
0.133 1.03495e-17
0.134 7.14458e-18
0.135 4.91847e-18
0.136 3.37659e-18
0.137 2.31165e-18
0.138 1.57819e-18
0.139 1.07446e-18
0.14 7.29484e-19
0.141 4.93897e-19
0.142 3.33466e-19
0.143 2.24523e-19
0.144 1.50752e-19
0.145 1.0094e-19
0.146 6.73993e-20
0.147 4.48789e-20
0.148 2.98006e-20
0.149 1.97333e-20
0.15 1.30308e-20
0.151 8.58096e-21
0.152 5.63502e-21
0.153 3.69019e-21
0.154 2.40989e-21
0.155 1.56942e-21
0.156 1.01924e-21
0.157 6.60099e-22
0.158 4.2632e-22
0.159 2.74572e-22
0.16 1.76348e-22
0.161 1.12949e-22
0.162 7.21414e-23
0.163 4.59497e-23
0.164 2.91861e-23
0.165 1.84869e-23
0.166 1.16774e-23
0.167 7.35565e-24
0.168 4.62053e-24
0.169 2.89439e-24
0.17 1.80807e-24
0.171 1.12634e-24
0.172 6.99711e-25
0.173 4.33473e-25
0.174 2.67793e-25
0.175 1.6498e-25
0.176 1.01358e-25
0.177 6.2098e-26
0.178 3.79396e-26
0.179 2.31155e-26
0.18 1.40445e-26
0.181 8.50952e-27
0.182 5.1416e-27
0.183 3.09803e-27
0.184 1.86152e-27
0.185 1.11543e-27
0.186 6.66522e-28
0.187 3.97173e-28
0.188 2.36015e-28
0.189 1.3986e-28
0.19 8.26499e-29
0.191 4.87063e-29
0.192 2.86235e-29
0.193 1.67747e-29
0.194 9.8035e-30
0.195 5.7135e-30
0.196 3.32061e-30
0.197 1.92454e-30
0.198 1.11232e-30
0.199 6.41106e-31
0.2 3.68488e-31
0.201 2.11208e-31
0.202 1.20724e-31
0.203 6.88128e-32
0.204 3.91147e-32
0.205 2.2172e-32
0.206 1.25333e-32
0.207 7.06512e-33
0.208 3.97162e-33
0.209 2.22644e-33
0.21 1.24465e-33
0.211 6.93875e-34
0.212 3.85751e-34
0.213 2.13859e-34
0.214 1.18234e-34
0.215 6.51859e-35
0.216 3.58392e-35
0.217 1.96497e-35
0.218 1.07436e-35
0.219 5.85785e-36
0.22 3.18508e-36
0.221 1.72702e-36
0.222 9.3383e-37
0.223 5.03539e-37
0.224 2.70765e-37
0.225 1.45194e-37
0.226 7.76419e-38
0.227 4.14038e-38
0.228 2.2018e-38
0.229 1.16764e-38
0.23 6.17499e-39
0.231 3.25655e-39
0.232 1.71267e-39
0.233 8.98221e-40
0.234 4.69772e-40
0.235 2.45011e-40
0.236 1.27432e-40
0.237 6.60948e-41
0.238 3.41861e-41
0.239 1.7633e-41
0.24 9.0698e-42
0.241 4.65225e-42
0.242 2.37971e-42
0.243 1.21389e-42
0.244 6.17486e-43
0.245 3.13235e-43
0.246 1.58456e-43
0.247 7.99357e-44
0.248 4.02131e-44
0.249 2.01738e-44
0.25 1.00926e-44
0.251 5.03517e-45
0.252 2.50507e-45
0.253 1.24285e-45
0.254 6.1491e-46
0.255 3.03389e-46
0.256 1.49273e-46
0.257 7.32418e-47
0.258 3.58369e-47
0.259 1.74862e-47
0.26 8.50856e-48
0.261 4.12868e-48
0.262 1.99784e-48
0.263 9.64059e-49
0.264 4.63918e-49
0.265 2.22625e-49
0.266 1.06537e-49
0.267 5.08419e-50
0.268 2.41957e-50
0.269 1.14828e-50
0.27 5.43442e-51
0.271 2.56479e-51
0.272 1.20711e-51
0.273 5.66544e-52
0.274 2.65165e-52
0.275 1.23764e-52
0.276 5.76056e-53
0.277 2.67381e-53
0.278 1.23763e-53
0.279 5.71276e-54
0.28 2.62963e-54
0.281 1.20709e-54
0.282 5.52557e-55
0.283 2.52237e-55
0.284 1.14825e-55
0.285 5.21264e-56
0.286 2.35979e-56
0.287 1.06533e-56
0.288 4.79611e-57
0.289 2.15322e-57
0.29 9.64012e-58
0.291 4.30398e-58
0.292 1.91625e-58
0.293 8.50806e-59
0.294 3.76705e-59
0.295 1.66329e-59
0.296 7.32366e-60
0.297 3.21576e-60
0.298 1.4081e-60
0.299 6.1486e-61
0.3 2.67741e-61
0.301 1.16265e-61
0.302 5.03471e-62
0.303 2.17418e-62
0.304 9.36294e-63
0.305 4.0209e-63
0.306 1.72198e-63
0.307 7.35406e-64
0.308 3.132e-64
0.309 1.33018e-64
0.31 5.63368e-65
0.311 2.37941e-65
0.312 1.00217e-65
0.313 4.20928e-66
0.314 1.76306e-66
0.315 7.36416e-67
0.316 3.06742e-67
0.317 1.27414e-67
0.318 5.27783e-68
0.319 2.18016e-68
0.32 8.9808e-69
0.321 3.68924e-69
0.322 1.51131e-69
0.323 6.17396e-70
0.324 2.51518e-70
0.325 1.02181e-70
0.326 4.13964e-71
0.327 1.67244e-71
0.328 6.73804e-72
0.329 2.70714e-72
0.33 1.08463e-72
0.331 4.33361e-73
0.332 1.72667e-73
0.333 6.86065e-74
0.334 2.71841e-74
0.335 1.07414e-74
0.336 4.23251e-75
0.337 1.66315e-75
0.338 6.51715e-76
0.339 2.54671e-76
0.34 9.92422e-77
0.341 3.85662e-77
0.342 1.49456e-77
0.343 5.7758e-78
0.344 2.2259e-78
0.345 8.5545e-79
0.346 3.27852e-79
0.347 1.25301e-79
0.348 4.77559e-80
0.349 1.81507e-80
0.35 6.87946e-81
0.351 2.60022e-81
0.352 9.80076e-82
0.353 3.68387e-82
0.354 1.38084e-82
0.355 5.1615e-83
0.356 1.92399e-83
0.357 7.15196e-84
0.358 2.65119e-84
0.359 9.8006e-85
0.36 3.61292e-85
0.361 1.32818e-85
0.362 4.86914e-86
0.363 1.78008e-86
0.364 6.48969e-87
0.365 2.3594e-87
0.366 8.55409e-88
0.367 3.09272e-88
0.368 1.11507e-88
0.369 4.00919e-89
0.37 1.4375e-89
0.371 5.13985e-90
0.372 1.83269e-90
0.373 6.51663e-91
0.374 2.31074e-91
0.375 8.17095e-92
0.376 2.88131e-92
0.377 1.01321e-92
0.378 3.55309e-93
0.379 1.24253e-93
0.38 4.33312e-94
0.381 1.50692e-94
0.382 5.22604e-95
0.383 1.80738e-95
0.384 6.23336e-96
0.385 2.14382e-96
0.386 7.35276e-97
0.387 2.51481e-97
0.388 8.5774e-98
0.389 2.91743e-98
0.39 9.89553e-99
0.391 3.34713e-99
0.392 1.12902e-99
0.393 3.79772e-100
0.394 1.27391e-100
0.395 4.26138e-101
0.396 1.42153e-101
0.397 4.72886e-102
0.398 1.56874e-102
0.399 5.18967e-103
0.4 1.71208e-103
0.401 5.6325e-104
0.402 1.84788e-104
0.403 6.04561e-105
0.404 1.97243e-105
0.405 6.41737e-106
0.406 2.08213e-106
0.407 6.73678e-107
0.408 2.17366e-107
0.409 6.99398e-108
0.41 2.24415e-108
0.411 7.18084e-109
0.412 2.29135e-109
0.413 7.29127e-110
0.414 2.31371e-110
0.415 7.32165e-111
0.416 2.31049e-111
0.417 7.27098e-112
0.418 2.28179e-112
0.419 7.14093e-113
0.42 2.22857e-113
0.421 6.93576e-114
0.422 2.15256e-114
0.423 6.6621e-115
0.424 2.05618e-115
0.425 6.32858e-116
0.426 1.94243e-116
0.427 5.94537e-117
0.428 1.81471e-117
0.429 5.52369e-118
0.43 1.67667e-118
0.431 5.07526e-119
0.432 1.53202e-119
0.433 4.61173e-120
0.434 1.38439e-120
0.435 4.14427e-121
0.436 1.23718e-121
0.437 3.68307e-122
0.438 1.09341e-122
0.439 3.23705e-123
0.44 9.55678e-124
0.441 2.81363e-124
0.442 8.26072e-125
0.443 2.41859e-125
0.444 7.06158e-126
0.445 2.05606e-126
0.446 5.96986e-127
0.447 1.72857e-127
0.448 4.99119e-128
0.449 1.43719e-128
0.45 4.12688e-129
0.451 1.18174e-129
0.452 3.37456e-130
0.453 9.60962e-131
0.454 2.72891e-131
0.455 7.72802e-132
0.456 2.18243e-132
0.457 6.14622e-133
0.458 1.72612e-133
0.459 4.83421e-134
0.46 1.35013e-134
0.461 3.76029e-135
0.462 1.04439e-135
0.463 2.89264e-136
0.464 7.98956e-137
0.465 2.20062e-137
0.466 6.04454e-138
0.467 1.65567e-138
0.468 4.52253e-139
0.469 1.23192e-139
0.47 3.34639e-140
0.471 9.06497e-141
0.472 2.44878e-141
0.473 6.59673e-142
0.474 1.77215e-142
0.475 4.74754e-143
0.476 1.26832e-143
0.477 3.37899e-144
0.478 8.97713e-145
0.479 2.37839e-145
0.48 6.2838e-146
0.481 1.6556e-146
0.482 4.34995e-147
0.483 1.13974e-147
0.484 2.978e-148
0.485 7.75955e-149
0.486 2.01624e-149
0.487 5.22449e-150
0.488 1.35002e-150
0.489 3.47879e-151
0.49 8.93949e-152
0.491 2.29082e-152
0.492 5.85416e-153
0.493 1.49187e-153
0.494 3.79135e-154
0.495 9.60838e-155
0.496 2.42829e-155
0.497 6.11992e-156
0.498 1.5381e-156
0.499 3.85496e-157
