--------------------------
0  | 0 0 0 0 0 0 0 0 0 0 0 0 0 0 0 0 0 0 0 0  | 0 
-  | - - - - - - - - - - - - - - - - - - - -  | -
0  | 0 0 0 0 0 0 0 0 0 0 0 0 0 0 0 0 0 0 0 0  | 0 
0  | 0 0 0 0 0 0 0 0 0 0 0 0 0 0 0 0 0 0 0 0  | 0 
0  | 0 0 0 0 0 0 0 0 0 0 0 0 0 0 0 0 0 0 0 0  | 0 
0  | 0 0 0 0 0 0 0 0 0 0 0 0 0 0 0 0 0 0 0 0  | 0 
0  | 0 0 0 0 0 0 0 0 0 0 0 0 0 0 0 0 0 0 0 0  | 0 
0  | 0 0 0 0 0 0 0 0 0 0 0 0 0 0 0 0 0 0 0 0  | 0 
0  | 0 0 0 0 0 0 0 0 0 0 0 0 0 0 0 0 0 0 0 0  | 0 
0  | 0 0 0 0 0 0 0 0 0 0 0 0 0 0 0 0 0 0 0 0  | 0 
0  | 0 0 0 0 0 0 0 0 0 0 0 0 0 0 0 0 0 0 0 0  | 0 
0  | 0 0 0 0 0 0 0 0 0 0 0 0 0 0 0 0 0 0 0 0  | 0 
0  | 0 0 0 0 0 0 0 0 0 0 0 0 0 0 0 0 0 0 0 0  | 0 
0  | 0 0 0 0 0 0 0 0 0 0 0 0 0 0 0 0 0 0 0 0  | 0 
0  | 0 0 0 0 0 0 0 0 0 0 0 0 0 0 0 0 0 0 0 0  | 0 
0  | 0 0 0 0 0 0 0 0 0 0 0 0 0 0 0 0 0 0 0 0  | 0 
0  | 0 0 0 0 0 0 0 0 0 0 0 0 0 0 0 0 0 0 0 0  | 0 
0  | 0 0 0 0 0 0 0 0 0 0 0 0 0 0 0 0 0 0 0 0  | 0 
0  | 0 0 0 0 0 0 0 0 0 0 0 0 0 0 0 0 0 0 0 0  | 0 
0  | 0 0 0 0 0 0 0 0 0 0 0 0 0 0 0 0 0 0 0 0  | 0 
0  | 0 0 0 0 0 0 0 0 0 0 0 0 0 0 0 0 0 0 0 0  | 0 
0  | 0 0 0 0 0 0 0 0 0 0 0 0 0 0 0 0 0 0 0 0  | 0 
-  | - - - - - - - - - - - - - - - - - - - -  | -
0  | 0 0 0 0 0 0 0 0 0 0 0 0 0 0 0 0 0 0 0 0  | 0 
--------------------------
--------------------------
0  | 1 3 3 3 3 3 3 1 1 3 3 3 1 3 1 1 3 3 3 3  | 0 
-  | - - - - - - - - - - - - - - - - - - - -  | -
3  | 1 1 1 3 3 3 3 3 3 3 1 1 1 3 1 1 3 1 3 3  | 1 
3  | 3 3 1 1 1 1 1 1 3 1 3 3 3 3 3 1 3 1 1 3  | 3 
1  | 1 3 3 1 1 1 1 1 1 1 1 1 1 1 1 1 3 3 3 1  | 1 
1  | 1 1 3 3 1 1 1 1 3 1 1 3 1 1 3 1 1 1 3 1  | 1 
3  | 3 3 1 3 3 3 3 3 3 3 3 3 1 3 1 3 3 1 3 3  | 3 
3  | 3 1 1 3 1 1 1 1 3 3 3 1 3 1 3 3 1 3 1 3  | 3 
1  | 1 3 1 3 1 3 1 1 1 1 3 3 1 1 3 3 3 1 3 1  | 1 
3  | 1 3 1 3 3 1 3 3 3 3 3 1 3 3 3 1 3 1 3 3  | 1 
1  | 1 3 3 3 1 1 1 3 3 1 3 1 3 1 1 3 1 3 3 1  | 1 
3  | 3 1 3 3 3 3 3 3 3 3 1 1 3 3 3 3 1 1 1 3  | 3 
1  | 1 1 3 1 3 3 3 1 3 3 1 1 3 1 3 3 3 3 1 1  | 1 
1  | 3 1 1 1 3 1 3 1 1 1 3 1 1 3 3 1 3 3 1 1  | 3 
3  | 1 3 3 3 3 1 3 1 1 3 3 3 1 3 3 3 3 3 3 3  | 1 
1  | 3 3 1 1 3 3 1 1 1 3 1 1 1 3 1 3 1 3 1 1  | 3 
1  | 3 3 1 3 1 1 3 1 3 3 1 3 1 1 3 1 1 1 1 1  | 3 
3  | 1 3 3 1 3 1 1 1 3 1 3 3 3 3 1 1 3 3 3 3  | 1 
1  | 1 3 1 3 1 1 3 1 3 1 1 3 1 1 3 3 1 1 3 1  | 1 
1  | 1 3 1 1 1 1 3 1 1 1 3 1 3 1 1 3 3 1 1 1  | 1 
1  | 3 3 1 3 3 3 1 1 3 1 3 1 1 3 1 1 1 3 3 1  | 3 
3  | 1 3 3 3 3 3 3 1 1 3 3 3 1 3 1 1 3 3 3 3  | 1 
-  | - - - - - - - - - - - - - - - - - - - -  | -
0  | 1 1 1 3 3 3 3 3 3 3 1 1 1 3 1 1 3 1 3 3  | 0 
--------------------------
0.155 400 246 0.615
0.21 800 419 0.52375
0.255 1200 584 0.486667
0.255 1600 702 0.43875
0.28 2000 811 0.4055
0.235 2400 930 0.3875
0.215 2800 1040 0.371429
0.1 3200 1135 0.354688
0.09 3600 1245 0.345833
0.105 4000 1360 0.34
0.145 4400 1490 0.338636
0.12 4800 1617 0.336875
0.08 5200 1751 0.336731
0.085 5600 1890 0.3375
0.1 6000 2013 0.3355
0.085 6400 2164 0.338125
0.175 6800 2300 0.338235
0.175 7200 2424 0.336667
0.21 7600 2551 0.335658
0.275 8000 2672 0.334
0.29 8400 2795 0.332738
0.315 8800 2912 0.330909
0.265 9200 3054 0.331957
0.21 9600 3191 0.332396
0.205 10000 3324 0.3324
0.22 10400 3473 0.333942
0.125 10800 3594 0.332778
0.15 11200 3719 0.332054
0.15 11600 3831 0.330259
0.115 12000 3950 0.329167
0.125 12400 4056 0.327097
0.025 12800 4194 0.327656
-0.005 13200 4314 0.326818
-0.01 13600 4415 0.324632
0.02 14000 4553 0.325214
-0.025 14400 4670 0.324306
-0.015 14800 4800 0.324324
0.055 15200 4928 0.324211
0.06 15600 5037 0.322885
0.075 16000 5162 0.322625
0.15 16400 5305 0.323476
0.235 16800 5420 0.322619
0.25 17200 5551 0.322733
0.255 17600 5678 0.322614
0.24 18000 5797 0.322056
0.235 18400 5924 0.321957
0.325 18800 6048 0.321702
0.35 19200 6149 0.32026
0.385 19600 6260 0.319388
0.37 20000 6363 0.31815
0.445 20400 6492 0.318235
0.5 20800 6591 0.316875
0.595 21200 6706 0.316321
0.6 21600 6805 0.315046
0.57 22000 6905 0.313864
0.605 22400 6998 0.312411
0.565 22800 7122 0.312368
0.595 23200 7246 0.312328
0.6 23600 7367 0.312161
0.595 24000 7464 0.311
0.65 24400 7557 0.309713
0.665 24800 7648 0.308387
0.51 25200 7777 0.308611
0.535 25600 7932 0.309844
0.515 26000 8036 0.309077
0.595 26400 8122 0.307652
0.635 26800 8214 0.306493
0.625 27200 8300 0.305147
0.525 27600 8412 0.304783
0.545 28000 8502 0.303643
0.515 28400 8612 0.303239
0.48 28800 8733 0.303229
0.465 29200 8848 0.303014
0.455 29600 8938 0.301959
0.495 30000 9040 0.301333
0.54 30400 9161 0.301349
0.485 30800 9270 0.300974
0.45 31200 9397 0.301186
0.495 31600 9506 0.300823
0.465 32000 9610 0.300312
0.425 32400 9728 0.300247
0.48 32800 9843 0.300091
0.43 33200 9973 0.300392
0.485 33600 10096 0.300476
0.515 34000 10202 0.300059
0.5 34400 10297 0.299331
0.455 34800 10402 0.298908
0.42 35200 10505 0.298438
0.385 35600 10610 0.298034
0.445 36000 10732 0.298111
0.525 36400 10858 0.298297
0.455 36800 10970 0.298098
0.52 37200 11093 0.298199
0.565 37600 11210 0.298138
0.495 38000 11324 0.298
0.565 38400 11446 0.298073
0.555 38800 11568 0.298144
0.575 39200 11700 0.298469
0.505 39600 11820 0.298485
0.44 40000 11915 0.297875
0.425 40400 12008 0.297228
0.355 40800 12092 0.296373
0.295 41200 12206 0.296262
0.325 41600 12342 0.296683
0.285 42000 12480 0.297143
0.32 42400 12629 0.297854
0.37 42800 12749 0.297874
0.275 43200 12858 0.297639
0.29 43600 12995 0.29805
0.215 44000 13156 0.299
0.14 44400 13297 0.299482
0.13 44800 13469 0.300647
0.085 45200 13614 0.301195
0.01 45600 13759 0.301732
-0.03 46000 13883 0.301804
-0.03 46400 13987 0.301444
-0.11 46800 14107 0.301432
-0.155 47200 14238 0.301653
-0.19 47600 14389 0.30229
-0.15 48000 14509 0.302271
-0.22 48400 14641 0.3025
-0.235 48800 14780 0.302869
-0.255 49200 14902 0.302886
-0.295 49600 15058 0.303589
-0.375 50000 15200 0.304
-0.36 50400 15329 0.304147
-0.34 50800 15455 0.304232
-0.335 51200 15588 0.304453
-0.28 51600 15699 0.304244
-0.295 52000 15814 0.304115
-0.285 52400 15944 0.304275
-0.235 52800 16056 0.304091
-0.205 53200 16152 0.303609
-0.195 53600 16264 0.303433
-0.135 54000 16364 0.303037
-0.01 54400 16471 0.302776
0.11 54800 16591 0.302755
0.105 55200 16706 0.302645
0.165 55600 16824 0.30259
0.12 56000 16945 0.302589
0.095 56400 17070 0.30266
0.015 56800 17202 0.302852
-0.055 57200 17308 0.302587
-0.105 57600 17430 0.302604
-0.02 58000 17543 0.302466
0.015 58400 17686 0.302842
-0.055 58800 17820 0.303061
-0.04 59200 17927 0.302821
-0.01 59600 18039 0.302668
-0.085 60000 18164 0.302733
0.02 60400 18287 0.302765
-0.08 60800 18435 0.303207
0 61200 18571 0.303448
0.05 61600 18699 0.303555
0.01 62000 18825 0.303629
0.075 62400 18948 0.303654
0.085 62800 19082 0.303854
0.125 63200 19244 0.304494
0.075 63600 19390 0.304874
0.02 64000 19523 0.305047
0.055 64400 19652 0.305155
-0.03 64800 19793 0.305448
-0.09 65200 19919 0.305506
-0.155 65600 20048 0.30561
-0.14 66000 20173 0.305652
-0.125 66400 20328 0.306145
-0.08 66800 20457 0.306243
-0.1 67200 20597 0.306503
-0.115 67600 20714 0.30642
-0.065 68000 20840 0.306471
0.015 68400 20976 0.306667
0.075 68800 21090 0.306541
0.05 69200 21217 0.306604
-0.03 69600 21329 0.306451
-0.01 70000 21449 0.306414
0.08 70400 21573 0.306435
0.065 70800 21700 0.306497
0.045 71200 21826 0.306545
0.07 71600 21931 0.306299
0.12 72000 22033 0.306014
0.19 72400 22161 0.306091
0.05 72800 22297 0.306277
0.19 73200 22437 0.306516
0.15 73600 22577 0.306753
0.09 74000 22733 0.307203
0.135 74400 22878 0.3075
0.16 74800 23021 0.307767
0.175 75200 23190 0.308378
0.11 75600 23323 0.308505
0.145 76000 23484 0.309
0.21 76400 23645 0.30949
0.06 76800 23809 0.310013
0.065 77200 23936 0.310052
0.025 77600 24074 0.310232
0.035 78000 24218 0.310487
0.085 78400 24364 0.310765
0.04 78800 24497 0.310876
0.08 79200 24611 0.310745
-0.04 79600 24733 0.310716
-0.085 80000 24866 0.310825
-0.115 80400 24988 0.310796
-0.08 80800 25121 0.310903
-0.11 81200 25259 0.311071
-0.155 81600 25386 0.311103
-0.125 82000 25498 0.310951
-0.1 82400 25645 0.311226
-0.075 82800 25792 0.311498
-0.06 83200 25929 0.311647
-0.01 83600 26039 0.311471
-0.02 84000 26163 0.311464
-0.02 84400 26309 0.311718
-0.035 84800 26446 0.311863
-0.11 85200 26591 0.312101
-0.09 85600 26721 0.312161
-0.175 86000 26852 0.312233
-0.075 86400 26966 0.312106
-0.015 86800 27096 0.312166
-0.115 87200 27204 0.311972
-0.145 87600 27324 0.311918
-0.21 88000 27447 0.311898
-0.22 88400 27565 0.311821
-0.22 88800 27677 0.311678
-0.22 89200 27771 0.311334
-0.24 89600 27847 0.310792
-0.155 90000 27952 0.310578
-0.11 90400 28055 0.310343
-0.095 90800 28160 0.310132
-0.125 91200 28264 0.309912
-0.17 91600 28387 0.309902
-0.195 92000 28496 0.309739
-0.175 92400 28604 0.309567
-0.205 92800 28716 0.30944
-0.17 93200 28835 0.309388
-0.17 93600 28963 0.309434
-0.18 94000 29085 0.309415
-0.09 94400 29241 0.309756
-0.145 94800 29398 0.310105
-0.105 95200 29566 0.310567
-0.115 95600 29708 0.310753
-0.07 96000 29825 0.310677
-0.1 96400 29959 0.310778
-0.2 96800 30067 0.310609
-0.175 97200 30182 0.310514
-0.07 97600 30319 0.310645
-0.09 98000 30443 0.310643
-0.14 98400 30549 0.310457
-0.145 98800 30694 0.310668
-0.1 99200 30833 0.310817
-0.05 99600 30973 0.310974
-0.095 100000 31098 0.31098
-0.225 100400 31232 0.311076
-0.18 100800 31337 0.310883
-0.18 101200 31463 0.310899
-0.155 101600 31590 0.310925
-0.175 102000 31726 0.311039
-0.215 102400 31850 0.311035
-0.16 102800 31957 0.310866
-0.18 103200 32057 0.31063
-0.22 103600 32149 0.310319
-0.225 104000 32270 0.310288
-0.2 104400 32391 0.310259
-0.18 104800 32503 0.310143
-0.25 105200 32615 0.310029
-0.17 105600 32711 0.309763
-0.135 106000 32832 0.309736
-0.08 106400 32941 0.309596
-0.115 106800 33038 0.309345
-0.07 107200 33171 0.309431
-0.14 107600 33305 0.309526
-0.125 108000 33426 0.3095
-0.08 108400 33553 0.30953
-0.055 108800 33666 0.30943
-0.095 109200 33808 0.309597
-0.09 109600 33943 0.309699
-0.015 110000 34062 0.309655
-0.06 110400 34173 0.309538
-0.14 110800 34303 0.309594
-0.095 111200 34418 0.309514
-0.08 111600 34525 0.309364
-0.08 112000 34661 0.309473
-0.13 112400 34815 0.309742
-0.17 112800 34943 0.309778
-0.165 113200 35098 0.310053
-0.125 113600 35220 0.310035
-0.27 114000 35335 0.309956
-0.345 114400 35448 0.30986
-0.34 114800 35569 0.309834
-0.335 115200 35696 0.309861
-0.265 115600 35838 0.310017
-0.225 116000 35980 0.310172
-0.255 116400 36124 0.310344
-0.25 116800 36235 0.310231
-0.24 117200 36369 0.310316
-0.32 117600 36499 0.310366
-0.25 118000 36637 0.310483
-0.35 118400 36785 0.310684
-0.415 118800 36938 0.310926
-0.37 119200 37055 0.310864
-0.27 119600 37183 0.310895
-0.27 120000 37307 0.310892
-0.215 120400 37448 0.31103
-0.165 120800 37596 0.311225
-0.175 121200 37734 0.311337
-0.25 121600 37863 0.311373
-0.24 122000 37967 0.311205
-0.305 122400 38064 0.31098
-0.33 122800 38177 0.310888
-0.3 123200 38323 0.311063
-0.325 123600 38468 0.31123
-0.305 124000 38584 0.311161
-0.33 124400 38703 0.311117
-0.305 124800 38816 0.311026
-0.325 125200 38910 0.310783
-0.3 125600 39029 0.31074
-0.335 126000 39172 0.310889
-0.39 126400 39267 0.310657
-0.42 126800 39365 0.31045
-0.455 127200 39470 0.310299
-0.45 127600 39581 0.310196
-0.43 128000 39687 0.310055
-0.41 128400 39787 0.309868
-0.35 128800 39895 0.309744
-0.455 129200 40018 0.309737
-0.395 129600 40128 0.30963
-0.41 130000 40241 0.309546
-0.48 130400 40351 0.30944
-0.43 130800 40467 0.309381
-0.35 131200 40583 0.309322
-0.36 131600 40661 0.308974
-0.335 132000 40774 0.308894
-0.265 132400 40886 0.308807
-0.285 132800 40984 0.308614
-0.27 133200 41087 0.308461
-0.345 133600 41194 0.308338
-0.255 134000 41316 0.308328
-0.275 134400 41446 0.308378
-0.305 134800 41566 0.308353
-0.25 135200 41667 0.308188
-0.235 135600 41794 0.308215
-0.22 136000 41919 0.308228
-0.185 136400 42036 0.308182
-0.14 136800 42155 0.308151
-0.155 137200 42290 0.308236
-0.03 137600 42399 0.308132
-0.13 138000 42503 0.307993
-0.095 138400 42622 0.307962
-0.14 138800 42729 0.307846
-0.145 139200 42838 0.307744
-0.145 139600 42924 0.307479
-0.165 140000 43032 0.307371
-0.26 140400 43169 0.307472
-0.21 140800 43297 0.307507
-0.235 141200 43440 0.307649
-0.24 141600 43559 0.30762
-0.17 142000 43675 0.30757
-0.22 142400 43781 0.307451
-0.235 142800 43918 0.307549
-0.16 143200 44037 0.307521
-0.16 143600 44177 0.307639
-0.22 144000 44333 0.307868
-0.195 144400 44452 0.307839
-0.175 144800 44596 0.307983
-0.26 145200 44731 0.308065
-0.195 145600 44866 0.308146
-0.205 146000 44994 0.308178
-0.185 146400 45098 0.308046
-0.12 146800 45245 0.308208
-0.11 147200 45381 0.308295
-0.2 147600 45521 0.308408
-0.25 148000 45677 0.308628
-0.215 148400 45818 0.308747
-0.245 148800 45976 0.308978
-0.32 149200 46117 0.309095
-0.415 149600 46264 0.309251
-0.35 150000 46367 0.309113
-0.4 150400 46483 0.309063
-0.36 150800 46593 0.308972
-0.375 151200 46702 0.308876
-0.4 151600 46791 0.308648
-0.39 152000 46901 0.308559
-0.485 152400 47008 0.308451
-0.475 152800 47110 0.308312
-0.465 153200 47204 0.30812
-0.445 153600 47298 0.30793
-0.38 154000 47403 0.307812
-0.39 154400 47491 0.307584
-0.28 154800 47621 0.307629
-0.31 155200 47745 0.307635
-0.3 155600 47855 0.307551
-0.345 156000 47960 0.307436
-0.255 156400 48086 0.307455
-0.23 156800 48237 0.307634
-0.285 157200 48382 0.307774
-0.305 157600 48526 0.307906
-0.27 158000 48659 0.307968
-0.375 158400 48776 0.307929
-0.385 158800 48896 0.307909
-0.3 159200 49039 0.308034
-0.2 159600 49173 0.308102
-0.245 160000 49308 0.308175
-0.23 160400 49451 0.308298
-0.2 160800 49575 0.308302
-0.185 161200 49736 0.308536
-0.265 161600 49886 0.308701
-0.305 162000 50032 0.308839
-0.29 162400 50185 0.309021
-0.345 162800 50330 0.309152
-0.325 163200 50476 0.309289
-0.23 163600 50623 0.309432
-0.235 164000 50764 0.309537
-0.2 164400 50899 0.309605
-0.29 164800 51023 0.309606
-0.2 165200 51137 0.309546
-0.29 165600 51285 0.309692
-0.265 166000 51408 0.309687
-0.225 166400 51546 0.309772
-0.345 166800 51682 0.309844
-0.345 167200 51822 0.30994
-0.395 167600 51954 0.309988
-0.39 168000 52081 0.310006
-0.39 168400 52189 0.309911
-0.45 168800 52321 0.309959
-0.465 169200 52436 0.309905
-0.495 169600 52552 0.309859
-0.355 170000 52678 0.309871
-0.42 170400 52821 0.309982
-0.32 170800 52955 0.310041
-0.295 171200 53078 0.310035
-0.305 171600 53212 0.310093
-0.295 172000 53370 0.310291
-0.32 172400 53483 0.310226
-0.225 172800 53636 0.310394
-0.24 173200 53783 0.310525
-0.36 173600 53915 0.31057
-0.415 174000 54050 0.310632
-0.43 174400 54165 0.310579
-0.55 174800 54295 0.310612
-0.6 175200 54377 0.310371
-0.575 175600 54462 0.310148
-0.55 176000 54561 0.310006
-0.535 176400 54652 0.309819
-0.55 176800 54747 0.309655
-0.565 177200 54836 0.309458
-0.635 177600 54926 0.309268
-0.575 178000 55048 0.309258
-0.48 178400 55159 0.309187
-0.505 178800 55276 0.30915
-0.465 179200 55400 0.309152
-0.5 179600 55521 0.309137
-0.485 180000 55656 0.3092
-0.48 180400 55751 0.309041
-0.45 180800 55861 0.308966
-0.425 181200 55958 0.308819
-0.465 181600 56064 0.308722
-0.44 182000 56147 0.3085
-0.455 182400 56230 0.308279
-0.455 182800 56324 0.308118
-0.39 183200 56423 0.307986
-0.405 183600 56514 0.30781
-0.325 184000 56622 0.307728
-0.33 184400 56727 0.30763
-0.295 184800 56856 0.307662
-0.34 185200 56957 0.307543
-0.37 185600 57073 0.307505
-0.475 186000 57200 0.307527
-0.425 186400 57310 0.307457
-0.445 186800 57440 0.307495
-0.44 187200 57559 0.307473
-0.425 187600 57682 0.307473
-0.52 188000 57801 0.307452
-0.48 188400 57919 0.307426
-0.415 188800 58048 0.307458
-0.51 189200 58189 0.307553
-0.47 189600 58307 0.307526
-0.42 190000 58429 0.307521
-0.545 190400 58566 0.307595
-0.495 190800 58682 0.307558
-0.455 191200 58802 0.307542
-0.485 191600 58940 0.30762
-0.515 192000 59046 0.307531
-0.515 192400 59164 0.307505
-0.56 192800 59301 0.307578
-0.51 193200 59417 0.307541
-0.4 193600 59543 0.307557
-0.32 194000 59661 0.307531
-0.295 194400 59796 0.307593
-0.215 194800 59910 0.307546
-0.19 195200 60035 0.307556
-0.185 195600 60160 0.307566
-0.16 196000 60293 0.307617
-0.05 196400 60431 0.307693
-0.045 196800 60564 0.307744
-0.045 197200 60678 0.307698
-0.005 197600 60806 0.307723
-0.025 198000 60926 0.307707
0.01 198400 61033 0.307626
0.075 198800 61152 0.307606
0.13 199200 61287 0.307666
0.12 199600 61415 0.30769
0.115 200000 61534 0.30767
0.105 200400 61664 0.307705
0.16 200800 61767 0.307605
0.155 201200 61886 0.307584
0.005 201600 61998 0.30753
-0.1 202000 62131 0.307579
-0.055 202400 62266 0.307638
-0.005 202800 62404 0.307712
-0.055 203200 62526 0.307707
-0.035 203600 62642 0.307672
-0.075 204000 62770 0.307696
-0.01 204400 62901 0.307735
0.06 204800 63023 0.307729
0.06 205200 63133 0.307666
0.02 205600 63269 0.307729
0.005 206000 63410 0.307816
-0.085 206400 63534 0.30782
-0.105 206800 63664 0.307853
-0.07 207200 63787 0.307852
-0.04 207600 63911 0.307856
0.045 208000 64038 0.307875
-0.005 208400 64160 0.307869
0.03 208800 64295 0.307926
0.05 209200 64439 0.308026
0.09 209600 64571 0.308068
-0.01 210000 64713 0.308157
-0.075 210400 64856 0.308251
-0.115 210800 65004 0.308368
-0.125 211200 65158 0.308513
-0.125 211600 65292 0.308563
-0.2 212000 65421 0.30859
-0.25 212400 65555 0.308639
-0.295 212800 65692 0.308703
-0.345 213200 65812 0.308687
-0.41 213600 65899 0.308516
-0.39 214000 66017 0.308491
-0.36 214400 66141 0.308493
-0.33 214800 66265 0.308496
-0.375 215200 66372 0.30842
-0.375 215600 66472 0.308312
-0.375 216000 66586 0.308269
-0.355 216400 66698 0.308216
-0.415 216800 66820 0.30821
-0.385 217200 66952 0.30825
-0.38 217600 67089 0.308313
-0.315 218000 67218 0.308339
-0.26 218400 67361 0.308429
-0.25 218800 67511 0.308551
-0.25 219200 67631 0.308536
-0.26 219600 67755 0.308538
-0.25 220000 67885 0.308568
-0.23 220400 67999 0.308525
-0.25 220800 68121 0.308519
-0.37 221200 68229 0.308449
-0.37 221600 68335 0.308371
-0.42 222000 68439 0.308284
-0.38 222400 68551 0.308233
-0.365 222800 68660 0.308169
-0.33 223200 68773 0.308123
-0.435 223600 68908 0.308175
-0.495 224000 69024 0.308143
-0.53 224400 69147 0.308142
-0.445 224800 69244 0.308025
-0.485 225200 69372 0.308046
-0.39 225600 69487 0.30801
-0.36 226000 69595 0.307942
-0.215 226400 69728 0.307986
-0.21 226800 69867 0.308056
-0.195 227200 69980 0.308011
-0.16 227600 70097 0.307983
-0.135 228000 70224 0.308
-0.19 228400 70343 0.307982
-0.205 228800 70452 0.30792
-0.165 229200 70558 0.307845
-0.085 229600 70678 0.307831
-0.08 230000 70793 0.307796
-0.04 230400 70917 0.307799
-0.14 230800 71031 0.30776
-0.13 231200 71161 0.30779
-0.125 231600 71290 0.307815
-0.25 232000 71407 0.307789
-0.285 232400 71486 0.307599
-0.265 232800 71580 0.307474
-0.27 233200 71673 0.307346
-0.31 233600 71767 0.307222
-0.35 234000 71869 0.307132
-0.33 234400 71985 0.307103
-0.395 234800 72110 0.307112
-0.4 235200 72219 0.307054
-0.435 235600 72318 0.306952
-0.43 236000 72433 0.306919
-0.395 236400 72534 0.306827
-0.38 236800 72633 0.306727
-0.49 237200 72759 0.306741
-0.575 237600 72852 0.306616
-0.52 238000 72941 0.306475
-0.465 238400 73062 0.306468
-0.45 238800 73175 0.306428
-0.395 239200 73284 0.306371
-0.385 239600 73396 0.306327
-0.41 240000 73505 0.306271
-0.31 240400 73641 0.306327
-0.435 240800 73760 0.306312
-0.435 241200 73900 0.306385
-0.44 241600 74015 0.306353
-0.455 242000 74162 0.306455
-0.445 242400 74276 0.306419
-0.45 242800 74419 0.306503
-0.495 243200 74528 0.306447
-0.495 243600 74620 0.306322
-0.455 244000 74712 0.306197
-0.46 244400 74821 0.306142
-0.535 244800 74894 0.30594
-0.63 245200 74993 0.305844
-0.665 245600 75070 0.30566
-0.665 246000 75156 0.305512
-0.59 246400 75275 0.305499
-0.615 246800 75390 0.30547
-0.58 247200 75503 0.305433
-0.64 247600 75615 0.305392
-0.66 248000 75701 0.305246
-0.715 248400 75768 0.305024
-0.705 248800 75840 0.304823
-0.67 249200 75923 0.304667
-0.68 249600 76003 0.304499
-0.675 250000 76100 0.3044
-0.67 250400 76193 0.304285
-0.64 250800 76291 0.304191
-0.635 251200 76384 0.304076
-0.715 251600 76480 0.303975
-0.655 252000 76578 0.303881
-0.585 252400 76702 0.303891
-0.7 252800 76797 0.303786
-0.625 253200 76884 0.303649
-0.565 253600 77002 0.303636
-0.565 254000 77120 0.303622
-0.515 254400 77222 0.303546
-0.54 254800 77333 0.303505
-0.545 255200 77428 0.303401
-0.505 255600 77552 0.303412
-0.41 256000 77671 0.303402
-0.41 256400 77789 0.303389
-0.435 256800 77910 0.303388
-0.43 257200 78017 0.303332
-0.415 257600 78122 0.303269
-0.375 258000 78236 0.30324
-0.475 258400 78340 0.303173
-0.6 258800 78431 0.303056
-0.585 259200 78518 0.302924
-0.55 259600 78595 0.302754
-0.54 260000 78691 0.302658
-0.51 260400 78807 0.302638
-0.59 260800 78917 0.302596
-0.595 261200 78992 0.30242
-0.51 261600 79079 0.30229
-0.56 262000 79165 0.302156
-0.545 262400 79250 0.30202
-0.595 262800 79352 0.301948
-0.625 263200 79452 0.301869
-0.56 263600 79551 0.301787
-0.615 264000 79650 0.301705
-0.71 264400 79757 0.301653
-0.625 264800 79872 0.301631
-0.655 265200 79960 0.301508
-0.685 265600 80048 0.301386
-0.65 266000 80147 0.301305
-0.65 266400 80261 0.30128
-0.7 266800 80365 0.301218
-0.725 267200 80450 0.301085
-0.705 267600 80526 0.300919
-0.65 268000 80605 0.300765
-0.55 268400 80703 0.300682
-0.58 268800 80811 0.300636
-0.55 269200 80929 0.300628
-0.495 269600 81058 0.30066
-0.465 270000 81170 0.30063
-0.41 270400 81289 0.300625
-0.41 270800 81429 0.300698
-0.43 271200 81549 0.300697
-0.535 271600 81658 0.300655
-0.63 272000 81771 0.300629
-0.555 272400 81904 0.300675
-0.525 272800 82004 0.300601
-0.605 273200 82120 0.300586
-0.7 273600 82205 0.300457
-0.725 274000 82284 0.300307
-0.735 274400 82366 0.300168
-0.73 274800 82435 0.299982
-0.69 275200 82533 0.299902
-0.695 275600 82636 0.29984
-0.725 276000 82742 0.29979
-0.72 276400 82841 0.299714
-0.665 276800 82930 0.299603
-0.66 277200 83031 0.299535
-0.585 277600 83140 0.299496
-0.5 278000 83263 0.299507
-0.595 278400 83378 0.29949
-0.575 278800 83500 0.299498
-0.625 279200 83624 0.299513
-0.62 279600 83737 0.299489
-0.61 280000 83845 0.299446
-0.455 280400 83946 0.299379
-0.45 280800 84047 0.299313
-0.405 281200 84138 0.299211
-0.46 281600 84233 0.299123
-0.51 282000 84313 0.298982
-0.52 282400 84403 0.298877
-0.555 282800 84496 0.298784
-0.59 283200 84597 0.298718
-0.635 283600 84686 0.298611
-0.63 284000 84775 0.298504
-0.59 284400 84869 0.298414
-0.525 284800 84954 0.298294
-0.55 285200 85047 0.298201
-0.49 285600 85153 0.298155
-0.535 286000 85274 0.298161
-0.55 286400 85381 0.298118
-0.53 286800 85495 0.2981
-0.4 287200 85617 0.298109
-0.38 287600 85759 0.298188
-0.435 288000 85862 0.298132
-0.525 288400 85988 0.298155
-0.53 288800 86093 0.298106
-0.545 289200 86232 0.298174
-0.535 289600 86352 0.298177
-0.54 290000 86467 0.298162
-0.5 290400 86569 0.298103
-0.485 290800 86670 0.29804
-0.445 291200 86758 0.297933
-0.49 291600 86845 0.297822
-0.445 292000 86946 0.29776
-0.44 292400 87059 0.297739
-0.44 292800 87155 0.297661
-0.435 293200 87258 0.297606
-0.53 293600 87351 0.297517
-0.58 294000 87439 0.297412
-0.555 294400 87516 0.297269
-0.59 294800 87617 0.297208
-0.5 295200 87715 0.297138
-0.45 295600 87829 0.297121
-0.53 296000 87953 0.297139
-0.555 296400 88068 0.297126
-0.505 296800 88164 0.297049
-0.52 297200 88289 0.297069
-0.535 297600 88394 0.297023
-0.6 298000 88473 0.296889
-0.63 298400 88535 0.296699
-0.6 298800 88617 0.296576
-0.63 299200 88707 0.296481
-0.655 299600 88778 0.296322
-0.73 300000 88855 0.296183
-0.685 300400 88918 0.295999
-0.69 300800 88999 0.295874
-0.635 301200 89078 0.295744
-0.685 301600 89184 0.295703
-0.67 302000 89277 0.295619
-0.615 302400 89356 0.295489
-0.565 302800 89458 0.295436
-0.615 303200 89586 0.295468
-0.66 303600 89675 0.295372
-0.745 304000 89788 0.295355
-0.775 304400 89872 0.295243
-0.73 304800 89961 0.295148
-0.775 305200 90038 0.295013
-0.77 305600 90111 0.294866
-0.855 306000 90182 0.294712
-0.835 306400 90238 0.29451
-0.815 306800 90322 0.2944
-0.79 307200 90387 0.294229
-0.8 307600 90467 0.294106
-0.805 308000 90560 0.294026
-0.75 308400 90651 0.29394
-0.675 308800 90756 0.293899
-0.755 309200 90850 0.293823
-0.79 309600 90925 0.293685
-0.775 310000 91016 0.2936
-0.685 310400 91104 0.293505
-0.71 310800 91183 0.293382
-0.765 311200 91254 0.293233
-0.725 311600 91324 0.293081
-0.735 312000 91410 0.292981
-0.69 312400 91509 0.292923
-0.76 312800 91583 0.292785
-0.775 313200 91646 0.292612
-0.725 313600 91748 0.292564
-0.785 314000 91842 0.29249
-0.77 314400 91907 0.292325
-0.76 314800 91987 0.292208
-0.75 315200 92069 0.292097
-0.695 315600 92154 0.291996
-0.715 316000 92222 0.291842
-0.76 316400 92319 0.291779
-0.835 316800 92396 0.291654
-0.785 317200 92472 0.291526
-0.825 317600 92536 0.29136
-0.765 318000 92616 0.291245
-0.705 318400 92706 0.291162
-0.76 318800 92789 0.291057
-0.76 319200 92863 0.290924
-0.78 319600 92951 0.290835
-0.78 320000 93025 0.290703
-0.795 320400 93100 0.290574
-0.71 320800 93179 0.290458
-0.67 321200 93295 0.290458
-0.73 321600 93395 0.290407
-0.715 322000 93492 0.290348
-0.705 322400 93586 0.290279
-0.66 322800 93681 0.290214
-0.645 323200 93776 0.290149
-0.665 323600 93882 0.290117
-0.65 324000 93979 0.290059
-0.65 324400 94089 0.29004
-0.585 324800 94176 0.289951
-0.495 325200 94290 0.289945
-0.565 325600 94394 0.289908
-0.46 326000 94517 0.289929
-0.45 326400 94645 0.289966
-0.5 326800 94771 0.289997
-0.615 327200 94884 0.289988
-0.66 327600 94995 0.289973
-0.76 328000 95083 0.289887
-0.77 328400 95165 0.289784
-0.775 328800 95232 0.289635
-0.685 329200 95322 0.289557
-0.565 329600 95432 0.289539
-0.445 330000 95542 0.289521
-0.43 330400 95665 0.289543
-0.37 330800 95777 0.289531
-0.4 331200 95921 0.289617
-0.405 331600 96040 0.289626
-0.385 332000 96128 0.289542
-0.35 332400 96223 0.28948
-0.335 332800 96316 0.289411
-0.31 333200 96427 0.289397
-0.315 333600 96520 0.289329
-0.25 334000 96637 0.289332
-0.325 334400 96752 0.28933
-0.345 334800 96856 0.289295
-0.28 335200 96965 0.289275
-0.28 335600 97065 0.289228
-0.29 336000 97175 0.289211
-0.315 336400 97274 0.289162
-0.395 336800 97360 0.289074
-0.405 337200 97450 0.288998
-0.34 337600 97555 0.288966
-0.27 338000 97643 0.288885
-0.255 338400 97768 0.288913
-0.25 338800 97867 0.288864
-0.275 339200 97994 0.288897
-0.32 339600 98111 0.288902
-0.26 340000 98217 0.288874
-0.305 340400 98330 0.288866
-0.335 340800 98430 0.28882
-0.415 341200 98532 0.288781
-0.43 341600 98629 0.288727
-0.455 342000 98732 0.28869
-0.485 342400 98828 0.288633
-0.38 342800 98941 0.288626
-0.37 343200 99043 0.288587
-0.365 343600 99148 0.288556
-0.265 344000 99270 0.288576
-0.315 344400 99406 0.288635
-0.28 344800 99515 0.288617
-0.28 345200 99631 0.288618
-0.275 345600 99760 0.288657
-0.28 346000 99879 0.288668
-0.15 346400 100039 0.288796
-0.15 346800 100175 0.288855
-0.15 347200 100303 0.288891
-0.16 347600 100439 0.28895
-0.21 348000 100571 0.288997
-0.26 348400 100713 0.289073
-0.265 348800 100844 0.289117
-0.16 349200 100987 0.289195
-0.17 349600 101113 0.289225
-0.185 350000 101260 0.289314
-0.165 350400 101406 0.289401
-0.17 350800 101549 0.289478
-0.12 351200 101675 0.289507
-0.135 351600 101810 0.289562
-0.14 352000 101909 0.289514
-0.105 352400 102042 0.289563
-0.1 352800 102193 0.289663
-0.085 353200 102330 0.289723
-0.125 353600 102484 0.28983
-0.115 354000 102642 0.289949
-0.16 354400 102767 0.289975
-0.175 354800 102886 0.289983
-0.26 355200 102993 0.289958
-0.17 355600 103109 0.289958
-0.1 356000 103217 0.289935
-0.165 356400 103346 0.289972
-0.31 356800 103473 0.290003
-0.29 357200 103587 0.289997
-0.31 357600 103707 0.290008
-0.21 358000 103851 0.290087
-0.255 358400 103960 0.290067
-0.23 358800 104057 0.290014
-0.265 359200 104144 0.289933
-0.165 359600 104268 0.289955
-0.155 360000 104382 0.28995
-0.09 360400 104505 0.289969
-0.135 360800 104642 0.290028
-0.185 361200 104766 0.29005
-0.105 361600 104890 0.290072
-0.06 362000 104989 0.290025
-0.045 362400 105114 0.29005
-0.01 362800 105237 0.290069
0.005 363200 105360 0.290088
-0.04 363600 105505 0.290168
0.025 364000 105644 0.290231
-0.015 364400 105784 0.290296
0.035 364800 105914 0.290334
0.01 365200 106093 0.290507
-0.085 365600 106236 0.29058
0.035 366000 106372 0.290634
0.04 366400 106525 0.290734
-0.01 366800 106675 0.290826
0.075 367200 106822 0.29091
0.125 367600 106962 0.290974
0.095 368000 107096 0.291022
0.115 368400 107246 0.291113
0.13 368800 107359 0.291104
0.105 369200 107486 0.291132
0.05 369600 107613 0.291161
0.065 370000 107748 0.291211
0.06 370400 107895 0.291293
0.13 370800 108023 0.291324
0.155 371200 108128 0.291293
0.115 371600 108256 0.291324
0.12 372000 108375 0.291331
0.13 372400 108527 0.291426
0.095 372800 108668 0.291491
0.17 373200 108841 0.291643
0.14 373600 108997 0.291748
0.18 374000 109129 0.291789
0.185 374400 109248 0.291795
0.205 374800 109398 0.291884
0.265 375200 109540 0.291951
0.31 375600 109683 0.292021
0.33 376000 109793 0.292003
0.28 376400 109915 0.292016
0.265 376800 110032 0.292017
0.255 377200 110150 0.29202
0.245 377600 110260 0.292002
0.18 378000 110363 0.291966
0.17 378400 110475 0.291953
0.205 378800 110602 0.29198
0.19 379200 110711 0.291959
0.05 379600 110813 0.29192
0.1 380000 110941 0.29195
0.1 380400 111051 0.291932
0.005 380800 111158 0.291907
-0.03 381200 111263 0.291876
-0.12 381600 111365 0.291837
-0.07 382000 111487 0.291851
-0.1 382400 111581 0.291791
-0.075 382800 111692 0.291776
-0.09 383200 111811 0.291782
-0.185 383600 111912 0.291741
-0.175 384000 112042 0.291776
-0.105 384400 112180 0.291831
-0.08 384800 112345 0.291957
-0.07 385200 112487 0.292022
-0.08 385600 112663 0.292176
-0.11 386000 112823 0.292288
-0.24 386400 113007 0.292461
-0.28 386800 113141 0.292505
-0.29 387200 113281 0.292565
-0.345 387600 113408 0.29259
-0.36 388000 113535 0.292616
-0.315 388400 113646 0.2926
-0.35 388800 113759 0.29259
-0.4 389200 113877 0.292592
-0.41 389600 113999 0.292605
-0.38 390000 114117 0.292608
-0.44 390400 114239 0.29262
-0.44 390800 114363 0.292638
-0.415 391200 114496 0.292679
-0.36 391600 114619 0.292694
-0.38 392000 114741 0.292707
-0.3 392400 114859 0.292709
-0.33 392800 114981 0.292721
-0.32 393200 115095 0.292714
-0.345 393600 115212 0.292713
-0.375 394000 115334 0.292726
-0.425 394400 115452 0.292728
-0.405 394800 115578 0.292751
-0.43 395200 115701 0.292766
-0.5 395600 115811 0.292748
-0.53 396000 115903 0.292684
-0.53 396400 115999 0.292631
-0.49 396800 116095 0.292578
-0.5 397200 116199 0.292545
-0.475 397600 116296 0.292495
-0.43 398000 116401 0.292465
-0.425 398400 116504 0.29243
-0.505 398800 116620 0.292427
-0.45 399200 116743 0.292442
-0.375 399600 116882 0.292497
-0.25 400000 117019 0.292547
