--------------------------
0  | 0 0 0 0 0 0 0 0 0 0 0 0 0 0 0 0 0 0 0 0  | 0 
-  | - - - - - - - - - - - - - - - - - - - -  | -
0  | 0 0 0 0 0 0 0 0 0 0 0 0 0 0 0 0 0 0 0 0  | 0 
0  | 0 0 0 0 0 0 0 0 0 0 0 0 0 0 0 0 0 0 0 0  | 0 
0  | 0 0 0 0 0 0 0 0 0 0 0 0 0 0 0 0 0 0 0 0  | 0 
0  | 0 0 0 0 0 0 0 0 0 0 0 0 0 0 0 0 0 0 0 0  | 0 
0  | 0 0 0 0 0 0 0 0 0 0 0 0 0 0 0 0 0 0 0 0  | 0 
0  | 0 0 0 0 0 0 0 0 0 0 0 0 0 0 0 0 0 0 0 0  | 0 
0  | 0 0 0 0 0 0 0 0 0 0 0 0 0 0 0 0 0 0 0 0  | 0 
0  | 0 0 0 0 0 0 0 0 0 0 0 0 0 0 0 0 0 0 0 0  | 0 
0  | 0 0 0 0 0 0 0 0 0 0 0 0 0 0 0 0 0 0 0 0  | 0 
0  | 0 0 0 0 0 0 0 0 0 0 0 0 0 0 0 0 0 0 0 0  | 0 
0  | 0 0 0 0 0 0 0 0 0 0 0 0 0 0 0 0 0 0 0 0  | 0 
0  | 0 0 0 0 0 0 0 0 0 0 0 0 0 0 0 0 0 0 0 0  | 0 
0  | 0 0 0 0 0 0 0 0 0 0 0 0 0 0 0 0 0 0 0 0  | 0 
0  | 0 0 0 0 0 0 0 0 0 0 0 0 0 0 0 0 0 0 0 0  | 0 
0  | 0 0 0 0 0 0 0 0 0 0 0 0 0 0 0 0 0 0 0 0  | 0 
0  | 0 0 0 0 0 0 0 0 0 0 0 0 0 0 0 0 0 0 0 0  | 0 
0  | 0 0 0 0 0 0 0 0 0 0 0 0 0 0 0 0 0 0 0 0  | 0 
0  | 0 0 0 0 0 0 0 0 0 0 0 0 0 0 0 0 0 0 0 0  | 0 
0  | 0 0 0 0 0 0 0 0 0 0 0 0 0 0 0 0 0 0 0 0  | 0 
0  | 0 0 0 0 0 0 0 0 0 0 0 0 0 0 0 0 0 0 0 0  | 0 
-  | - - - - - - - - - - - - - - - - - - - -  | -
0  | 0 0 0 0 0 0 0 0 0 0 0 0 0 0 0 0 0 0 0 0  | 0 
--------------------------
--------------------------
0  | 1 3 3 1 3 3 1 3 1 3 3 3 1 3 3 1 3 1 1 1  | 0 
-  | - - - - - - - - - - - - - - - - - - - -  | -
3  | 3 3 3 1 1 1 3 3 1 3 3 1 3 1 1 3 1 3 3 3  | 3 
3  | 3 3 3 3 3 1 3 1 3 3 1 1 3 3 1 3 3 3 3 3  | 3 
1  | 3 1 1 3 1 1 1 3 3 3 3 3 1 1 1 1 1 3 1 1  | 3 
3  | 1 1 1 3 1 3 3 1 1 1 3 1 3 3 3 1 1 1 3 3  | 1 
1  | 1 1 3 3 1 3 3 3 3 1 3 1 3 1 3 3 3 3 3 1  | 1 
3  | 1 3 1 3 3 1 3 3 1 3 3 3 1 1 1 3 1 1 1 3  | 1 
1  | 1 1 3 1 1 3 1 3 3 1 1 3 1 1 3 3 3 1 3 1  | 1 
1  | 1 3 3 1 1 3 3 1 3 1 1 1 1 3 3 3 1 3 3 1  | 1 
3  | 3 3 3 3 3 1 3 3 3 3 3 1 1 1 1 1 1 1 3 3  | 3 
3  | 1 3 1 3 1 3 1 3 3 3 3 3 3 3 3 3 3 1 1 3  | 1 
1  | 1 3 3 1 1 1 3 1 1 1 1 3 3 1 3 1 1 1 3 1  | 1 
1  | 1 3 3 3 1 1 1 1 3 1 1 3 1 3 1 1 1 3 1 1  | 1 
3  | 3 3 1 3 3 1 3 1 1 3 3 1 3 1 1 1 3 1 3 3  | 3 
3  | 3 3 3 3 3 3 1 3 3 3 1 3 1 3 1 1 3 1 3 3  | 3 
3  | 1 1 1 3 3 1 1 3 3 3 1 1 1 1 1 3 3 3 3 3  | 1 
3  | 1 3 1 1 1 3 3 3 3 1 3 1 1 3 1 1 1 1 3 3  | 1 
1  | 3 1 1 1 1 3 1 3 1 3 1 1 1 3 3 3 1 3 1 1  | 3 
3  | 3 3 3 1 3 3 1 1 3 1 3 3 1 3 1 1 1 1 1 3  | 3 
1  | 3 3 1 1 1 3 3 3 3 3 3 1 3 1 3 3 1 1 3 1  | 3 
1  | 1 3 3 1 3 3 1 3 1 3 3 3 1 3 3 1 3 1 1 1  | 1 
-  | - - - - - - - - - - - - - - - - - - - -  | -
0  | 3 3 3 1 1 1 3 3 1 3 3 1 3 1 1 3 1 3 3 3  | 0 
--------------------------
-0.005 400 302 0.755
0.01 800 561 0.70125
0.035 1200 834 0.695
-0.04 1600 1091 0.681875
0.065 2000 1338 0.669
-0.085 2400 1608 0.67
-0.145 2800 1858 0.663571
-0.1 3200 2115 0.660937
-0.13 3600 2393 0.664722
-0.05 4000 2677 0.66925
-0.14 4400 2963 0.673409
0.025 4800 3228 0.6725
-0.02 5200 3485 0.670192
-0.015 5600 3722 0.664643
0.005 6000 3998 0.666333
0.065 6400 4262 0.665937
0.07 6800 4529 0.666029
0.105 7200 4786 0.664722
0.025 7600 5054 0.665
-0.02 8000 5311 0.663875
-0.005 8400 5570 0.663095
0.125 8800 5840 0.663636
0.18 9200 6109 0.664022
0.26 9600 6369 0.663437
0.13 10000 6623 0.6623
0.02 10400 6883 0.661827
0.015 10800 7142 0.661296
0.04 11200 7391 0.659911
0.13 11600 7645 0.659052
0.02 12000 7897 0.658083
-0.04 12400 8199 0.66121
-0.15 12800 8471 0.661797
-0.03 13200 8773 0.664621
-0.095 13600 9042 0.664853
0 14000 9317 0.6655
-0.085 14400 9558 0.66375
-0.065 14800 9846 0.66527
-0.14 15200 10121 0.665855
-0.045 15600 10398 0.666538
-0.005 16000 10684 0.66775
0.03 16400 10977 0.669329
-0.07 16800 11245 0.669345
-0.02 17200 11525 0.670058
0.03 17600 11793 0.670057
-0.07 18000 12061 0.670056
0.035 18400 12326 0.669891
0 18800 12619 0.671223
0.075 19200 12880 0.670833
0.085 19600 13154 0.671122
0.08 20000 13401 0.67005
-0.045 20400 13652 0.669216
-0.12 20800 13923 0.669375
-0.1 21200 14211 0.67033
-0.105 21600 14482 0.670463
-0.005 22000 14754 0.670636
-0.03 22400 15027 0.670848
-0.085 22800 15286 0.670439
-0.115 23200 15548 0.670172
-0.095 23600 15818 0.670254
0.02 24000 16107 0.671125
0.04 24400 16397 0.672008
-0.03 24800 16657 0.671653
0.065 25200 16922 0.671508
0.1 25600 17187 0.671367
0.055 26000 17458 0.671462
0.075 26400 17720 0.671212
-0.07 26800 17979 0.670858
-0.1 27200 18241 0.670625
-0.145 27600 18510 0.670652
-0.035 28000 18786 0.670929
0.1 28400 19063 0.671232
0.135 28800 19332 0.67125
0.05 29200 19621 0.671952
0 29600 19895 0.672128
-0.04 30000 20169 0.6723
-0.055 30400 20444 0.6725
0.04 30800 20713 0.6725
-0.06 31200 20989 0.672724
-0.09 31600 21277 0.673323
-0.07 32000 21541 0.673156
-0.065 32400 21792 0.672593
-0.01 32800 22055 0.672409
0.015 33200 22330 0.67259
-0.025 33600 22618 0.673155
-0.08 34000 22893 0.673324
0.04 34400 23163 0.673343
0.085 34800 23442 0.673621
0.02 35200 23725 0.674006
-0.055 35600 23998 0.674101
0.175 36000 24260 0.673889
0.195 36400 24516 0.673517
0.125 36800 24774 0.673207
0.135 37200 25026 0.672742
0.205 37600 25294 0.672713
-0.01 38000 25551 0.672395
-0.015 38400 25826 0.672552
-0.005 38800 26102 0.672732
-0.09 39200 26383 0.673036
-0.1 39600 26655 0.673106
0.1 40000 26937 0.673425
0.05 40400 27195 0.673144
0.085 40800 27480 0.673529
0.02 41200 27765 0.673908
0.005 41600 28026 0.673702
-0.035 42000 28292 0.673619
-0.16 42400 28563 0.673656
-0.085 42800 28806 0.673037
-0.085 43200 29050 0.672454
-0.11 43600 29307 0.672179
-0.075 44000 29570 0.672045
-0.035 44400 29848 0.672252
0.07 44800 30113 0.672165
0.13 45200 30379 0.672102
-0.045 45600 30666 0.6725
0.01 46000 30929 0.67237
-0.01 46400 31181 0.672004
-0.03 46800 31457 0.672158
-0.005 47200 31730 0.672246
0 47600 32015 0.672584
-0.04 48000 32287 0.672646
-0.065 48400 32560 0.672727
0.015 48800 32848 0.673115
0 49200 33125 0.673272
0.065 49600 33400 0.673387
0.01 50000 33665 0.6733
-0.025 50400 33922 0.673056
-0.03 50800 34199 0.673209
0.035 51200 34476 0.673359
0.125 51600 34768 0.673798
0.16 52000 35045 0.673942
0.18 52400 35321 0.674065
0.085 52800 35602 0.67428
0.035 53200 35874 0.674323
-0.025 53600 36150 0.67444
-0.055 54000 36446 0.674926
-0.075 54400 36728 0.675147
-0.08 54800 36981 0.674836
0.07 55200 37259 0.674982
0.115 55600 37530 0.675
0.12 56000 37795 0.674911
0.105 56400 38080 0.675177
-0.005 56800 38332 0.674859
-0.135 57200 38588 0.674615
0.035 57600 38844 0.674375
-0.09 58000 39097 0.674086
-0.075 58400 39374 0.674212
-0.025 58800 39630 0.67398
-0.035 59200 39890 0.673818
-0.015 59600 40170 0.673993
-0.005 60000 40428 0.6738
-0.01 60400 40699 0.673824
-0.05 60800 40977 0.673964
-0.075 61200 41212 0.673399
-0.015 61600 41476 0.673312
0.03 62000 41755 0.673468
0 62400 42033 0.673606
-0.065 62800 42318 0.673854
0.065 63200 42610 0.674209
0.185 63600 42892 0.674403
0.11 64000 43177 0.674641
0.12 64400 43441 0.67455
0.09 64800 43715 0.674614
0.13 65200 43983 0.674586
0.04 65600 44245 0.674466
0.115 66000 44524 0.674606
0.05 66400 44789 0.674533
0.04 66800 45061 0.674566
0.125 67200 45340 0.674702
-0.02 67600 45621 0.674867
-0.005 68000 45890 0.674853
-0.025 68400 46148 0.674678
0.11 68800 46421 0.674724
0.075 69200 46710 0.675
-0.01 69600 46965 0.674784
0.025 70000 47232 0.674743
0.015 70400 47494 0.674631
0.065 70800 47766 0.674661
-0.175 71200 48066 0.675084
-0.115 71600 48346 0.675223
-0.04 72000 48611 0.675153
0.045 72400 48872 0.675028
-0.01 72800 49157 0.675234
0.055 73200 49420 0.675137
0.075 73600 49684 0.675054
0.07 74000 49949 0.674986
0.12 74400 50217 0.67496
0.015 74800 50486 0.674947
0.05 75200 50765 0.675066
0.23 75600 51047 0.675225
0.04 76000 51313 0.675171
-0.02 76400 51575 0.675065
-0.065 76800 51848 0.675104
-0.02 77200 52119 0.675117
-0.07 77600 52385 0.675064
-0.015 78000 52656 0.675077
0.11 78400 52937 0.675217
0.055 78800 53214 0.675305
0.08 79200 53491 0.675391
0.02 79600 53767 0.675465
0.06 80000 54037 0.675462
0.14 80400 54303 0.67541
0.175 80800 54564 0.675297
0.18 81200 54841 0.675382
0.09 81600 55123 0.675527
-0.015 82000 55402 0.675634
0.05 82400 55685 0.675789
0.07 82800 55973 0.676002
0.085 83200 56230 0.675841
0.02 83600 56501 0.675849
0.165 84000 56772 0.675857
0.12 84400 57065 0.676126
-0.005 84800 57334 0.676108
-0.045 85200 57584 0.675869
-0.035 85600 57850 0.675818
-0.11 86000 58127 0.675895
-0.22 86400 58415 0.6761
-0.09 86800 58703 0.676302
-0.065 87200 58972 0.676284
-0.1 87600 59229 0.67613
-0.155 88000 59474 0.675841
-0.05 88400 59741 0.675803
-0.13 88800 60031 0.676025
-0.11 89200 60293 0.675931
0.035 89600 60558 0.675871
0.13 90000 60835 0.675944
0.14 90400 61105 0.67594
0.015 90800 61386 0.676057
-0.045 91200 61674 0.67625
0.02 91600 61957 0.676386
-0.005 92000 62226 0.67637
0.015 92400 62514 0.676558
0.025 92800 62800 0.676724
0.11 93200 63047 0.67647
0.11 93600 63309 0.676378
0.035 94000 63552 0.676085
-0.005 94400 63822 0.676081
0.025 94800 64086 0.676013
-0.025 95200 64340 0.67584
-0.03 95600 64593 0.675659
0.055 96000 64884 0.675875
-0.02 96400 65165 0.675985
0.125 96800 65454 0.676178
0.21 97200 65691 0.675833
0.1 97600 65947 0.675686
0.085 98000 66208 0.675592
0.115 98400 66490 0.675711
0.145 98800 66760 0.675708
0.095 99200 67044 0.675847
-0.04 99600 67337 0.676074
-0.05 100000 67603 0.67603
0.02 100400 67887 0.676165
-0.11 100800 68159 0.676181
-0.09 101200 68429 0.676176
-0.1 101600 68715 0.676329
-0.08 102000 68989 0.676363
-0.08 102400 69249 0.67626
0.01 102800 69523 0.676294
0.075 103200 69804 0.676395
0.145 103600 70062 0.676274
-0.06 104000 70325 0.676202
-0.05 104400 70593 0.676178
0.02 104800 70873 0.676269
0.075 105200 71138 0.676217
0.06 105600 71411 0.676241
0.045 106000 71672 0.676151
-0.07 106400 71951 0.676231
-0.03 106800 72237 0.676376
0.04 107200 72511 0.676409
0.05 107600 72777 0.676366
0.03 108000 73055 0.676435
0.045 108400 73310 0.676292
0.005 108800 73584 0.676324
0.03 109200 73853 0.67631
-0.005 109600 74110 0.676186
0.005 110000 74392 0.676291
0.115 110400 74642 0.676105
0.015 110800 74922 0.676191
0.065 111200 75190 0.676169
-0.095 111600 75464 0.676201
0.02 112000 75741 0.676259
-0.04 112400 76009 0.676237
-0.02 112800 76283 0.676268
0.01 113200 76583 0.676528
-0.005 113600 76858 0.676567
-0.03 114000 77161 0.676851
0.09 114400 77443 0.676949
-0.02 114800 77697 0.676803
0 115200 77979 0.676901
0.04 115600 78269 0.677067
0.01 116000 78549 0.677147
-0.07 116400 78819 0.677139
0.005 116800 79074 0.677003
0.075 117200 79340 0.676962
0.08 117600 79609 0.676947
-0.07 118000 79887 0.677008
0.015 118400 80166 0.677078
-0.025 118800 80428 0.677003
0.06 119200 80699 0.677005
0.125 119600 80974 0.67704
0.055 120000 81274 0.677283
0.07 120400 81563 0.677434
-0.24 120800 81843 0.677508
-0.28 121200 82099 0.677384
-0.19 121600 82363 0.677327
-0.08 122000 82645 0.677418
-0.04 122400 82921 0.677459
-0.085 122800 83200 0.677524
-0.09 123200 83479 0.677589
-0.11 123600 83743 0.677532
-0.12 124000 83997 0.677395
0.06 124400 84271 0.67742
0.15 124800 84537 0.67738
0.205 125200 84802 0.677332
0.08 125600 85053 0.677174
0.1 126000 85335 0.677262
-0.06 126400 85613 0.677318
0.03 126800 85865 0.677169
0.06 127200 86147 0.677256
0.055 127600 86420 0.677273
0.155 128000 86682 0.677203
0.2 128400 86951 0.677188
0.13 128800 87233 0.677275
0.015 129200 87494 0.677198
-0.13 129600 87735 0.676968
-0.15 130000 87983 0.676792
-0.135 130400 88218 0.676518
-0.015 130800 88494 0.67656
-0.02 131200 88761 0.676532
0.065 131600 89042 0.676611
0.105 132000 89302 0.67653
0.065 132400 89596 0.676707
0.025 132800 89882 0.676822
-0.08 133200 90177 0.677005
-0.01 133600 90453 0.677043
-0.05 134000 90713 0.676963
-0.03 134400 90971 0.676868
-0.015 134800 91256 0.676973
0.015 135200 91538 0.677056
-0.04 135600 91807 0.677043
-0.04 136000 92075 0.677022
-0.16 136400 92343 0.677001
-0.08 136800 92603 0.676923
-0.11 137200 92869 0.676888
-0.11 137600 93153 0.676984
-0.12 138000 93421 0.676964
-0.115 138400 93714 0.677124
-0.155 138800 93990 0.677161
-0.14 139200 94259 0.677148
-0.2 139600 94523 0.677099
-0.2 140000 94791 0.677079
-0.125 140400 95052 0.677009
0.035 140800 95338 0.677116
-0.005 141200 95616 0.677167
-0.09 141600 95895 0.677225
-0.09 142000 96173 0.677275
-0.015 142400 96434 0.677205
-0.035 142800 96720 0.677311
-0.015 143200 96988 0.67729
-0.03 143600 97277 0.677416
-0.005 144000 97572 0.677583
-0.005 144400 97838 0.677548
-0.01 144800 98109 0.677548
0.04 145200 98393 0.677638
-0.04 145600 98679 0.67774
-0.13 146000 98933 0.677623
-0.145 146400 99190 0.677527
-0.155 146800 99462 0.677534
-0.14 147200 99729 0.677507
0.015 147600 100002 0.67752
-0.175 148000 100270 0.6775
-0.105 148400 100528 0.677412
-0.13 148800 100797 0.677399
-0.1 149200 101085 0.677513
-0.065 149600 101354 0.6775
0.015 150000 101642 0.677613
-0.04 150400 101913 0.677613
0.025 150800 102198 0.677706
0.03 151200 102471 0.677718
0.05 151600 102731 0.677645
0.1 152000 103017 0.677743
0.02 152400 103295 0.677789
0.095 152800 103566 0.677788
-0.005 153200 103826 0.677715
-0.005 153600 104092 0.677682
0.115 154000 104372 0.67774
-0.015 154400 104654 0.677811
-0.005 154800 104942 0.67792
0.035 155200 105226 0.678003
0.025 155600 105520 0.678149
-0.005 156000 105796 0.67818
0.005 156400 106066 0.678171
-0.085 156800 106328 0.678112
-0.03 157200 106603 0.678136
0.095 157600 106882 0.678185
0.195 158000 107136 0.678076
0.105 158400 107400 0.67803
0.115 158800 107654 0.677922
0.24 159200 107921 0.677896
0.205 159600 108188 0.67787
0.12 160000 108455 0.677844
0.095 160400 108718 0.677793
-0.005 160800 108968 0.677662
0.03 161200 109233 0.677624
0.08 161600 109497 0.67758
0.05 162000 109771 0.677599
0.065 162400 110066 0.677746
-0.07 162800 110345 0.677795
0.025 163200 110620 0.677819
0.065 163600 110902 0.677885
0.055 164000 111190 0.677988
-0.03 164400 111469 0.678035
0.035 164800 111748 0.678083
0.015 165200 112010 0.678027
0.095 165600 112272 0.677971
0.01 166000 112557 0.678054
0 166400 112827 0.678047
0.055 166800 113106 0.678094
-0.005 167200 113368 0.678038
-0.005 167600 113636 0.678019
0.015 168000 113914 0.67806
-0.01 168400 114173 0.677987
0.015 168800 114430 0.677903
0.1 169200 114699 0.67789
0.125 169600 114994 0.678031
0.07 170000 115269 0.678053
0.045 170400 115542 0.678063
-0.13 170800 115819 0.678097
-0.155 171200 116100 0.678154
-0.08 171600 116359 0.678083
0.03 172000 116647 0.67818
-0.055 172400 116908 0.678121
0.01 172800 117175 0.678096
-0.015 173200 117438 0.678048
0.02 173600 117723 0.678128
-0.035 174000 118000 0.678161
-0.07 174400 118265 0.678125
-0.055 174800 118544 0.678169
0 175200 118817 0.678179
0.01 175600 119097 0.678229
-0.015 176000 119380 0.678295
0.075 176400 119650 0.678288
0.055 176800 119922 0.678292
0.11 177200 120195 0.678301
0.08 177600 120471 0.678328
0.015 178000 120736 0.678292
0.09 178400 121021 0.678369
0.135 178800 121290 0.678356
0.235 179200 121560 0.678348
0.18 179600 121809 0.678224
0.045 180000 122090 0.678278
0.02 180400 122371 0.678331
0.045 180800 122656 0.678407
0 181200 122913 0.678328
0.015 181600 123166 0.678227
0.025 182000 123438 0.678231
-0.06 182400 123705 0.678207
-0.1 182800 123987 0.678266
-0.1 183200 124249 0.678215
-0.115 183600 124536 0.678301
-0.07 184000 124815 0.678342
-0.085 184400 125084 0.67833
-0.045 184800 125348 0.67829
0.005 185200 125610 0.67824
-0.065 185600 125878 0.678222
0.065 186000 126130 0.678118
0.085 186400 126386 0.678036
0.04 186800 126647 0.677982
-0.115 187200 126918 0.677981
-0.045 187600 127172 0.677889
0.02 188000 127441 0.677878
0.18 188400 127717 0.677903
0.035 188800 127982 0.677871
0.185 189200 128248 0.677844
0.12 189600 128507 0.67778
0.17 190000 128767 0.677721
0.155 190400 129020 0.677626
0.215 190800 129278 0.677558
0.16 191200 129541 0.677516
0.135 191600 129826 0.677589
0.065 192000 130088 0.677542
0.15 192400 130357 0.677531
0.135 192800 130624 0.67751
0.05 193200 130915 0.677614
0.035 193600 131204 0.677707
0.16 194000 131481 0.677737
0.175 194400 131740 0.677675
0.14 194800 132003 0.677633
-0.035 195200 132284 0.677684
0.025 195600 132554 0.677679
-0.025 196000 132808 0.677592
-0.005 196400 133084 0.677617
-0.11 196800 133345 0.677566
-0.06 197200 133643 0.677703
0.01 197600 133913 0.677697
0.05 198000 134173 0.677641
0.095 198400 134460 0.677722
0.08 198800 134745 0.677792
0.085 199200 135026 0.677841
-0.01 199600 135287 0.677791
-0.045 200000 135548 0.67774
0.12 200400 135833 0.677809
0.01 200800 136113 0.677854
-0.01 201200 136387 0.677868
0.075 201600 136658 0.677867
-0.03 202000 136933 0.677886
0.04 202400 137213 0.67793
-0.04 202800 137479 0.677904
-0.025 203200 137746 0.677884
-0.025 203600 138018 0.677888
-0.015 204000 138300 0.677941
-0.095 204400 138550 0.677838
-0.125 204800 138794 0.677705
0.01 205200 139079 0.677773
0.075 205600 139360 0.677821
0.06 206000 139627 0.677801
0.045 206400 139904 0.677829
-0.005 206800 140164 0.677776
-0.06 207200 140429 0.677746
-0.21 207600 140709 0.677789
-0.145 208000 140976 0.677769
-0.055 208400 141244 0.677754
-0.12 208800 141505 0.677706
-0.025 209200 141764 0.677648
0.01 209600 142023 0.677591
-0.005 210000 142296 0.6776
0.035 210400 142588 0.6777
0.05 210800 142863 0.677718
-0.005 211200 143158 0.677831
0.015 211600 143412 0.67775
0.025 212000 143702 0.67784
0.045 212400 143980 0.677872
0.02 212800 144235 0.677796
-0.01 213200 144503 0.677781
0.15 213600 144775 0.677786
0.085 214000 145050 0.677804
0.025 214400 145356 0.677966
0.005 214800 145660 0.678119
0.055 215200 145938 0.678151
-0.035 215600 146216 0.678182
-0.08 216000 146487 0.678181
0.1 216400 146773 0.678249
0.04 216800 147043 0.678243
-0.04 217200 147309 0.678218
-0.02 217600 147573 0.678185
-0.005 218000 147860 0.678257
-0.045 218400 148144 0.678315
0.01 218800 148429 0.678378
-0.08 219200 148689 0.678326
-0.005 219600 148950 0.678279
-0.055 220000 149226 0.6783
-0.035 220400 149504 0.67833
-0.1 220800 149769 0.678302
-0.075 221200 150044 0.678318
-0.025 221600 150300 0.678249
-0.02 222000 150583 0.678302
-0.085 222400 150854 0.6783
-0.035 222800 151130 0.678321
-0.1 223200 151405 0.678338
-0.005 223600 151670 0.67831
-0.06 224000 151961 0.678397
-0.005 224400 152232 0.678396
-0.035 224800 152504 0.678399
-0.035 225200 152776 0.678401
-0.195 225600 153044 0.678387
-0.06 226000 153339 0.678491
-0.015 226400 153628 0.678569
0.04 226800 153911 0.67862
0.005 227200 154168 0.678556
-0.06 227600 154461 0.678651
-0.125 228000 154736 0.678667
-0.04 228400 155029 0.678761
-0.02 228800 155295 0.678737
-0.1 229200 155605 0.678905
0.025 229600 155902 0.679016
-0.055 230000 156180 0.679043
-0.105 230400 156460 0.67908
-0.095 230800 156736 0.679099
0.07 231200 157005 0.679087
0.08 231600 157269 0.679054
0.035 232000 157520 0.678966
-0.015 232400 157822 0.679096
0.04 232800 158105 0.679145
-0.03 233200 158397 0.679232
-0.045 233600 158654 0.67917
-0.16 234000 158909 0.679098
-0.075 234400 159192 0.679147
-0.03 234800 159483 0.679229
0.06 235200 159743 0.679179
-0.09 235600 160001 0.679121
-0.025 236000 160278 0.679144
0.03 236400 160553 0.679158
0 236800 160841 0.679227
0.045 237200 161124 0.679275
0.025 237600 161402 0.679301
0.02 238000 161657 0.679231
0.075 238400 161940 0.679279
-0.005 238800 162230 0.679355
0.015 239200 162510 0.67939
0.015 239600 162788 0.679416
0.01 240000 163063 0.679429
0.125 240400 163350 0.679493
0.08 240800 163631 0.679531
0.05 241200 163899 0.679515
-0.01 241600 164165 0.679491
0.07 242000 164411 0.679384
0.11 242400 164665 0.679311
0.075 242800 164920 0.679242
-0.015 243200 165194 0.679252
-0.015 243600 165458 0.67922
-0.055 244000 165742 0.679271
-0.03 244400 166055 0.679439
-0.07 244800 166313 0.679383
-0.15 245200 166573 0.679335
-0.115 245600 166830 0.679275
-0.015 246000 167094 0.679244
-0.13 246400 167349 0.679176
-0.01 246800 167637 0.679242
-0.055 247200 167916 0.679272
-0.01 247600 168181 0.679245
0.03 248000 168441 0.679198
-0.055 248400 168728 0.679259
0.05 248800 169007 0.679289
-0.05 249200 169293 0.679346
-0.095 249600 169596 0.679471
0.02 250000 169873 0.679492
-0.06 250400 170141 0.679477
-0.075 250800 170430 0.679545
-0.035 251200 170710 0.679578
-0.015 251600 170974 0.679547
0.02 252000 171195 0.679345
0.065 252400 171440 0.679239
0.06 252800 171695 0.679173
-0.05 253200 171965 0.679167
-0.1 253600 172255 0.679239
-0.04 254000 172539 0.679287
0.04 254400 172833 0.679375
0.05 254800 173115 0.679415
-0.06 255200 173389 0.679424
0.02 255600 173671 0.679464
-0.03 256000 173953 0.679504
-0.125 256400 174230 0.679524
-0.005 256800 174496 0.679502
-0.005 257200 174764 0.679487
-0.035 257600 175044 0.679519
0.005 258000 175318 0.679527
-0.08 258400 175601 0.67957
0.12 258800 175871 0.679563
0.11 259200 176153 0.679603
0.175 259600 176418 0.679576
0.01 260000 176695 0.679596
0.075 260400 176980 0.679647
0.1 260800 177243 0.679613
-0.045 261200 177510 0.679594
-0.07 261600 177781 0.679591
-0.065 262000 178038 0.679534
0.01 262400 178305 0.679516
-0.1 262800 178551 0.679418
-0.025 263200 178816 0.679392
-0.12 263600 179087 0.679389
-0.11 264000 179357 0.679383
-0.08 264400 179615 0.679331
0.025 264800 179884 0.67932
-0.1 265200 180161 0.67934
-0.045 265600 180436 0.679352
-0.195 266000 180698 0.679316
-0.1 266400 180959 0.679276
-0.025 266800 181216 0.67922
0.04 267200 181489 0.679225
0.13 267600 181757 0.679211
0.11 268000 181995 0.679086
0.04 268400 182257 0.67905
0.035 268800 182518 0.67901
0.075 269200 182798 0.679042
-0.025 269600 183048 0.678961
-0.02 270000 183325 0.678981
-0.04 270400 183601 0.678998
-0.01 270800 183873 0.678999
0.035 271200 184144 0.678997
0.025 271600 184404 0.678954
-0.005 272000 184644 0.678838
-0.095 272400 184894 0.678759
-0.05 272800 185145 0.678684
-0.025 273200 185378 0.678543
-0.03 273600 185645 0.678527
0.04 274000 185939 0.678609
0.015 274400 186220 0.678644
-0.05 274800 186495 0.678657
-0.08 275200 186751 0.678601
-0.04 275600 187025 0.67861
-0.115 276000 187294 0.678601
-0.055 276400 187572 0.678625
0.01 276800 187849 0.678645
0.015 277200 188152 0.678759
-0.01 277600 188439 0.678815
-0.005 278000 188732 0.678892
-0.065 278400 189014 0.67893
0.055 278800 189282 0.678917
0.095 279200 189546 0.67889
0.085 279600 189810 0.678863
0.02 280000 190071 0.678825
0.01 280400 190349 0.678848
0.085 280800 190628 0.678875
-0.005 281200 190908 0.678905
0.02 281600 191189 0.678938
-0.02 282000 191461 0.67894
-0.11 282400 191727 0.67892
-0.045 282800 192006 0.678946
-0.085 283200 192274 0.678934
-0.045 283600 192564 0.678999
0.075 284000 192848 0.679042
-0.02 284400 193133 0.679089
-0.01 284800 193415 0.679126
0.045 285200 193702 0.67918
0.085 285600 193984 0.679216
0.015 286000 194240 0.679161
0.095 286400 194498 0.679113
0.075 286800 194768 0.679107
0.055 287200 195048 0.679137
0.035 287600 195330 0.679172
0.085 288000 195616 0.679222
0.09 288400 195891 0.679234
-0.025 288800 196182 0.679301
0.01 289200 196437 0.679243
0.08 289600 196711 0.679251
0.07 290000 196979 0.679238
-0.025 290400 197240 0.679201
0.03 290800 197505 0.679178
0.01 291200 197753 0.679097
0.005 291600 198006 0.679033
0.115 292000 198270 0.679007
0.03 292400 198547 0.679025
-0.005 292800 198824 0.679044
0.01 293200 199099 0.679055
0.115 293600 199370 0.679053
0.16 294000 199635 0.679031
0.05 294400 199927 0.6791
-0.015 294800 200214 0.679152
-0.02 295200 200489 0.679163
-0.075 295600 200764 0.679175
-0.01 296000 201025 0.679139
-0.095 296400 201286 0.679103
-0.035 296800 201560 0.679111
-0.075 297200 201820 0.679071
-0.11 297600 202103 0.67911
-0.085 298000 202410 0.679228
-0.115 298400 202674 0.679202
-0.055 298800 202904 0.679063
0.11 299200 203185 0.679094
0.105 299600 203468 0.679132
0.08 300000 203745 0.67915
0.09 300400 204031 0.679198
0.09 300800 204309 0.679219
-0.025 301200 204580 0.679216
-0.02 301600 204857 0.679234
-0.09 302000 205123 0.679215
-0.08 302400 205391 0.679203
-0.1 302800 205653 0.679171
-0.02 303200 205939 0.679218
-0.05 303600 206219 0.679246
-0.07 304000 206493 0.679253
-0.115 304400 206738 0.679166
-0.115 304800 207010 0.679167
-0.17 305200 207269 0.679125
-0.155 305600 207508 0.679018
-0.035 306000 207770 0.678987
0.1 306400 208051 0.679018
0.19 306800 208313 0.678986
0.13 307200 208603 0.679046
0.115 307600 208870 0.679031
0.1 308000 209143 0.679036
0.02 308400 209419 0.67905
-0.005 308800 209706 0.6791
-0.06 309200 209985 0.679124
0.065 309600 210254 0.679115
-0.09 310000 210511 0.679068
0.02 310400 210771 0.67903
-0.15 310800 211053 0.679064
-0.175 311200 211340 0.679113
-0.195 311600 211620 0.67914
-0.26 312000 211887 0.679125
-0.165 312400 212150 0.679097
-0.1 312800 212429 0.679121
-0.055 313200 212702 0.679125
0.015 313600 212962 0.679088
0.115 314000 213228 0.67907
0.06 314400 213483 0.679017
0.1 314800 213741 0.678974
0.005 315200 213982 0.678877
0.065 315600 214218 0.678764
0.145 316000 214470 0.678703
0.125 316400 214746 0.678717
0.13 316800 215023 0.678734
0.09 317200 215277 0.678679
0.085 317600 215550 0.678684
-0.015 318000 215822 0.678686
0.075 318400 216110 0.678737
-0.015 318800 216414 0.678839
0.015 319200 216692 0.67886
0.045 319600 216964 0.678861
0.13 320000 217239 0.678872
0.18 320400 217515 0.678886
0.14 320800 217781 0.678868
0.17 321200 218059 0.678889
0.05 321600 218317 0.678846
0.005 322000 218588 0.678845
0.075 322400 218848 0.678809
0.07 322800 219133 0.678851
0.04 323200 219399 0.678834
-0.105 323600 219654 0.678782
-0.115 324000 219934 0.678809
-0.06 324400 220213 0.678832
-0.095 324800 220486 0.678836
-0.055 325200 220758 0.678838
-0.035 325600 221046 0.678888
0.015 326000 221326 0.678914
0.105 326400 221608 0.678946
0.04 326800 221879 0.678944
0.005 327200 222172 0.67901
-0.025 327600 222436 0.678987
0.015 328000 222708 0.678988
-0.045 328400 222992 0.679026
0 328800 223245 0.678969
0.045 329200 223530 0.67901
0.12 329600 223801 0.679008
0.12 330000 224081 0.679033
0.015 330400 224366 0.679074
0.075 330800 224660 0.679141
0.14 331200 224937 0.679158
0.17 331600 225203 0.679141
0.17 332000 225469 0.679124
0.035 332400 225746 0.67914
-0.01 332800 226009 0.679114
0.04 333200 226281 0.679115
0.065 333600 226540 0.679077
0.015 334000 226820 0.679102
0.02 334400 227105 0.679142
-0.045 334800 227384 0.679164
-0.05 335200 227647 0.679138
-0.125 335600 227912 0.679118
-0.025 336000 228172 0.679083
0.005 336400 228452 0.679108
-0.01 336800 228713 0.679077
0.125 337200 228954 0.678986
0.085 337600 229214 0.678951
0.04 338000 229491 0.678967
0.055 338400 229776 0.679007
0.04 338800 230059 0.679041
0.135 339200 230322 0.679015
0.175 339600 230594 0.679016
0.13 340000 230845 0.678956
0.045 340400 231104 0.678919
0.04 340800 231387 0.678952
0.075 341200 231674 0.678998
0.08 341600 231957 0.679031
0.025 342000 232214 0.678988
0.05 342400 232479 0.678969
0.045 342800 232756 0.678985
0.09 343200 233039 0.679018
0.1 343600 233321 0.679048
0.06 344000 233591 0.679044
0.055 344400 233856 0.679024
-0.035 344800 234126 0.67902
0.04 345200 234415 0.67907
0.09 345600 234689 0.679077
0.085 346000 234980 0.679133
0.07 346400 235239 0.679096
0.095 346800 235518 0.679118
0.01 347200 235787 0.67911
0.06 347600 236069 0.67914
0.145 348000 236354 0.679178
0.115 348400 236616 0.67915
0.075 348800 236870 0.6791
-0.01 349200 237127 0.679058
0.08 349600 237365 0.678962
0.095 350000 237642 0.678977
0.095 350400 237936 0.679041
0.08 350800 238223 0.679085
0.115 351200 238494 0.679083
0.05 351600 238765 0.679081
0.11 352000 239021 0.679037
0.095 352400 239290 0.67903
0.075 352800 239554 0.679008
-0.025 353200 239812 0.678969
-0.155 353600 240068 0.678925
-0.085 354000 240332 0.678904
-0.005 354400 240616 0.678939
-0.035 354800 240874 0.678901
-0.015 355200 241140 0.678885
-0.075 355600 241398 0.678847
0.005 356000 241650 0.678792
0.05 356400 241931 0.678819
-0.005 356800 242226 0.678885
-0.015 357200 242500 0.678891
0.015 357600 242768 0.678881
0.045 358000 243050 0.678911
0.04 358400 243307 0.67887
0.015 358800 243570 0.678846
0.06 359200 243839 0.678839
-0.065 359600 244126 0.678882
0.05 360000 244403 0.678897
-0.085 360400 244690 0.67894
0.04 360800 244973 0.678972
0.105 361200 245272 0.679048
0.13 361600 245569 0.679118
0.155 362000 245836 0.679105
0.025 362400 246124 0.67915
0.065 362800 246400 0.679162
0.13 363200 246699 0.679237
0.155 363600 246964 0.679219
0.15 364000 247239 0.679228
-0.06 364400 247509 0.679223
0 364800 247791 0.679252
-0.065 365200 248072 0.679277
0.07 365600 248335 0.679253
0.11 366000 248601 0.679238
0.07 366400 248879 0.679255
-0.09 366800 249155 0.679267
-0.06 367200 249423 0.679257
-0.015 367600 249682 0.679222
-0.085 368000 249960 0.679239
-0.05 368400 250233 0.679243
0.055 368800 250496 0.679219
0.075 369200 250762 0.679204
0.025 369600 251038 0.679215
0.07 370000 251319 0.679241
-0.09 370400 251605 0.679279
-0.02 370800 251891 0.679318
-0.035 371200 252180 0.679364
-0.145 371600 252470 0.679413
-0.2 372000 252737 0.679401
-0.14 372400 253005 0.67939
-0.2 372800 253283 0.679407
-0.1 373200 253549 0.679392
-0.195 373600 253824 0.6794
-0.16 374000 254093 0.679393
-0.11 374400 254387 0.679452
-0.03 374800 254671 0.679485
-0.03 375200 254941 0.67948
-0.11 375600 255195 0.679433
-0.09 376000 255479 0.679465
-0.115 376400 255774 0.679527
-0.03 376800 256061 0.679567
0.05 377200 256337 0.679578
0.07 377600 256621 0.679611
0.01 378000 256899 0.679627
-0.065 378400 257190 0.679678
-0.06 378800 257445 0.679633
-0.065 379200 257712 0.67962
-0.005 379600 257970 0.679584
-0.035 380000 258242 0.679584
0.035 380400 258524 0.679611
0.11 380800 258781 0.679572
0.09 381200 259045 0.679551
0 381600 259305 0.67952
0.055 382000 259568 0.679497
0.07 382400 259845 0.679511
0.105 382800 260076 0.679404
0.115 383200 260336 0.679374
0.07 383600 260611 0.679382
0.03 384000 260899 0.679424
0.005 384400 261166 0.679412
0.05 384800 261439 0.679415
0.03 385200 261693 0.679369
0.095 385600 261966 0.679372
0.005 386000 262224 0.679337
-0.01 386400 262491 0.679325
-0.13 386800 262731 0.679242
-0.035 387200 263010 0.679261
-0.08 387600 263291 0.679285
-0.085 388000 263564 0.679289
-0.015 388400 263812 0.679228
-0.12 388800 264083 0.679226
-0.06 389200 264351 0.679216
-0.1 389600 264621 0.679212
-0.04 390000 264897 0.679223
0.015 390400 265156 0.679191
-0.02 390800 265411 0.679148
-0.025 391200 265688 0.679162
-0.06 391600 265941 0.679114
-0.115 392000 266182 0.679036
-0.07 392400 266421 0.678953
-0.02 392800 266657 0.678862
0.165 393200 266906 0.678805
0.11 393600 267149 0.678732
0.005 394000 267424 0.678741
-0.005 394400 267698 0.678747
0.045 394800 267970 0.678749
0.005 395200 268250 0.67877
0.015 395600 268528 0.678787
0.04 396000 268817 0.678831
0.085 396400 269092 0.67884
0.02 396800 269375 0.678868
-0.08 397200 269653 0.678885
0.025 397600 269930 0.678898
-0.03 398000 270221 0.678947
-0.005 398400 270502 0.678971
-0.065 398800 270772 0.678967
-0.14 399200 271031 0.678935
0.07 399600 271309 0.678951
0.01 400000 271571 0.678927
