0 -0.005
1 0.12
2 0.155
3 0.165
4 0.135
5 0.12
6 0.15
7 0.135
8 0.165
9 0.185
10 0.165
11 0.235
12 0.275
13 0.28
14 0.33
15 0.335
16 0.315
17 0.355
18 0.305
19 0.31
20 0.285
21 0.255
22 0.205
23 0.22
24 0.225
25 0.245
26 0.24
27 0.305
28 0.325
29 0.35
30 0.34
31 0.375
32 0.37
33 0.4
34 0.435
35 0.465
36 0.455
37 0.47
38 0.51
39 0.47
40 0.44
41 0.43
42 0.44
43 0.475
44 0.485
45 0.485
46 0.545
47 0.59
48 0.59
49 0.63
50 0.675
51 0.685
52 0.65
53 0.645
54 0.65
55 0.665
56 0.695
57 0.71
58 0.69
59 0.685
60 0.67
61 0.71
62 0.785
63 0.795
64 0.805
65 0.805
66 0.775
67 0.815
68 0.83
69 0.84
70 0.88
71 0.895
72 0.895
73 0.89
74 0.915
75 0.955
76 0.98
77 0.98
78 0.975
79 0.99
80 0.99
81 0.99
82 0.995
83 0.985
84 0.97
85 0.965
86 0.96
87 0.975
88 0.99
89 0.99
90 0.995
91 0.995
92 0.99
93 0.995
94 0.995
95 1
96 1
97 0.995
98 0.985
99 0.985
100 0.975
101 0.985
102 0.97
103 0.975
104 0.98
105 0.99
106 0.985
107 0.98
108 0.995
109 1
110 0.995
111 0.99
112 0.995
113 1
114 1
115 0.995
116 0.99
117 1
118 1
119 0.985
120 0.985
121 0.97
122 0.98
123 0.99
124 0.99
125 1
126 1
127 0.99
128 0.995
129 0.995
130 0.995
131 0.995
132 0.995
133 0.99
134 0.975
135 0.975
136 0.995
137 1
138 1
139 0.99
140 0.995
141 0.98
142 0.975
143 0.985
144 0.995
145 0.99
146 0.99
147 0.985
148 0.985
149 0.985
150 0.98
151 0.965
152 0.965
153 0.975
154 0.975
155 0.985
156 0.985
157 0.985
158 0.99
159 0.975
160 0.995
161 1
162 1
163 0.985
164 0.995
165 0.985
166 0.99
167 0.99
168 0.99
169 0.975
170 1
171 1
172 0.99
173 0.995
174 0.99
175 0.975
176 0.975
177 0.985
178 0.99
179 0.98
180 0.99
181 0.985
182 0.985
183 0.985
184 0.995
185 1
186 0.99
187 0.99
188 0.995
189 0.995
190 1
191 0.995
192 0.98
193 0.985
194 0.995
195 0.985
196 0.97
197 0.99
198 0.995
199 0.995
200 0.99
201 1
202 0.98
203 0.995
204 0.99
205 0.99
206 0.99
207 0.99
208 0.995
209 0.995
210 0.98
211 0.985
212 0.99
213 0.98
214 0.98
215 0.98
216 0.975
217 0.98
218 0.985
219 0.99
220 0.99
221 0.965
222 0.975
223 0.985
224 0.99
225 0.99
226 0.995
227 0.985
228 0.99
229 0.995
230 0.99
231 0.975
232 0.975
233 0.97
234 0.99
235 1
236 0.99
237 0.995
238 0.995
239 1
240 0.985
241 0.98
242 0.99
243 0.995
244 0.99
245 0.99
246 1
247 0.995
248 0.99
249 0.995
250 0.995
251 1
252 1
253 1
254 0.985
255 0.98
256 0.98
257 0.99
258 0.98
259 0.98
260 0.995
261 1
262 1
263 0.995
264 0.995
265 0.99
266 1
267 0.995
268 1
269 0.99
270 0.99
271 0.97
272 1
273 1
274 0.995
275 1
276 0.98
277 0.99
278 1
279 1
280 0.99
281 0.995
282 0.99
283 0.985
284 0.995
285 0.995
286 0.99
287 0.995
288 1
289 1
290 0.99
291 1
292 1
293 0.995
294 0.99
295 0.985
296 0.98
297 0.995
298 0.985
299 0.975
300 0.98
301 0.975
302 0.99
303 0.985
304 0.98
305 0.985
306 0.985
307 0.98
308 0.995
309 0.99
310 0.995
311 0.995
312 0.975
313 0.97
314 0.985
315 0.965
316 0.97
317 0.98
318 0.99
319 0.99
320 0.995
321 0.99
322 0.985
323 0.995
324 0.985
325 0.99
326 0.985
327 0.995
328 0.99
329 1
330 0.99
331 0.995
332 0.99
333 0.97
334 0.97
335 0.975
336 0.99
337 0.995
338 0.975
339 0.99
340 0.99
341 0.98
342 0.985
343 0.99
344 1
345 0.995
346 0.995
347 0.99
348 0.995
349 1
350 0.985
351 0.975
352 0.98
353 0.995
354 0.995
355 0.995
356 0.99
357 0.98
358 0.985
359 1
360 1
361 0.995
362 0.99
363 0.99
364 0.985
365 0.995
366 0.995
367 0.975
368 0.99
369 0.975
370 0.98
371 0.985
372 0.975
373 0.99
374 0.98
375 0.995
376 0.99
377 0.995
378 0.995
379 0.99
380 0.98
381 0.99
382 0.985
383 0.985
384 0.98
385 0.99
386 0.97
387 0.965
388 0.985
389 1
390 0.995
391 0.99
392 0.98
393 0.99
394 1
395 0.995
396 1
397 1
398 0.995
399 0.995
400 0.985
401 0.99
402 0.98
403 0.995
404 0.99
405 0.985
406 0.995
407 1
408 0.99
409 0.99
410 0.995
411 0.995
412 0.995
413 0.995
414 1
415 0.995
416 0.98
417 0.985
418 1
419 0.995
420 1
421 0.995
422 0.985
423 0.99
424 0.99
425 0.985
426 0.985
427 0.99
428 0.985
429 0.98
430 0.99
431 0.985
432 0.995
433 0.995
434 0.995
435 1
436 1
437 0.995
438 1
439 0.99
440 0.99
441 0.985
442 0.98
443 0.985
444 0.985
445 0.995
446 0.98
447 0.99
448 0.99
449 1
450 1
451 1
452 0.975
453 0.98
454 0.975
455 0.995
456 0.985
457 0.99
458 0.99
459 0.99
460 0.98
461 0.995
462 0.985
463 0.985
464 0.98
465 0.995
466 0.995
467 0.99
468 0.985
469 0.985
470 1
471 1
472 0.995
473 0.985
474 0.975
475 0.97
476 0.97
477 0.975
478 0.99
479 1
480 1
481 0.985
482 0.995
483 0.99
484 1
485 0.99
486 0.99
487 0.985
488 0.98
489 0.99
490 1
491 0.985
492 0.975
493 0.97
494 0.965
495 0.965
496 0.975
497 0.985
498 0.98
499 0.99
500 0.985
501 0.995
502 0.995
503 0.995
504 0.99
505 0.98
506 0.995
507 0.995
508 0.99
509 0.995
510 0.99
511 0.99
512 0.98
513 0.97
514 0.985
515 0.995
516 1
517 0.995
518 0.995
519 0.955
520 0.95
521 0.96
522 0.96
523 0.995
524 0.98
525 0.985
526 0.985
527 0.975
528 0.985
529 0.99
530 0.995
531 0.995
532 0.985
533 1
534 0.99
535 0.99
536 1
537 1
538 0.995
539 0.98
540 0.985
541 0.98
542 0.985
543 0.975
544 0.99
545 0.97
546 0.975
547 0.99
548 0.985
549 0.975
550 0.955
551 0.96
552 0.985
553 0.985
554 0.94
555 0.97
556 0.96
557 0.975
558 0.99
559 0.99
560 0.99
561 0.99
562 0.99
563 0.995
564 1
565 1
566 1
567 1
568 0.99
569 0.995
570 1
571 0.995
572 1
573 0.98
574 0.985
575 1
576 1
577 0.99
578 0.98
579 0.96
580 0.96
581 0.975
582 0.995
583 0.99
584 0.98
585 0.98
586 0.98
587 0.995
588 0.99
589 0.995
590 0.99
591 0.995
592 0.99
593 0.995
594 0.995
595 1
596 0.99
597 0.995
598 0.98
599 1
600 0.995
601 0.99
602 1
603 1
604 0.995
605 0.985
606 0.99
607 0.985
608 0.97
609 0.975
610 0.985
611 0.99
612 0.99
613 0.995
614 0.99
615 0.985
616 0.99
617 1
618 1
619 1
620 1
621 0.99
622 0.995
623 0.98
624 0.985
625 0.985
626 1
627 0.995
628 1
629 0.99
630 0.98
631 0.98
632 0.98
633 0.975
634 0.965
635 0.99
636 0.995
637 0.995
638 0.995
639 0.99
640 0.995
641 0.995
642 0.99
643 0.99
644 0.99
645 0.99
646 0.985
647 0.99
648 1
649 0.995
650 0.995
651 1
652 0.99
653 0.995
654 0.995
655 0.98
656 0.98
657 0.99
658 0.985
659 0.98
660 1
661 1
662 1
663 0.985
664 0.985
665 0.995
666 1
667 0.995
668 0.995
669 0.99
670 0.99
671 1
672 0.99
673 0.98
674 0.995
675 0.995
676 0.98
677 0.97
678 0.975
679 0.98
680 0.985
681 0.995
682 0.985
683 0.98
684 0.99
685 1
686 1
687 1
688 0.99
689 0.99
690 0.995
691 0.99
692 0.975
693 0.995
694 0.99
695 0.995
696 0.995
697 0.99
698 0.995
699 0.995
700 0.99
701 0.99
702 1
703 0.99
704 0.975
705 0.975
706 0.99
707 0.99
708 1
709 1
710 1
711 1
712 0.995
713 0.985
714 0.98
715 0.97
716 0.985
717 0.985
718 0.985
719 0.985
720 0.985
721 0.985
722 0.99
723 0.985
724 0.995
725 1
726 0.995
727 0.99
728 0.995
729 0.995
730 0.98
731 0.995
732 0.985
733 0.99
734 1
735 0.98
736 0.975
737 0.985
738 0.975
739 0.98
740 0.995
741 0.995
742 1
743 1
744 0.99
745 0.975
746 0.965
747 1
748 0.995
749 1
750 1
751 1
752 1
753 0.99
754 0.99
755 0.955
756 0.97
757 0.99
758 0.98
759 0.985
760 0.99
761 0.985
762 1
763 0.99
764 0.975
765 0.975
766 0.97
767 0.955
768 0.975
769 0.985
770 0.995
771 1
772 1
773 0.99
774 0.975
775 0.99
776 1
777 1
778 1
779 0.99
780 1
781 0.99
782 0.99
783 0.99
784 1
785 0.99
786 0.995
787 0.985
788 0.99
789 0.99
790 1
791 1
792 0.995
793 0.995
794 0.98
795 0.98
796 0.98
797 0.985
798 0.995
799 0.995
800 1
801 0.99
802 0.98
803 0.975
804 0.955
805 0.95
806 0.975
807 0.985
808 0.975
809 0.975
810 0.975
811 0.97
812 0.945
813 0.96
814 0.98
815 0.98
816 0.97
817 0.98
818 0.985
819 1
820 0.995
821 1
822 1
823 0.98
824 0.985
825 0.99
826 0.99
827 0.98
828 0.97
829 0.97
830 0.975
831 0.995
832 0.99
833 0.98
834 0.985
835 0.99
836 0.98
837 0.98
838 0.99
839 0.99
840 1
841 1
842 0.99
843 0.995
844 0.995
845 0.985
846 0.995
847 1
848 0.985
849 0.985
850 1
851 1
852 0.985
853 0.97
854 0.975
855 0.985
856 0.97
857 0.995
858 0.98
859 0.995
860 0.995
861 0.995
862 0.995
863 0.985
864 1
865 1
866 1
867 1
868 0.995
869 0.995
870 0.98
871 0.98
872 0.99
873 0.995
874 1
875 0.99
876 0.99
877 0.985
878 0.975
879 0.98
880 0.96
881 0.97
882 0.97
883 0.975
884 0.98
885 0.98
886 0.985
887 0.985
888 0.99
889 0.99
890 0.995
891 1
892 0.995
893 0.99
894 0.99
895 0.985
896 0.985
897 0.98
898 0.975
899 0.99
900 0.98
901 0.99
902 0.98
903 0.98
904 0.99
905 0.96
906 0.97
907 0.98
908 0.995
909 1
910 0.975
911 0.975
912 0.975
913 0.975
914 0.985
915 0.995
916 0.96
917 0.975
918 0.98
919 0.98
920 0.99
921 0.99
922 0.99
923 0.98
924 0.995
925 0.98
926 0.98
927 1
928 0.985
929 0.995
930 1
931 0.995
932 0.995
933 0.98
934 0.975
935 0.99
936 0.995
937 1
938 0.995
939 0.985
940 0.97
941 0.99
942 0.985
943 0.985
944 0.985
945 0.975
946 0.99
947 0.975
948 0.98
949 0.995
950 0.995
951 0.975
952 0.98
953 0.995
954 1
955 0.98
956 0.965
957 0.965
958 0.975
959 0.98
960 0.995
961 1
962 0.985
963 0.985
964 0.98
965 0.99
966 0.99
967 0.99
968 0.99
969 0.99
970 0.995
971 0.995
972 0.98
973 0.985
974 0.98
975 0.985
976 0.99
977 0.98
978 0.975
979 0.98
980 0.995
981 0.98
982 0.99
983 0.99
984 0.995
985 0.985
986 0.985
987 0.985
988 0.995
989 0.995
990 0.99
991 1
992 0.98
993 0.97
994 0.965
995 0.97
996 0.99
997 0.985
998 0.99
999 0.98
