0 -0.115
1 -0.16
2 -0.2
3 -0.245
4 -0.32
5 -0.37
6 -0.39
7 -0.405
8 -0.47
9 -0.47
10 -0.51
11 -0.565
12 -0.6
13 -0.6
14 -0.63
15 -0.675
16 -0.64
17 -0.675
18 -0.75
19 -0.785
20 -0.79
21 -0.805
22 -0.845
23 -0.84
24 -0.84
25 -0.85
26 -0.805
27 -0.84
28 -0.78
29 -0.775
30 -0.86
31 -0.85
32 -0.935
33 -0.94
34 -0.96
35 -0.94
36 -0.955
37 -0.945
38 -0.955
39 -0.975
40 -0.95
41 -0.97
42 -0.965
43 -0.965
44 -0.945
45 -0.93
46 -0.92
47 -0.895
48 -0.905
49 -0.92
50 -0.91
51 -0.9
52 -0.9
53 -0.93
54 -0.945
55 -0.935
56 -0.88
57 -0.895
58 -0.845
59 -0.87
60 -0.885
61 -0.905
62 -0.88
63 -0.87
64 -0.885
65 -0.915
66 -0.94
67 -0.91
68 -0.9
69 -0.875
70 -0.915
71 -0.905
72 -0.935
73 -0.94
74 -0.885
75 -0.875
76 -0.855
77 -0.86
78 -0.825
79 -0.815
80 -0.805
81 -0.85
82 -0.875
83 -0.91
84 -0.91
85 -0.915
86 -0.94
87 -0.955
88 -0.935
89 -0.9
90 -0.91
91 -0.88
92 -0.88
93 -0.89
94 -0.905
95 -0.9
96 -0.91
97 -0.89
98 -0.92
99 -0.95
100 -0.92
101 -0.87
102 -0.86
103 -0.875
104 -0.9
105 -0.875
106 -0.925
107 -0.885
108 -0.87
109 -0.84
110 -0.88
111 -0.895
112 -0.865
113 -0.895
114 -0.9
115 -0.88
116 -0.885
117 -0.875
118 -0.9
119 -0.9
120 -0.94
121 -0.95
122 -0.95
123 -0.94
124 -0.915
125 -0.925
126 -0.955
127 -0.97
128 -0.955
129 -0.935
130 -0.925
131 -0.96
132 -0.96
133 -0.94
134 -0.92
135 -0.91
136 -0.88
137 -0.91
138 -0.945
139 -0.925
140 -0.965
141 -0.955
142 -0.945
143 -0.935
144 -0.945
145 -0.94
146 -0.93
147 -0.93
148 -0.945
149 -0.955
150 -0.96
151 -0.95
152 -0.95
153 -0.955
154 -0.93
155 -0.965
156 -0.955
157 -0.96
158 -0.925
159 -0.91
160 -0.94
161 -0.94
162 -0.94
163 -0.905
164 -0.92
165 -0.95
166 -0.98
167 -0.94
168 -0.915
169 -0.93
170 -0.885
171 -0.895
172 -0.905
173 -0.925
174 -0.905
175 -0.9
176 -0.915
177 -0.87
178 -0.855
179 -0.895
180 -0.9
181 -0.905
182 -0.92
183 -0.94
184 -0.965
185 -0.965
186 -0.96
187 -0.96
188 -0.955
189 -0.935
190 -0.915
191 -0.89
192 -0.87
193 -0.9
194 -0.95
195 -0.925
196 -0.9
197 -0.895
198 -0.895
199 -0.905
200 -0.88
201 -0.885
202 -0.89
203 -0.89
204 -0.93
205 -0.905
206 -0.89
207 -0.865
208 -0.91
209 -0.935
210 -0.91
211 -0.855
212 -0.895
213 -0.9
214 -0.91
215 -0.935
216 -0.955
217 -0.985
218 -0.965
219 -0.985
220 -0.95
221 -0.955
222 -0.985
223 -0.955
224 -0.955
225 -0.945
226 -0.935
227 -0.945
228 -0.93
229 -0.92
230 -0.93
231 -0.9
232 -0.85
233 -0.87
234 -0.82
235 -0.82
236 -0.805
237 -0.805
238 -0.85
239 -0.875
240 -0.895
241 -0.945
242 -0.93
243 -0.915
244 -0.92
245 -0.895
246 -0.92
247 -0.93
248 -0.92
249 -0.915
250 -0.9
251 -0.87
252 -0.93
253 -0.895
254 -0.91
255 -0.895
256 -0.925
257 -0.92
258 -0.9
259 -0.915
260 -0.88
261 -0.93
262 -0.945
263 -0.94
264 -0.915
265 -0.96
266 -0.94
267 -0.93
268 -0.935
269 -0.935
270 -0.935
271 -0.93
272 -0.92
273 -0.94
274 -0.92
275 -0.925
276 -0.975
277 -0.95
278 -0.96
279 -0.93
280 -0.925
281 -0.91
282 -0.925
283 -0.93
284 -0.915
285 -0.92
286 -0.94
287 -0.9
288 -0.915
289 -0.905
290 -0.86
291 -0.895
292 -0.925
293 -0.885
294 -0.895
295 -0.925
296 -0.94
297 -0.92
298 -0.95
299 -0.95
300 -0.885
301 -0.885
302 -0.935
303 -0.945
304 -0.925
305 -0.94
306 -0.935
307 -0.96
308 -0.96
309 -0.97
310 -0.96
311 -0.975
312 -0.965
313 -0.96
314 -0.92
315 -0.895
316 -0.895
317 -0.925
318 -0.955
319 -0.92
320 -0.88
321 -0.875
322 -0.89
323 -0.905
324 -0.915
325 -0.925
326 -0.955
327 -0.985
328 -0.98
329 -0.97
330 -0.945
331 -0.925
332 -0.925
333 -0.945
334 -0.925
335 -0.935
336 -0.895
337 -0.9
338 -0.89
339 -0.83
340 -0.805
341 -0.885
342 -0.875
343 -0.915
344 -0.905
345 -0.88
346 -0.845
347 -0.845
348 -0.835
349 -0.845
350 -0.85
351 -0.875
352 -0.89
353 -0.88
354 -0.875
355 -0.86
356 -0.91
357 -0.865
358 -0.885
359 -0.88
360 -0.89
361 -0.89
362 -0.925
363 -0.93
364 -0.965
365 -0.965
366 -0.955
367 -0.925
368 -0.935
369 -0.965
370 -0.95
371 -0.97
372 -0.975
373 -0.95
374 -0.96
375 -0.915
376 -0.915
377 -0.89
378 -0.92
379 -0.885
380 -0.895
381 -0.895
382 -0.905
383 -0.915
384 -0.92
385 -0.92
386 -0.92
387 -0.885
388 -0.915
389 -0.905
390 -0.87
391 -0.895
392 -0.85
393 -0.865
394 -0.835
395 -0.845
396 -0.875
397 -0.885
398 -0.87
399 -0.835
400 -0.825
401 -0.905
402 -0.905
403 -0.905
404 -0.945
405 -0.925
406 -0.9
407 -0.895
408 -0.895
409 -0.925
410 -0.94
411 -0.95
412 -0.915
413 -0.93
414 -0.895
415 -0.87
416 -0.885
417 -0.91
418 -0.92
419 -0.885
420 -0.87
421 -0.865
422 -0.92
423 -0.895
424 -0.915
425 -0.89
426 -0.935
427 -0.965
428 -0.955
429 -0.955
430 -0.925
431 -0.905
432 -0.93
433 -0.895
434 -0.905
435 -0.88
436 -0.895
437 -0.92
438 -0.89
439 -0.855
440 -0.87
441 -0.835
442 -0.905
443 -0.905
444 -0.875
445 -0.86
446 -0.915
447 -0.925
448 -0.965
449 -0.945
450 -0.905
451 -0.885
452 -0.915
453 -0.905
454 -0.91
455 -0.89
456 -0.955
457 -0.955
458 -0.945
459 -0.95
460 -0.95
461 -0.95
462 -0.935
463 -0.935
464 -0.915
465 -0.89
466 -0.905
467 -0.91
468 -0.935
469 -0.915
470 -0.91
471 -0.925
472 -0.95
473 -0.96
474 -0.965
475 -0.955
476 -0.945
477 -0.975
478 -0.965
479 -0.96
480 -0.945
481 -0.975
482 -0.95
483 -0.95
484 -0.955
485 -0.97
486 -0.965
487 -0.96
488 -0.93
489 -0.89
490 -0.925
491 -0.915
492 -0.885
493 -0.915
494 -0.91
495 -0.94
496 -0.945
497 -0.91
498 -0.965
499 -0.94
500 -0.94
501 -0.95
502 -0.9
503 -0.915
504 -0.925
505 -0.915
506 -0.93
507 -0.94
508 -0.945
509 -0.96
510 -0.915
511 -0.915
512 -0.93
513 -0.9
514 -0.905
515 -0.9
516 -0.9
517 -0.89
518 -0.855
519 -0.88
520 -0.855
521 -0.885
522 -0.905
523 -0.93
524 -0.935
525 -0.92
526 -0.92
527 -0.95
528 -0.955
529 -0.975
530 -0.945
531 -0.93
532 -0.95
533 -0.965
534 -0.925
535 -0.895
536 -0.945
537 -0.89
538 -0.865
539 -0.9
540 -0.91
541 -0.915
542 -0.945
543 -0.935
544 -0.94
545 -0.945
546 -0.89
547 -0.88
548 -0.9
549 -0.88
550 -0.925
551 -0.92
552 -0.86
553 -0.875
554 -0.9
555 -0.915
556 -0.95
557 -0.95
558 -0.88
559 -0.895
560 -0.875
561 -0.9
562 -0.91
563 -0.905
564 -0.89
565 -0.88
566 -0.88
567 -0.895
568 -0.86
569 -0.905
570 -0.9
571 -0.91
572 -0.855
573 -0.88
574 -0.895
575 -0.925
576 -0.875
577 -0.9
578 -0.91
579 -0.91
580 -0.85
581 -0.805
582 -0.77
583 -0.825
584 -0.88
585 -0.88
586 -0.875
587 -0.885
588 -0.905
589 -0.905
590 -0.9
591 -0.91
592 -0.905
593 -0.885
594 -0.875
595 -0.92
596 -0.96
597 -0.955
598 -0.925
599 -0.91
600 -0.87
601 -0.895
602 -0.925
603 -0.96
604 -0.95
605 -0.925
606 -0.955
607 -0.945
608 -0.895
609 -0.925
610 -0.975
611 -0.975
612 -0.965
613 -0.93
614 -0.955
615 -0.91
616 -0.885
617 -0.895
618 -0.935
619 -0.91
620 -0.91
621 -0.9
622 -0.89
623 -0.885
624 -0.895
625 -0.905
626 -0.915
627 -0.96
628 -0.965
629 -0.95
630 -0.955
631 -0.955
632 -0.94
633 -0.925
634 -0.9
635 -0.91
636 -0.935
637 -0.915
638 -0.93
639 -0.925
640 -0.915
641 -0.93
642 -0.89
643 -0.9
644 -0.91
645 -0.91
646 -0.93
647 -0.93
648 -0.885
649 -0.925
650 -0.945
651 -0.925
652 -0.91
653 -0.9
654 -0.895
655 -0.91
656 -0.92
657 -0.885
658 -0.87
659 -0.895
660 -0.93
661 -0.935
662 -0.95
663 -0.945
664 -0.945
665 -0.925
666 -0.95
667 -0.935
668 -0.945
669 -0.935
670 -0.925
671 -0.94
672 -0.95
673 -0.915
674 -0.91
675 -0.88
676 -0.86
677 -0.905
678 -0.875
679 -0.915
680 -0.915
681 -0.935
682 -0.935
683 -0.905
684 -0.905
685 -0.93
686 -0.905
687 -0.9
688 -0.925
689 -0.895
690 -0.885
691 -0.88
692 -0.87
693 -0.92
694 -0.89
695 -0.92
696 -0.89
697 -0.865
698 -0.865
699 -0.89
700 -0.905
701 -0.96
702 -0.94
703 -0.95
704 -0.94
705 -0.975
706 -0.97
707 -0.97
708 -0.97
709 -0.95
710 -0.95
711 -0.955
712 -0.96
713 -0.955
714 -0.965
715 -0.955
716 -0.955
717 -0.945
718 -0.945
719 -0.945
720 -0.965
721 -0.955
722 -0.96
723 -0.945
724 -0.955
725 -0.91
726 -0.935
727 -0.9
728 -0.92
729 -0.905
730 -0.895
731 -0.915
732 -0.92
733 -0.92
734 -0.89
735 -0.91
736 -0.915
737 -0.91
738 -0.855
739 -0.905
740 -0.875
741 -0.88
742 -0.87
743 -0.815
744 -0.845
745 -0.885
746 -0.965
747 -0.955
748 -0.975
749 -0.97
750 -0.955
751 -0.93
752 -0.945
753 -0.9
754 -0.9
755 -0.855
756 -0.84
757 -0.83
758 -0.81
759 -0.79
760 -0.78
761 -0.81
762 -0.845
763 -0.83
764 -0.9
765 -0.91
766 -0.925
767 -0.91
768 -0.91
769 -0.89
770 -0.885
771 -0.88
772 -0.915
773 -0.915
774 -0.925
775 -0.935
776 -0.94
777 -0.915
778 -0.92
779 -0.945
780 -0.895
781 -0.9
782 -0.91
783 -0.875
784 -0.87
785 -0.875
786 -0.85
787 -0.86
788 -0.885
789 -0.905
790 -0.95
791 -0.915
792 -0.935
793 -0.915
794 -0.9
795 -0.905
796 -0.885
797 -0.895
798 -0.91
799 -0.945
800 -0.95
801 -0.9
802 -0.945
803 -0.95
804 -0.945
805 -0.925
806 -0.935
807 -0.945
808 -0.97
809 -0.96
810 -0.97
811 -0.965
812 -0.975
813 -0.96
814 -0.93
815 -0.91
816 -0.95
817 -0.96
818 -0.93
819 -0.95
820 -0.95
821 -0.91
822 -0.92
823 -0.895
824 -0.86
825 -0.9
826 -0.905
827 -0.885
828 -0.9
829 -0.94
830 -0.975
831 -0.955
832 -0.93
833 -0.91
834 -0.935
835 -0.88
836 -0.865
837 -0.875
838 -0.865
839 -0.855
840 -0.865
841 -0.895
842 -0.865
843 -0.875
844 -0.87
845 -0.89
846 -0.925
847 -0.915
848 -0.96
849 -0.93
850 -0.91
851 -0.905
852 -0.945
853 -0.94
854 -0.925
855 -0.88
856 -0.895
857 -0.96
858 -0.93
859 -0.885
860 -0.885
861 -0.935
862 -0.93
863 -0.93
864 -0.96
865 -0.95
866 -0.95
867 -0.955
868 -0.935
869 -0.92
870 -0.88
871 -0.94
872 -0.93
873 -0.945
874 -0.96
875 -0.96
876 -0.955
877 -0.93
878 -0.95
879 -0.96
880 -0.95
881 -0.925
882 -0.955
883 -0.92
884 -0.94
885 -0.925
886 -0.95
887 -0.935
888 -0.94
889 -0.94
890 -0.94
891 -0.965
892 -0.92
893 -0.9
894 -0.96
895 -0.94
896 -0.915
897 -0.94
898 -0.955
899 -0.94
900 -0.93
901 -0.925
902 -0.95
903 -0.915
904 -0.945
905 -0.88
906 -0.84
907 -0.925
908 -0.95
909 -0.93
910 -0.965
911 -0.92
912 -0.905
913 -0.91
914 -0.885
915 -0.95
916 -0.965
917 -0.945
918 -0.945
919 -0.92
920 -0.905
921 -0.885
922 -0.91
923 -0.895
924 -0.91
925 -0.94
926 -0.935
927 -0.935
928 -0.94
929 -0.905
930 -0.875
931 -0.865
932 -0.845
933 -0.87
934 -0.87
935 -0.915
936 -0.93
937 -0.935
938 -0.935
939 -0.91
940 -0.9
941 -0.89
942 -0.885
943 -0.875
944 -0.92
945 -0.9
946 -0.85
947 -0.87
948 -0.85
949 -0.825
950 -0.865
951 -0.89
952 -0.89
953 -0.86
954 -0.825
955 -0.83
956 -0.895
957 -0.91
958 -0.9
959 -0.94
960 -0.95
961 -0.97
962 -0.965
963 -0.935
964 -0.93
965 -0.935
966 -0.94
967 -0.915
968 -0.94
969 -0.97
970 -0.96
971 -0.96
972 -0.94
973 -0.945
974 -0.945
975 -0.905
976 -0.915
977 -0.915
978 -0.905
979 -0.92
980 -0.91
981 -0.865
982 -0.88
983 -0.89
984 -0.85
985 -0.885
986 -0.87
987 -0.905
988 -0.925
989 -0.895
990 -0.91
991 -0.88
992 -0.885
993 -0.9
994 -0.905
995 -0.89
996 -0.895
997 -0.905
998 -0.875
999 -0.905
