0 0.01
1 -0.025
2 -0.015
3 0.12
4 0.06
5 0.17
6 0.17
7 0.305
8 0.365
9 0.205
10 0.19
11 0.22
12 0.265
13 0.305
14 0.26
15 0.3
16 0.315
17 0.4
18 0.41
19 0.405
20 0.51
21 0.525
22 0.505
23 0.56
24 0.64
25 0.665
26 0.7
27 0.695
28 0.715
29 0.685
30 0.655
31 0.675
32 0.72
33 0.69
34 0.71
35 0.68
36 0.57
37 0.475
38 0.49
39 0.485
40 0.515
41 0.495
42 0.6
43 0.615
44 0.54
45 0.53
46 0.51
47 0.56
48 0.57
49 0.575
50 0.565
51 0.625
52 0.63
53 0.6
54 0.615
55 0.715
56 0.75
57 0.775
58 0.8
59 0.83
60 0.805
61 0.755
62 0.685
63 0.71
64 0.73
65 0.815
66 0.8
67 0.86
68 0.88
69 0.87
70 0.84
71 0.815
72 0.825
73 0.87
74 0.885
75 0.795
76 0.855
77 0.88
78 0.825
79 0.82
80 0.805
81 0.795
82 0.84
83 0.91
84 0.9
85 0.87
86 0.795
87 0.795
88 0.785
89 0.825
90 0.745
91 0.815
92 0.735
93 0.675
94 0.665
95 0.685
96 0.685
97 0.705
98 0.745
99 0.735
100 0.695
101 0.73
102 0.73
103 0.76
104 0.71
105 0.76
106 0.725
107 0.74
108 0.71
109 0.705
110 0.745
111 0.745
112 0.675
113 0.72
114 0.745
115 0.72
116 0.79
117 0.75
118 0.73
119 0.725
120 0.68
121 0.71
122 0.69
123 0.745
124 0.825
125 0.84
126 0.835
127 0.805
128 0.815
129 0.815
130 0.795
131 0.83
132 0.82
133 0.89
134 0.905
135 0.895
136 0.865
137 0.805
138 0.845
139 0.845
140 0.745
141 0.805
142 0.755
143 0.78
144 0.765
145 0.785
146 0.82
147 0.84
148 0.87
149 0.885
150 0.885
151 0.835
152 0.76
153 0.805
154 0.81
155 0.82
156 0.745
157 0.79
158 0.865
159 0.91
160 0.845
161 0.885
162 0.895
163 0.93
164 0.895
165 0.835
166 0.77
167 0.75
168 0.755
169 0.77
170 0.765
171 0.765
172 0.785
173 0.73
174 0.665
175 0.72
176 0.74
177 0.775
178 0.775
179 0.78
180 0.73
181 0.795
182 0.765
183 0.825
184 0.81
185 0.84
186 0.88
187 0.905
188 0.915
189 0.925
190 0.96
191 0.885
192 0.865
193 0.83
194 0.81
195 0.85
196 0.87
197 0.81
198 0.79
199 0.76
200 0.745
201 0.77
202 0.815
203 0.8
204 0.785
205 0.68
206 0.735
207 0.73
208 0.76
209 0.72
210 0.7
211 0.63
212 0.615
213 0.54
214 0.535
215 0.505
216 0.5
217 0.435
218 0.465
219 0.365
220 0.42
221 0.385
222 0.37
223 0.365
224 0.305
225 0.335
226 0.36
227 0.335
228 0.36
229 0.37
230 0.32
231 0.315
232 0.325
233 0.305
234 0.255
235 0.24
236 0.305
237 0.28
238 0.32
239 0.215
240 0.145
241 0.25
242 0.235
243 0.26
244 0.265
245 0.245
246 0.215
247 0.24
248 0.23
249 0.285
250 0.305
251 0.24
252 0.315
253 0.23
254 0.24
255 0.25
256 0.225
257 0.18
258 0.19
259 0.18
260 0.24
261 0.21
262 0.265
263 0.23
264 0.23
265 0.26
266 0.28
267 0.19
268 0.125
269 0.13
270 0.125
271 0.16
272 0.19
273 0.22
274 0.21
275 0.14
276 0.17
277 0.16
278 0.075
279 0.175
280 0.2
281 0.19
282 0.25
283 0.26
284 0.22
285 0.23
286 0.245
287 0.325
288 0.43
289 0.47
290 0.465
291 0.535
292 0.455
293 0.5
294 0.565
295 0.645
296 0.75
297 0.735
298 0.76
299 0.705
300 0.75
301 0.685
302 0.62
303 0.63
304 0.645
305 0.67
306 0.74
307 0.775
308 0.775
309 0.825
310 0.85
311 0.895
312 0.855
313 0.835
314 0.855
315 0.88
316 0.88
317 0.92
318 0.91
319 0.89
320 0.89
321 0.84
322 0.78
323 0.775
324 0.74
325 0.685
326 0.715
327 0.71
328 0.695
329 0.75
330 0.795
331 0.725
332 0.71
333 0.7
334 0.685
335 0.675
336 0.675
337 0.695
338 0.685
339 0.635
340 0.59
341 0.58
342 0.56
343 0.575
344 0.62
345 0.62
346 0.61
347 0.615
348 0.595
349 0.53
350 0.555
351 0.535
352 0.55
353 0.52
354 0.525
355 0.595
356 0.54
357 0.42
358 0.385
359 0.435
360 0.385
361 0.345
362 0.28
363 0.27
364 0.25
365 0.255
366 0.17
367 0.165
368 0.125
369 0.115
370 0.02
371 0.125
372 0.215
373 0.28
374 0.335
375 0.31
376 0.255
377 0.25
378 0.26
379 0.305
380 0.315
381 0.335
382 0.355
383 0.375
384 0.36
385 0.36
386 0.395
387 0.43
388 0.42
389 0.415
390 0.355
391 0.39
392 0.385
393 0.43
394 0.405
395 0.475
396 0.515
397 0.47
398 0.47
399 0.415
400 0.34
401 0.28
402 0.25
403 0.295
404 0.27
405 0.245
406 0.325
407 0.245
408 0.195
409 0.21
410 0.235
411 0.29
412 0.235
413 0.16
414 0.19
415 0.16
416 0.175
417 0.19
418 0.135
419 0.07
420 0.08
421 0.01
422 0.085
423 0.015
424 0.065
425 0.025
426 -0.025
427 -0.045
428 -0.025
429 0.08
430 0.06
431 -0.005
432 0.07
433 0.03
434 -0.015
435 -0.1
436 -0.135
437 -0.105
438 -0.07
439 -0.08
440 -0.08
441 0.005
442 0.065
443 0.115
444 0.205
445 0.165
446 0.19
447 0.22
448 0.215
449 0.255
450 0.18
451 0.155
452 0.175
453 0.21
454 0.235
455 0.225
456 0.28
457 0.295
458 0.275
459 0.26
460 0.27
461 0.285
462 0.3
463 0.315
464 0.31
465 0.335
466 0.295
467 0.27
468 0.225
469 0.205
470 0.22
471 0.185
472 0.17
473 0.195
474 0.17
475 0.18
476 0.145
477 0.12
478 0.11
479 0.2
480 0.21
481 0.21
482 0.23
483 0.225
484 0.275
485 0.305
486 0.35
487 0.325
488 0.305
489 0.265
490 0.245
491 0.26
492 0.23
493 0.2
494 0.175
495 0.215
496 0.25
497 0.285
498 0.275
499 0.285
500 0.23
501 0.255
502 0.295
503 0.385
504 0.425
505 0.34
506 0.35
507 0.335
508 0.335
509 0.385
510 0.445
511 0.445
512 0.485
513 0.485
514 0.51
515 0.45
516 0.385
517 0.44
518 0.505
519 0.46
520 0.47
521 0.5
522 0.455
523 0.475
524 0.56
525 0.55
526 0.595
527 0.7
528 0.625
529 0.615
530 0.695
531 0.61
532 0.57
533 0.605
534 0.665
535 0.715
536 0.74
537 0.735
538 0.705
539 0.76
540 0.795
541 0.805
542 0.8
543 0.8
544 0.805
545 0.77
546 0.82
547 0.83
548 0.795
549 0.815
550 0.82
551 0.795
552 0.735
553 0.695
554 0.65
555 0.685
556 0.715
557 0.685
558 0.68
559 0.665
560 0.63
561 0.625
562 0.615
563 0.65
564 0.66
565 0.65
566 0.68
567 0.66
568 0.7
569 0.73
570 0.75
571 0.755
572 0.74
573 0.725
574 0.635
575 0.66
576 0.59
577 0.575
578 0.615
579 0.66
580 0.665
581 0.595
582 0.665
583 0.685
584 0.66
585 0.66
586 0.64
587 0.67
588 0.69
589 0.68
590 0.76
591 0.795
592 0.805
593 0.805
594 0.865
595 0.845
596 0.845
597 0.83
598 0.775
599 0.85
600 0.775
601 0.8
602 0.82
603 0.825
604 0.86
605 0.87
606 0.865
607 0.79
608 0.805
609 0.825
610 0.835
611 0.795
612 0.785
613 0.75
614 0.705
615 0.69
616 0.69
617 0.71
618 0.775
619 0.76
620 0.695
621 0.75
622 0.785
623 0.83
624 0.825
625 0.79
626 0.735
627 0.705
628 0.715
629 0.685
630 0.695
631 0.71
632 0.735
633 0.685
634 0.63
635 0.53
636 0.55
637 0.525
638 0.47
639 0.47
640 0.42
641 0.485
642 0.525
643 0.565
644 0.575
645 0.47
646 0.44
647 0.415
648 0.39
649 0.45
650 0.515
651 0.56
652 0.52
653 0.53
654 0.465
655 0.51
656 0.53
657 0.575
658 0.555
659 0.54
660 0.575
661 0.59
662 0.58
663 0.62
664 0.58
665 0.585
666 0.6
667 0.645
668 0.61
669 0.63
670 0.645
671 0.65
672 0.695
673 0.735
674 0.745
675 0.815
676 0.85
677 0.85
678 0.83
679 0.835
680 0.83
681 0.78
682 0.785
683 0.765
684 0.845
685 0.805
686 0.74
687 0.745
688 0.75
689 0.725
690 0.74
691 0.695
692 0.685
693 0.655
694 0.7
695 0.64
696 0.68
697 0.625
698 0.57
699 0.615
700 0.53
701 0.55
702 0.54
703 0.575
704 0.56
705 0.57
706 0.575
707 0.585
708 0.52
709 0.42
710 0.435
711 0.42
712 0.435
713 0.525
714 0.57
715 0.545
716 0.55
717 0.53
718 0.545
719 0.555
720 0.625
721 0.665
722 0.64
723 0.655
724 0.63
725 0.58
726 0.595
727 0.615
728 0.675
729 0.57
730 0.525
731 0.565
732 0.555
733 0.555
734 0.515
735 0.515
736 0.535
737 0.525
738 0.565
739 0.55
740 0.53
741 0.5
742 0.47
743 0.49
744 0.47
745 0.385
746 0.32
747 0.355
748 0.325
749 0.265
750 0.215
751 0.25
752 0.2
753 0.165
754 0.085
755 -0.01
756 -0.105
757 -0.16
758 -0.205
759 -0.205
760 -0.2
761 -0.125
762 -0.12
763 -0.08
764 -0.145
765 -0.18
766 -0.18
767 -0.14
768 -0.2
769 -0.255
770 -0.185
771 -0.17
772 -0.185
773 -0.17
774 -0.095
775 -0.02
776 -0.02
777 0.005
778 -0.01
779 -0.1
780 -0.17
781 -0.245
782 -0.365
783 -0.38
784 -0.32
785 -0.165
786 -0.165
787 -0.09
788 -0.08
789 -0.105
790 -0.07
791 -0.045
792 -0.135
793 -0.085
794 -0.045
795 -0.065
796 -0.145
797 -0.165
798 -0.21
799 -0.21
800 -0.295
801 -0.305
802 -0.265
803 -0.205
804 -0.225
805 -0.29
806 -0.255
807 -0.195
808 -0.3
809 -0.325
810 -0.305
811 -0.325
812 -0.35
813 -0.345
814 -0.325
815 -0.345
816 -0.39
817 -0.385
818 -0.275
819 -0.26
820 -0.235
821 -0.18
822 -0.28
823 -0.38
824 -0.44
825 -0.505
826 -0.51
827 -0.41
828 -0.415
829 -0.5
830 -0.475
831 -0.485
832 -0.435
833 -0.445
834 -0.5
835 -0.56
836 -0.59
837 -0.63
838 -0.665
839 -0.75
840 -0.835
841 -0.79
842 -0.805
843 -0.73
844 -0.67
845 -0.7
846 -0.675
847 -0.65
848 -0.6
849 -0.57
850 -0.575
851 -0.61
852 -0.625
853 -0.615
854 -0.645
855 -0.695
856 -0.675
857 -0.585
858 -0.595
859 -0.64
860 -0.625
861 -0.605
862 -0.61
863 -0.645
864 -0.67
865 -0.695
866 -0.735
867 -0.7
868 -0.76
869 -0.735
870 -0.83
871 -0.91
872 -0.85
873 -0.885
874 -0.815
875 -0.78
876 -0.795
877 -0.825
878 -0.845
879 -0.845
880 -0.855
881 -0.875
882 -0.84
883 -0.87
884 -0.875
885 -0.88
886 -0.895
887 -0.905
888 -0.875
889 -0.865
890 -0.84
891 -0.83
892 -0.835
893 -0.81
894 -0.845
895 -0.8
896 -0.755
897 -0.745
898 -0.78
899 -0.81
900 -0.81
901 -0.835
902 -0.855
903 -0.84
904 -0.8
905 -0.73
906 -0.8
907 -0.83
908 -0.87
909 -0.855
910 -0.88
911 -0.81
912 -0.75
913 -0.76
914 -0.79
915 -0.8
916 -0.78
917 -0.775
918 -0.755
919 -0.755
920 -0.815
921 -0.845
922 -0.82
923 -0.835
924 -0.81
925 -0.84
926 -0.845
927 -0.845
928 -0.885
929 -0.845
930 -0.86
931 -0.81
932 -0.815
933 -0.795
934 -0.79
935 -0.775
936 -0.7
937 -0.82
938 -0.795
939 -0.805
940 -0.84
941 -0.855
942 -0.87
943 -0.86
944 -0.77
945 -0.775
946 -0.775
947 -0.795
948 -0.77
949 -0.795
950 -0.785
951 -0.775
952 -0.735
953 -0.685
954 -0.655
955 -0.65
956 -0.665
957 -0.6
958 -0.625
959 -0.685
960 -0.68
961 -0.685
962 -0.675
963 -0.68
964 -0.65
965 -0.675
966 -0.675
967 -0.72
968 -0.67
969 -0.645
970 -0.675
971 -0.765
972 -0.75
973 -0.735
974 -0.755
975 -0.675
976 -0.7
977 -0.74
978 -0.7
979 -0.695
980 -0.75
981 -0.73
982 -0.62
983 -0.705
984 -0.71
985 -0.74
986 -0.72
987 -0.715
988 -0.67
989 -0.7
990 -0.67
991 -0.71
992 -0.78
993 -0.75
994 -0.775
995 -0.72
996 -0.72
997 -0.655
998 -0.605
999 -0.62
