0 -0.035
1 0.07
2 0.145
3 -0.005
4 0.015
5 -0.085
6 -0.06
7 -0.015
8 0.095
9 0.065
10 0.03
11 0.115
12 0.19
13 0.115
14 0.15
15 0.19
16 0.175
17 0.11
18 0.095
19 0.085
20 0.065
21 0.04
22 0.035
23 0.135
24 0.135
25 0.085
26 -0.01
27 0.005
28 0.005
29 0.12
30 0.105
31 0.01
32 0.065
33 0.1
34 0.18
35 0.135
36 0.175
37 0.105
38 0.145
39 0.11
40 0.145
41 0.12
42 0.225
43 0.245
44 0.255
45 0.16
46 0.055
47 -0.08
48 -0.01
49 0.01
50 -0.01
51 -0.045
52 -0.015
53 -0.115
54 -0.035
55 -0.08
56 -0.185
57 -0.295
58 -0.2
59 -0.12
60 -0.095
61 -0.04
62 -0.03
63 -0.01
64 0.095
65 -0.015
66 -0.01
67 0.01
68 0.005
69 0.155
70 0.16
71 0.045
72 0.03
73 0.03
74 0.07
75 0.07
76 0.15
77 0.18
78 0.085
79 0.06
80 0.09
81 0.13
82 0.01
83 -0.065
84 -0.08
85 -0.12
86 -0.03
87 -0.055
88 -0.045
89 -0.04
90 -0.015
91 -0.13
92 -0.145
93 -0.24
94 -0.205
95 -0.31
96 -0.21
97 -0.13
98 -0.015
99 -0.065
100 -0.11
101 -0.195
102 -0.19
103 -0.175
104 -0.225
105 -0.175
106 -0.07
107 0.05
108 0.065
109 0.105
110 0.145
111 0.185
112 0.165
113 0.155
114 0.04
115 0.01
116 0.185
117 0.205
118 0.3
119 0.4
120 0.49
121 0.46
122 0.385
123 0.365
124 0.325
125 0.44
126 0.56
127 0.57
128 0.645
129 0.61
130 0.55
131 0.4
132 0.375
133 0.28
134 0.215
135 0.175
136 0.175
137 0.125
138 0.12
139 0.03
140 0.075
141 0.065
142 0.005
143 -0.055
144 -0.065
145 -0.1
146 -0.09
147 -0.095
148 -0.05
149 -0.105
150 -0.105
151 -0.085
152 -0.125
153 -0.1
154 -0.125
155 -0.175
156 -0.075
157 -0.165
158 -0.145
159 -0.205
160 -0.185
161 -0.135
162 -0.07
163 0.01
164 -0.005
165 0.135
166 0.14
167 0.035
168 0.065
169 0.125
170 0.035
171 0.025
172 0
173 0.02
174 0.04
175 0.155
176 0.17
177 0.155
178 0.23
179 0.16
180 0.045
181 0.045
182 0.18
183 0.115
184 0.105
185 0.13
186 0.105
187 0.125
188 0.1
189 0.235
190 0.28
191 0.31
192 0.21
193 0.31
194 0.255
195 0.24
196 0.175
197 0.17
198 0.18
199 0.225
200 0.14
201 0.185
202 0.145
203 0.155
204 0.005
205 -0.01
206 -0.03
207 0.06
208 0
209 0.03
210 0.01
211 -0.015
212 -0.075
213 -0.11
214 -0.065
215 -0.025
216 -0.005
217 -0.015
218 0.05
219 -0.05
220 -0.1
221 -0.065
222 -0.19
223 -0.23
224 -0.255
225 -0.28
226 -0.34
227 -0.435
228 -0.42
229 -0.345
230 -0.38
231 -0.325
232 -0.415
233 -0.41
234 -0.32
235 -0.365
236 -0.265
237 -0.14
238 -0.14
239 -0.13
240 -0.095
241 -0.08
242 -0.075
243 0.005
244 -0.1
245 -0.19
246 -0.275
247 -0.26
248 -0.145
249 -0.11
250 -0.17
251 -0.08
252 0.005
253 0.115
254 0
255 0.095
256 0.065
257 0.005
258 -0.075
259 -0.09
260 -0.045
261 -0.055
262 -0.08
263 -0.175
264 -0.105
265 -0.105
266 -0.07
267 -0.165
268 -0.085
269 -0.055
270 -0.085
271 -0.075
272 -0.075
273 -0.02
274 0.01
275 -0.045
276 0.025
277 0.04
278 0.06
279 0.03
280 0.165
281 0.2
282 0.215
283 0.12
284 0.155
285 0.325
286 0.245
287 0.19
288 0.185
289 0.23
290 0.255
291 0.195
292 0.24
293 0.225
294 0.285
295 0.305
296 0.28
297 0.25
298 0.205
299 0.25
300 0.295
301 0.185
302 0.295
303 0.33
304 0.25
305 0.16
306 0.095
307 0.18
308 0.14
309 0.14
310 0.19
311 0.17
312 0.095
313 0.21
314 0.1
315 0.055
316 0.04
317 -0.055
318 -0.035
319 0.005
320 0.015
321 -0.14
322 -0.225
323 -0.295
324 -0.355
325 -0.3
326 -0.365
327 -0.43
328 -0.45
329 -0.485
330 -0.315
331 -0.315
332 -0.315
333 -0.215
334 -0.115
335 -0.05
336 -0.05
337 -0.04
338 -0.085
339 -0.065
340 -0.11
341 -0.05
342 0.025
343 0.005
344 -0.09
345 -0.065
346 -0.065
347 -0.03
348 -0.09
349 0.02
350 0.01
351 -0.01
352 -0.045
353 0.005
354 -0.02
355 -0.08
356 0.05
357 0.15
358 0.11
359 0.17
360 0.225
361 0.17
362 0.265
363 0.36
364 0.34
365 0.335
366 0.235
367 0.115
368 0.08
369 -0.015
370 0.09
371 0.055
372 0.125
373 0.215
374 0.29
375 0.27
376 0.195
377 0.165
378 0.115
379 0.035
380 0.005
381 0.105
382 0.125
383 0.025
384 -0.06
385 -0.095
386 -0.08
387 -0.065
388 -0.06
389 -0.085
390 -0.105
391 -0.15
392 -0.19
393 -0.28
394 -0.205
395 -0.145
396 -0.12
397 -0.205
398 -0.2
399 -0.125
400 0
401 0.05
402 0.045
403 0.165
404 0.135
405 0.12
406 0.06
407 0.09
408 0.07
409 0.195
410 0.155
411 0.22
412 0.025
413 0.045
414 0.09
415 0.155
416 0.205
417 0.195
418 0.195
419 0.085
420 0.025
421 -0.075
422 0.03
423 0.035
424 0.055
425 0.075
426 -0.05
427 -0.065
428 -0.005
429 0.09
430 0.08
431 0.25
432 0.24
433 0.365
434 0.425
435 0.435
436 0.485
437 0.55
438 0.52
439 0.38
440 0.485
441 0.5
442 0.475
443 0.48
444 0.355
445 0.385
446 0.27
447 0.245
448 0.105
449 0.075
450 0.065
451 0.12
452 0.02
453 -0.005
454 -0.15
455 -0.075
456 -0.135
457 -0.1
458 -0.175
459 -0.225
460 -0.13
461 -0.17
462 -0.17
463 -0.1
464 -0.085
465 -0.14
466 -0.105
467 -0.115
468 -0.125
469 -0.145
470 -0.22
471 -0.24
472 -0.21
473 -0.25
474 -0.2
475 -0.145
476 -0.095
477 -0.135
478 -0.08
479 -0.15
480 -0.185
481 -0.1
482 -0.13
483 -0.08
484 -0.185
485 -0.12
486 -0.15
487 -0.2
488 -0.19
489 -0.24
490 -0.29
491 -0.315
492 -0.25
493 -0.155
494 -0.26
495 -0.22
496 -0.185
497 -0.185
498 -0.2
499 -0.235
500 -0.23
501 -0.195
502 -0.075
503 -0.005
504 0.12
505 0.15
506 0.11
507 0.14
508 0.16
509 0.205
510 0.27
511 0.185
512 0.21
513 0.225
514 0.19
515 0.13
516 0.235
517 0.205
518 0.235
519 0.115
520 0.17
521 0.175
522 -0.015
523 0.065
524 0.035
525 -0.05
526 -0.16
527 -0.245
528 -0.155
529 -0.165
530 -0.095
531 -0.135
532 -0.15
533 -0.11
534 -0.12
535 -0.17
536 -0.055
537 -0.145
538 -0.195
539 -0.245
540 -0.285
541 -0.4
542 -0.335
543 -0.345
544 -0.3
545 -0.31
546 -0.245
547 -0.08
548 -0.1
549 -0.08
550 -0.135
551 -0.215
552 -0.115
553 -0.27
554 -0.225
555 -0.275
556 -0.17
557 -0.03
558 -0.12
559 -0.13
560 -0.155
561 -0.225
562 -0.205
563 -0.005
564 0.015
565 0.115
566 0.125
567 0.075
568 0.03
569 0.04
570 0.075
571 -0.095
572 0.04
573 0.045
574 0.015
575 0.12
576 0.01
577 -0.095
578 -0.045
579 -0.025
580 0.03
581 -0.045
582 -0.1
583 -0.165
584 -0.1
585 -0.09
586 -0.15
587 -0.01
588 -0.03
589 -0.075
590 -0.145
591 -0.18
592 -0.1
593 -0.1
594 -0.14
595 -0.115
596 -0.125
597 -0.155
598 -0.155
599 -0.15
600 -0.085
601 -0.015
602 -0.075
603 -0.145
604 -0.225
605 -0.31
606 -0.335
607 -0.295
608 -0.275
609 -0.29
610 -0.37
611 -0.25
612 -0.285
613 -0.255
614 -0.17
615 -0.075
616 -0.04
617 -0.005
618 -0.02
619 -0.025
620 0.08
621 0.09
622 0.06
623 -0.025
624 -0.025
625 0.03
626 -0.015
627 -0.055
628 0.045
629 0
630 -0.13
631 -0.205
632 -0.165
633 -0.2
634 -0.08
635 -0.035
636 0.015
637 0.015
638 -0.02
639 -0.025
640 -0.08
641 -0.08
642 -0.07
643 -0.155
644 -0.22
645 -0.21
646 -0.16
647 -0.155
648 -0.11
649 -0.07
650 -0.155
651 -0.015
652 -0.11
653 -0.04
654 -0.15
655 -0.08
656 -0.03
657 -0.11
658 -0.12
659 -0.11
660 0.045
661 0.035
662 0.02
663 0.075
664 0.04
665 0.005
666 0.04
667 -0.06
668 -0.065
669 -0.05
670 -0.105
671 -0.045
672 -0.045
673 -0.19
674 -0.115
675 -0.11
676 0.015
677 0
678 0.14
679 0.18
680 0.255
681 0.3
682 0.28
683 0.33
684 0.15
685 0.195
686 0.245
687 0.27
688 0.255
689 0.285
690 0.29
691 0.195
692 0.245
693 0.195
694 0.24
695 0.345
696 0.2
697 0.24
698 0.23
699 0.28
700 0.18
701 0.105
702 0.18
703 0.135
704 0.02
705 -0.03
706 -0.135
707 -0.125
708 0.085
709 -0.025
710 -0.075
711 -0.12
712 -0.04
713 -0.165
714 -0.105
715 -0.045
716 -0.03
717 -0.055
718 -0.015
719 -0.03
720 -0.045
721 -0.035
722 0.04
723 0.035
724 0.06
725 0.035
726 0.13
727 0.075
728 -0.015
729 0.08
730 0.225
731 0.12
732 -0.015
733 -0.03
734 -0.13
735 -0.025
736 -0.095
737 0.01
738 0.04
739 0.09
740 0.04
741 0.205
742 0.2
743 0.245
744 0.085
745 0.045
746 0.045
747 0.04
748 0.025
749 0.01
750 -0.085
751 -0.015
752 -0.075
753 0.045
754 0.11
755 0.015
756 -0.06
757 -0.04
758 0.025
759 0.105
760 0.14
761 0.08
762 0.005
763 -0.03
764 0
765 0.06
766 0.04
767 0.1
768 0.09
769 0.025
770 -0.115
771 -0.18
772 -0.2
773 -0.125
774 -0.16
775 -0.075
776 -0.07
777 -0.135
778 -0.06
779 -0.07
780 -0.03
781 -0.04
782 0.075
783 0.01
784 -0.105
785 -0.13
786 -0.12
787 -0.095
788 -0.09
789 -0.035
790 0.005
791 -0.04
792 0.04
793 -0.06
794 -0.03
795 -0.145
796 -0.07
797 -0.035
798 -0.07
799 0
800 -0.01
801 -0.01
802 -0.035
803 0.025
804 0.14
805 0.17
806 0.265
807 0.24
808 0.245
809 0.32
810 0.36
811 0.31
812 0.245
813 0.305
814 0.315
815 0.21
816 0.24
817 0.28
818 0.32
819 0.38
820 0.29
821 0.34
822 0.42
823 0.39
824 0.345
825 0.295
826 0.205
827 0.19
828 0.225
829 0.22
830 0.195
831 0.195
832 0.295
833 0.195
834 0.195
835 0.185
836 0.005
837 0.01
838 -0.01
839 0.025
840 -0.055
841 -0.11
842 -0.13
843 -0.04
844 -0.13
845 -0.035
846 0.04
847 0.12
848 0.09
849 0.18
850 0.2
851 0.17
852 0.06
853 0.06
854 0.1
855 0.08
856 0.115
857 0.135
858 0.115
859 0.09
860 0.02
861 0.085
862 0.095
863 0.06
864 -0.02
865 -0.07
866 -0.155
867 -0.095
868 -0.23
869 -0.14
870 0.015
871 0.04
872 -0.1
873 -0.075
874 -0.155
875 -0.035
876 0.02
877 0.045
878 -0.015
879 0.035
880 0.045
881 0.145
882 0.095
883 0.06
884 0.04
885 0.11
886 0.065
887 0.095
888 0.17
889 0.205
890 0.175
891 0.125
892 0.11
893 0.15
894 0.175
895 0.245
896 0.235
897 0.23
898 0.18
899 0.165
900 0.06
901 0.11
902 0.14
903 0.265
904 0.125
905 0.145
906 0.18
907 0.105
908 0.08
909 0.15
910 0.16
911 0.095
912 -0.065
913 0
914 0.01
915 -0.08
916 -0.265
917 -0.28
918 -0.195
919 -0.12
920 -0.06
921 -0.02
922 0.015
923 -0.02
924 0.025
925 -0.065
926 -0.04
927 -0.075
928 -0.055
929 -0.155
930 -0.09
931 -0.155
932 -0.105
933 -0.02
934 -0.035
935 0.09
936 0.12
937 0.205
938 0.23
939 0.255
940 0.19
941 0.17
942 0.16
943 0.11
944 0.1
945 0.17
946 0.115
947 0.04
948 -0.01
949 0
950 0.02
951 -0.005
952 -0.03
953 0.01
954 0.075
955 0.18
956 0.2
957 0.255
958 0.225
959 0.17
960 0.14
961 0.04
962 -0.04
963 0.01
964 -0.015
965 -0.095
966 -0.17
967 -0.235
968 -0.15
969 -0.155
970 -0.005
971 -0.085
972 -0.165
973 -0.23
974 -0.245
975 -0.11
976 -0.035
977 -0.095
978 -0.135
979 -0.14
980 -0.11
981 -0.05
982 -0.04
983 -0.13
984 -0.07
985 -0.18
986 -0.055
987 -0.05
988 -0.1
989 -0.125
990 0.075
991 0.26
992 0.31
993 0.28
994 0.075
995 0.145
996 0.18
997 0.125
998 -0.015
999 0.02
