STEP ACCRATIO <dR> <dR2> <ENERGY>
0 1 -0.301372 0.090825 3.23717
1 1 -0.29702 0.0882399 3.14503
2 0.666667 -0.29557 0.0873782 3.11432
3 0.75 -0.278952 0.0786551 2.80341
4 0.6 -0.268981 0.0734212 2.61687
5 0.5 -0.262334 0.0699319 2.4925
6 0.428571 -0.257586 0.0674396 2.40367
7 0.375 -0.254025 0.0655704 2.33705
8 0.444444 -0.244891 0.0615652 2.1943
9 0.4 -0.237585 0.058361 2.08009
10 0.363636 -0.231606 0.0557395 1.98666
11 0.333333 -0.226625 0.0535548 1.90879
12 0.384615 -0.220935 0.051228 1.82586
13 0.357143 -0.216059 0.0492335 1.75477
14 0.4 -0.209095 0.0467818 1.66739
15 0.375 -0.203003 0.0446365 1.59093
16 0.411765 -0.192942 0.0420709 1.49949
17 0.388889 -0.183999 0.0397904 1.4182
18 0.368421 -0.175997 0.03775 1.34548
19 0.4 -0.169231 0.0359452 1.28115
20 0.428571 -0.159466 0.0342947 1.22233
21 0.454545 -0.151416 0.03275 1.16727
22 0.434783 -0.144067 0.0313396 1.117
23 0.416667 -0.13733 0.0300467 1.07092
24 0.4 -0.131132 0.0288573 1.02853
25 0.384615 -0.12541 0.0277593 0.989393
26 0.407407 -0.120776 0.0267312 0.952748
27 0.392857 -0.116473 0.0257765 0.918722
28 0.413793 -0.112628 0.0248885 0.887072
29 0.433333 -0.108985 0.0240593 0.857516
30 0.419355 -0.105576 0.0232835 0.829867
31 0.40625 -0.102381 0.0225563 0.803946
32 0.424242 -0.0989951 0.0218754 0.779679
33 0.411765 -0.0958084 0.0212346 0.756839
34 0.4 -0.0928037 0.0206304 0.735304
35 0.416667 -0.0899111 0.0200609 0.715006
36 0.405405 -0.0871749 0.0195221 0.695805
37 0.394737 -0.0845826 0.0190118 0.677615
38 0.410256 -0.0822311 0.0185256 0.660286
39 0.4 -0.0799972 0.0180637 0.643824
40 0.414634 -0.0778532 0.0176247 0.628176
41 0.404762 -0.0758113 0.0172065 0.613272
42 0.395349 -0.0738644 0.0168078 0.599062
43 0.386364 -0.072006 0.0164273 0.585497
44 0.377778 -0.0702302 0.0160636 0.572536
45 0.369565 -0.0685316 0.0157157 0.560138
46 0.361702 -0.0669052 0.0153827 0.548267
47 0.354167 -0.0653466 0.0150635 0.536892
48 0.367347 -0.0634209 0.0147733 0.526547
49 0.36 -0.0615722 0.0144947 0.516616
50 0.352941 -0.0597959 0.014227 0.507075
51 0.365385 -0.0581283 0.0139673 0.49782
52 0.358491 -0.0565235 0.0137174 0.488915
53 0.37037 -0.0552924 0.0134653 0.479926
54 0.363636 -0.054106 0.0132222 0.471265
55 0.357143 -0.052962 0.0129879 0.462912
56 0.368421 -0.0517265 0.0127654 0.454982
57 0.362069 -0.0505336 0.0125506 0.447325
58 0.372881 -0.0498504 0.0123396 0.439806
59 0.383333 -0.0491405 0.0121348 0.432507
60 0.377049 -0.0484538 0.0119368 0.425448
61 0.370968 -0.0477893 0.0117451 0.418616
62 0.380952 -0.0468991 0.0115597 0.41201
63 0.390625 -0.0458021 0.0113876 0.405875
64 0.384615 -0.0447389 0.0112208 0.399928
65 0.393939 -0.0441297 0.0110511 0.39388
66 0.38806 -0.0435387 0.0108864 0.388012
67 0.382353 -0.042965 0.0107266 0.382317
68 0.376812 -0.042408 0.0105715 0.376787
69 0.385714 -0.0416116 0.010423 0.371494
70 0.394366 -0.0411311 0.010277 0.36629
71 0.388889 -0.040664 0.010135 0.361231
72 0.383562 -0.0402097 0.00999696 0.35631
73 0.378378 -0.0397676 0.00986263 0.351522
74 0.373333 -0.0393374 0.00973188 0.346862
75 0.381579 -0.0385 0.0096116 0.342575
76 0.376623 -0.0376843 0.00949445 0.338399
77 0.384615 -0.0371631 0.00937284 0.334065
78 0.379747 -0.0366551 0.0092543 0.32984
79 0.375 -0.0361598 0.00913874 0.325721
80 0.37037 -0.0356768 0.00902602 0.321704
81 0.378049 -0.0352109 0.00891602 0.317783
82 0.373494 -0.0347562 0.00880868 0.313957
83 0.369048 -0.0343124 0.00870389 0.310222
84 0.364706 -0.0338791 0.00860157 0.306575
85 0.360465 -0.0334558 0.00850162 0.303013
86 0.356322 -0.0330422 0.00840398 0.299533
87 0.352273 -0.032638 0.00830855 0.296132
88 0.348315 -0.0322429 0.00821527 0.292807
89 0.344444 -0.0318566 0.00812406 0.289556
90 0.340659 -0.0314788 0.00803485 0.286377
91 0.336957 -0.0311092 0.00794758 0.283266
92 0.344086 -0.0305237 0.00786798 0.280429
93 0.351064 -0.0301769 0.00778433 0.277448
94 0.347368 -0.0298373 0.00770243 0.274529
95 0.34375 -0.0295048 0.00762224 0.271671
96 0.340206 -0.0291792 0.00754371 0.268872
97 0.336735 -0.0288602 0.00746678 0.26613
98 0.333333 -0.0285477 0.0073914 0.263443
99 0.33 -0.0282414 0.00731753 0.26081
100 0.336634 -0.0281325 0.00724802 0.258333
101 0.343137 -0.0277589 0.00717794 0.255835
102 0.349515 -0.0275037 0.00710827 0.253352
103 0.346154 -0.0272533 0.00703994 0.250916
104 0.342857 -0.0270077 0.00697292 0.248527
105 0.339623 -0.0267667 0.00690716 0.246184
106 0.345794 -0.0263159 0.00684691 0.244036
107 0.342593 -0.0258734 0.00678778 0.241929
108 0.348624 -0.0256778 0.0067257 0.239716
109 0.345455 -0.0254859 0.00666475 0.237544
110 0.342342 -0.0252974 0.00660489 0.23541
111 0.348214 -0.0250956 0.00654599 0.233311
112 0.353982 -0.0248277 0.00648829 0.231255
113 0.350877 -0.0245645 0.00643161 0.229234
114 0.347826 -0.0243059 0.00637592 0.227249
115 0.353448 -0.0238887 0.00632596 0.225469
116 0.350427 -0.0234787 0.00627685 0.223718
117 0.347458 -0.0230756 0.00622857 0.221998
118 0.344538 -0.0226793 0.0061811 0.220306
119 0.341667 -0.0222896 0.00613443 0.218642
120 0.338843 -0.0219063 0.00608853 0.217006
121 0.344262 -0.0217461 0.00603867 0.215229
122 0.341463 -0.0215885 0.00598962 0.213481
123 0.33871 -0.0214334 0.00594136 0.211761
124 0.344 -0.0210124 0.00590161 0.210344
125 0.349206 -0.0206279 0.00586075 0.208888
126 0.346457 -0.0202494 0.00582052 0.207454
127 0.34375 -0.0198769 0.00578093 0.206043
128 0.348837 -0.019801 0.00573691 0.204474
129 0.346154 -0.0197262 0.00569356 0.202929
130 0.343511 -0.0196526 0.00565087 0.201407
131 0.348485 -0.0195542 0.0056084 0.199894
132 0.353383 -0.0193787 0.00556634 0.198394
133 0.350746 -0.0192057 0.00552491 0.196918
134 0.348148 -0.0190353 0.00548409 0.195463
135 0.345588 -0.0188675 0.00544387 0.194029
136 0.343066 -0.018702 0.00540424 0.192617
137 0.347826 -0.0186827 0.00536694 0.191288
138 0.352518 -0.0184224 0.00533053 0.18999
139 0.357143 -0.0179771 0.00530624 0.189124
140 0.361702 -0.0176124 0.00527654 0.188065
141 0.359155 -0.0172528 0.00524725 0.187022
142 0.356643 -0.0168983 0.00521838 0.185993
143 0.354167 -0.0165487 0.00518991 0.184978
144 0.351724 -0.016204 0.00516183 0.183977
145 0.356164 -0.0162039 0.00512827 0.182781
146 0.360544 -0.0158377 0.00510301 0.181881
147 0.364865 -0.01567 0.00506908 0.180671
148 0.362416 -0.0155044 0.0050356 0.179478
149 0.36 -0.0153411 0.00500257 0.178301
150 0.357616 -0.0151799 0.00496998 0.177139
151 0.355263 -0.0150209 0.00493781 0.175993
152 0.352941 -0.0148639 0.00490607 0.174861
153 0.357143 -0.0146356 0.00487689 0.173821
154 0.354839 -0.0144102 0.00484808 0.172795
155 0.352564 -0.0141876 0.00481965 0.171781
156 0.356688 -0.0141115 0.00478898 0.170688
157 0.35443 -0.0140363 0.0047587 0.169609
158 0.352201 -0.013962 0.00472881 0.168543
159 0.35625 -0.0138109 0.0046999 0.167513
160 0.354037 -0.0136617 0.00467136 0.166496
161 0.358025 -0.0135319 0.00464286 0.16548
162 0.361963 -0.0134189 0.00461452 0.16447
163 0.365854 -0.0132662 0.00458721 0.163496
164 0.363636 -0.0131154 0.00456022 0.162535
165 0.36747 -0.0130737 0.00453298 0.161564
166 0.365269 -0.0130326 0.00450607 0.160605
167 0.363095 -0.012992 0.00447948 0.159657
168 0.366864 -0.0128219 0.00445444 0.158764
169 0.364706 -0.0126538 0.0044297 0.157883
170 0.362573 -0.0124877 0.00440524 0.157011
171 0.366279 -0.0124175 0.00437963 0.156098
172 0.364162 -0.0123481 0.00435432 0.155196
173 0.367816 -0.01228 0.0043293 0.154304
174 0.371429 -0.0121737 0.00430478 0.15343
175 0.369318 -0.0120686 0.00428055 0.152567
176 0.367232 -0.0119648 0.00425659 0.151713
177 0.365169 -0.0118621 0.0042329 0.150868
178 0.363128 -0.0117605 0.00420948 0.150034
179 0.361111 -0.0116601 0.00418632 0.149208
180 0.359116 -0.0115608 0.00416341 0.148391
181 0.357143 -0.0114626 0.00414075 0.147584
182 0.355191 -0.0113654 0.00411834 0.146785
183 0.358696 -0.0111937 0.00409818 0.146067
184 0.356757 -0.0110238 0.00407824 0.145356
185 0.354839 -0.0108558 0.00405852 0.144653
186 0.358289 -0.010821 0.00403692 0.143883
187 0.356383 -0.0107866 0.00401554 0.143121
188 0.359788 -0.0107515 0.00399439 0.142367
189 0.357895 -0.0107167 0.00397346 0.141621
190 0.356021 -0.0106824 0.00395274 0.140883
191 0.354167 -0.0106484 0.00393225 0.140152
192 0.352332 -0.0106147 0.00391196 0.139429
193 0.350515 -0.0105814 0.00389189 0.138714
194 0.348718 -0.0105484 0.00387202 0.138006
195 0.346939 -0.0105158 0.00385235 0.137305
196 0.345178 -0.0104835 0.00383288 0.136611
197 0.343434 -0.0104515 0.00381361 0.135924
198 0.341709 -0.0104199 0.00379453 0.135244
199 0.34 -0.0103885 0.00377565 0.134571
200 0.338308 -0.0103575 0.00375695 0.133904
201 0.336634 -0.0103268 0.00373843 0.133245
202 0.339901 -0.0102953 0.00372009 0.132591
203 0.338235 -0.0102641 0.00370193 0.131944
204 0.341463 -0.0100674 0.00368828 0.131457
205 0.339806 -0.00987266 0.00367476 0.130975
206 0.338164 -0.00967979 0.00366137 0.130498
207 0.336538 -0.00948877 0.00364811 0.130025
208 0.339713 -0.00941 0.00363089 0.129411
209 0.342857 -0.00942481 0.00361434 0.128822
210 0.341232 -0.00943947 0.00359796 0.128238
211 0.339623 -0.00945399 0.00358173 0.127659
212 0.342723 -0.00937751 0.00356513 0.127068
213 0.345794 -0.00948259 0.00355321 0.126643
214 0.344186 -0.0095867 0.00354141 0.126222
215 0.342593 -0.00968984 0.00352972 0.125806
216 0.341014 -0.00979203 0.00351813 0.125393
217 0.344037 -0.009659 0.00350368 0.124878
218 0.342466 -0.00952718 0.00348937 0.124368
219 0.340909 -0.00939655 0.00347519 0.123862
220 0.339367 -0.00926711 0.00346113 0.123361
221 0.337838 -0.00913884 0.0034472 0.122865
222 0.336323 -0.00901172 0.0034334 0.122373
223 0.339286 -0.00896772 0.00341808 0.121826
224 0.337778 -0.00892412 0.00340289 0.121285
225 0.340708 -0.00900102 0.00339089 0.120858
226 0.339207 -0.00907724 0.003379 0.120434
227 0.337719 -0.00915279 0.00336722 0.120014
228 0.340611 -0.00907087 0.00335291 0.119504
229 0.343478 -0.00907148 0.00333871 0.118998
230 0.341991 -0.00907208 0.00332462 0.118496
231 0.340517 -0.00907267 0.00331066 0.117998
232 0.343348 -0.00890648 0.00330022 0.117626
233 0.346154 -0.00899903 0.00329011 0.117265
234 0.344681 -0.00909079 0.00328008 0.116908
235 0.34322 -0.00918177 0.00327014 0.116554
236 0.341772 -0.00927198 0.00326028 0.116202
237 0.340336 -0.00936143 0.00325051 0.115854
238 0.338912 -0.00945014 0.00324082 0.115509
239 0.341667 -0.00932911 0.00322891 0.115084
240 0.344398 -0.0093759 0.00321728 0.11467
241 0.347107 -0.00930974 0.00320417 0.114202
242 0.349794 -0.00906772 0.00320106 0.114092
243 0.352459 -0.00916263 0.0031922 0.113776
244 0.355102 -0.00904513 0.00318074 0.113367
245 0.353659 -0.00892859 0.00316938 0.112962
246 0.356275 -0.00887872 0.00315659 0.112507
247 0.354839 -0.00882925 0.00314391 0.112055
248 0.353414 -0.00878017 0.00313133 0.111606
249 0.356 -0.00883331 0.00312075 0.111229
250 0.354582 -0.00888603 0.00311026 0.110855
251 0.353175 -0.00893832 0.00309985 0.110484
252 0.355731 -0.00885402 0.0030882 0.110069
253 0.354331 -0.00877038 0.00307665 0.109657
254 0.352941 -0.00868739 0.00306519 0.109249
255 0.351562 -0.00860506 0.00305381 0.108843
256 0.350195 -0.00852336 0.00304253 0.108441
257 0.348837 -0.0084423 0.00303133 0.108042
258 0.34749 -0.00836187 0.00302022 0.107646
259 0.346154 -0.00828205 0.00300919 0.107253
260 0.344828 -0.00820284 0.00299825 0.106863
261 0.343511 -0.00812424 0.00298739 0.106476
262 0.342205 -0.00804624 0.00297662 0.106092
263 0.340909 -0.00796883 0.00296593 0.105711
264 0.343396 -0.00781652 0.00295869 0.105453
265 0.342105 -0.00766537 0.00295151 0.105197
266 0.340824 -0.00751534 0.00294439 0.104943
267 0.343284 -0.00756604 0.00293507 0.104611
268 0.345725 -0.0075363 0.00292415 0.104222
269 0.348148 -0.0074492 0.00291427 0.10387
270 0.346863 -0.00736275 0.00290446 0.10352
271 0.345588 -0.00727693 0.00289472 0.103173
272 0.344322 -0.00719174 0.00288505 0.102828
273 0.343066 -0.00710717 0.00287545 0.102486
274 0.341818 -0.00702322 0.00286593 0.102147
275 0.34058 -0.00693987 0.00285647 0.10181
276 0.33935 -0.00685713 0.00284708 0.101475
277 0.341727 -0.0068075 0.00283701 0.101116
278 0.340502 -0.00675822 0.00282701 0.10076
279 0.339286 -0.0067093 0.00281709 0.100406
280 0.338078 -0.00666073 0.00280724 0.100055
281 0.340426 -0.00665613 0.00279738 0.0997038
282 0.339223 -0.00665158 0.0027876 0.0993551
283 0.338028 -0.00664705 0.00277789 0.0990089
284 0.336842 -0.00664256 0.00276824 0.0986651
285 0.335664 -0.00663809 0.00275866 0.0983237
286 0.334495 -0.00663366 0.00274915 0.0979847
287 0.336806 -0.00664843 0.00274002 0.0976591
288 0.3391 -0.00671347 0.00273278 0.0974011
289 0.337931 -0.00677807 0.00272558 0.0971448
290 0.33677 -0.00684222 0.00271844 0.0968903
291 0.339041 -0.00682119 0.00270914 0.0965585
292 0.341297 -0.00688565 0.00270215 0.0963094
293 0.343537 -0.00690364 0.00269346 0.0959998
294 0.342373 -0.0069215 0.00268483 0.0956922
295 0.341216 -0.00693925 0.00267626 0.0953868
296 0.340067 -0.00695687 0.00266775 0.0950834
297 0.338926 -0.00697438 0.00265929 0.0947821
298 0.337793 -0.00699177 0.0026509 0.0944827
299 0.336667 -0.00700904 0.00264255 0.0941854
300 0.335548 -0.0070262 0.00263427 0.09389
301 0.334437 -0.00704324 0.00262603 0.0935966
302 0.333333 -0.00706018 0.00261786 0.0933052
303 0.332237 -0.007077 0.00260973 0.0930156
304 0.331148 -0.00709371 0.00260166 0.092728
305 0.330065 -0.00711031 0.00259364 0.0924422
306 0.332248 -0.0069709 0.00258934 0.092289
307 0.334416 -0.00684044 0.00258452 0.0921169
308 0.33657 -0.0069135 0.00257895 0.0919186
309 0.33871 -0.00692824 0.00257106 0.0916373
310 0.337621 -0.00694288 0.00256322 0.0913577
311 0.336538 -0.00695743 0.00255542 0.09108
312 0.335463 -0.00697189 0.00254768 0.090804
313 0.334395 -0.00698626 0.00253999 0.0905298
314 0.336508 -0.0069449 0.00253204 0.0902465
315 0.335443 -0.00690381 0.00252414 0.0899651
316 0.334385 -0.00686298 0.0025163 0.0896854
317 0.333333 -0.0068224 0.0025085 0.0894074
318 0.332288 -0.00678208 0.00250075 0.0891312
319 0.33125 -0.00674201 0.00249305 0.0888568
320 0.333333 -0.00674206 0.00248542 0.088585
321 0.335404 -0.00672286 0.00247771 0.0883099
322 0.337461 -0.00672608 0.00247022 0.0880432
323 0.33642 -0.00672928 0.00246278 0.0877781
324 0.335385 -0.00673246 0.00245539 0.0875146
325 0.334356 -0.00673563 0.00244804 0.0872527
326 0.333333 -0.00673877 0.00244074 0.0869925
327 0.332317 -0.00674189 0.00243348 0.0867338
328 0.331307 -0.006745 0.00242627 0.0864767
329 0.330303 -0.00674808 0.0024191 0.0862212
330 0.329305 -0.00675115 0.00241197 0.0859672
331 0.328313 -0.0067542 0.00240489 0.0857147
332 0.33033 -0.00672192 0.00239772 0.085459
333 0.329341 -0.00668984 0.00239059 0.0852048
334 0.328358 -0.00665794 0.0023835 0.0849522
335 0.330357 -0.00659435 0.00237705 0.0847223
336 0.332344 -0.00650552 0.00237161 0.0845285
337 0.331361 -0.00641722 0.00236621 0.0843359
338 0.330383 -0.00632944 0.00236083 0.0841444
339 0.332353 -0.00628184 0.00235418 0.0839071
340 0.331378 -0.00623452 0.00234756 0.0836712
341 0.330409 -0.00618748 0.00234098 0.0834366
342 0.329446 -0.00614071 0.00233443 0.0832035
343 0.328488 -0.00609422 0.00232793 0.0829717
344 0.327536 -0.00604799 0.00232146 0.0827412
345 0.32659 -0.00600203 0.00231504 0.0825121
346 0.32853 -0.00593962 0.00230907 0.0822994
347 0.327586 -0.00587758 0.00230314 0.082088
348 0.326648 -0.00581589 0.00229724 0.0818779
349 0.328571 -0.00583897 0.00229123 0.0816636
350 0.327635 -0.00586192 0.00228525 0.0814505
351 0.326705 -0.00588474 0.00227931 0.0812387
352 0.325779 -0.00590743 0.0022734 0.081028
353 0.324859 -0.00593 0.00226752 0.0808186
354 0.323944 -0.00595243 0.00226168 0.0806103
355 0.323034 -0.00597474 0.00225587 0.0804032
356 0.32493 -0.00599947 0.00225016 0.0801999
357 0.324022 -0.00602405 0.00224449 0.0799976
358 0.32312 -0.00604851 0.00223885 0.0797966
359 0.322222 -0.00607282 0.00223324 0.0795966
360 0.32133 -0.006097 0.00222766 0.0793977
361 0.320442 -0.00612105 0.00222211 0.0792
362 0.319559 -0.00614496 0.00221659 0.0790033
363 0.318681 -0.00616874 0.0022111 0.0788077
364 0.320548 -0.0061013 0.00220598 0.078625
365 0.322404 -0.00602657 0.00220118 0.0784542
366 0.321526 -0.00595225 0.00219642 0.0782843
367 0.320652 -0.00587833 0.00219167 0.0781153
368 0.319783 -0.00580481 0.00218696 0.0779472
369 0.318919 -0.00573169 0.00218227 0.07778
370 0.320755 -0.0056173 0.00218002 0.0776998
371 0.322581 -0.00551911 0.00217673 0.0775825
372 0.324397 -0.00545256 0.00217189 0.0774101
373 0.323529 -0.00538636 0.00216708 0.0772386
374 0.322667 -0.00532051 0.00216229 0.0770681
375 0.321809 -0.00525502 0.00215753 0.0768985
376 0.320955 -0.00518987 0.0021528 0.0767297
377 0.320106 -0.00512507 0.00214809 0.0765619
378 0.319261 -0.0050606 0.00214341 0.0763949
379 0.318421 -0.00499648 0.00213875 0.0762288
380 0.32021 -0.00498316 0.00213313 0.0760288
381 0.319372 -0.00496991 0.00212755 0.0758297
382 0.318538 -0.00495672 0.00212199 0.0756317
383 0.317708 -0.00494361 0.00211647 0.0754348
384 0.316883 -0.00493056 0.00211097 0.0752388
385 0.316062 -0.00491758 0.0021055 0.0750439
386 0.315245 -0.00490467 0.00210006 0.07485
387 0.31701 -0.00488739 0.00209466 0.0746574
388 0.316195 -0.00487019 0.00208928 0.0744658
389 0.315385 -0.00485308 0.00208393 0.0742751
390 0.314578 -0.00483606 0.00207861 0.0740855
391 0.313776 -0.00481913 0.00207332 0.0738968
392 0.312977 -0.00480228 0.00206805 0.073709
393 0.312183 -0.00478552 0.00206281 0.0735223
394 0.313924 -0.00468427 0.00206072 0.073448
395 0.315657 -0.00463928 0.00205596 0.073278
396 0.31738 -0.00462684 0.00205078 0.0730935
397 0.319095 -0.00453996 0.00204788 0.0729901
398 0.320802 -0.00453215 0.00204275 0.0728074
399 0.32 -0.00452437 0.00203765 0.0726255
400 0.319202 -0.00451663 0.00203257 0.0724446
401 0.318408 -0.00450893 0.00202752 0.0722646
402 0.317618 -0.00450127 0.0020225 0.0720854
403 0.316832 -0.00449364 0.00201749 0.0719072
404 0.316049 -0.00448605 0.00201252 0.0717298
405 0.315271 -0.0044785 0.00200757 0.0715533
406 0.314496 -0.00447099 0.00200264 0.0713777
407 0.313726 -0.00446352 0.00199773 0.0712029
408 0.312958 -0.00445608 0.00199286 0.071029
409 0.312195 -0.00444867 0.001988 0.0708559
410 0.313869 -0.004465 0.00198347 0.0706943
411 0.315534 -0.00453636 0.00198144 0.070622
412 0.31477 -0.00460738 0.00197941 0.0705499
413 0.31401 -0.00467805 0.0019774 0.0704783
414 0.313253 -0.00474838 0.0019754 0.0704069
415 0.314904 -0.0047525 0.00197075 0.0702413
416 0.314149 -0.0047566 0.00196613 0.0700764
417 0.313397 -0.00476067 0.00196152 0.0699123
418 0.315036 -0.00478129 0.00195727 0.0697607
419 0.316667 -0.00468682 0.00195551 0.069698
420 0.315914 -0.0045928 0.00195376 0.0696355
421 0.315166 -0.00449922 0.00195201 0.0695733
422 0.316785 -0.00451309 0.00194765 0.0694179
423 0.316038 -0.0045269 0.00194331 0.0692632
424 0.315294 -0.00454064 0.00193899 0.0691093
425 0.314554 -0.00455432 0.00193469 0.068956
426 0.313817 -0.00456793 0.00193042 0.0688035
427 0.313084 -0.00458148 0.00192616 0.0686517
428 0.314685 -0.00463469 0.00192342 0.0685541
429 0.313953 -0.00468766 0.00192069 0.068457
430 0.315545 -0.00463363 0.00191704 0.0683267
431 0.314815 -0.00457986 0.0019134 0.0681971
432 0.314088 -0.00452633 0.00190978 0.0680681
433 0.313364 -0.00447304 0.00190618 0.0679396
434 0.312644 -0.00442001 0.00190259 0.0678118
435 0.31422 -0.00446837 0.00189972 0.0677095
436 0.315789 -0.00445717 0.00189537 0.0675545
437 0.315068 -0.00444601 0.00189105 0.0674003
438 0.314351 -0.0044349 0.00188674 0.0672468
439 0.313636 -0.00442384 0.00188245 0.067094
440 0.312925 -0.00441284 0.00187818 0.0669419
441 0.31448 -0.00441765 0.00187403 0.0667938
442 0.31377 -0.00442244 0.0018699 0.0666465
443 0.313063 -0.00442721 0.00186578 0.0664998
444 0.31236 -0.00443196 0.00186168 0.0663538
445 0.313901 -0.00441714 0.00185752 0.0662054
446 0.313199 -0.0044024 0.00185338 0.0660577
447 0.314732 -0.00438076 0.0018493 0.0659125
448 0.316258 -0.004403 0.00184564 0.0657821
449 0.317778 -0.0044263 0.00184203 0.0656534
450 0.317073 -0.0044495 0.00183844 0.0655254
451 0.316372 -0.0044726 0.00183486 0.0653979
452 0.315673 -0.00449559 0.0018313 0.065271
453 0.314978 -0.00451849 0.00182776 0.0651446
454 0.314286 -0.00454128 0.00182423 0.0650188
455 0.315789 -0.0045232 0.00182026 0.0648773
456 0.317287 -0.00444056 0.00181869 0.0648215
457 0.316594 -0.00435829 0.00181713 0.064766
458 0.318083 -0.00427348 0.00181578 0.0647176
459 0.317391 -0.00418905 0.00181443 0.0646695
460 0.316703 -0.00410497 0.00181308 0.0646216
461 0.316017 -0.00402127 0.00181175 0.064574
462 0.317495 -0.00407835 0.00180984 0.0645058
463 0.31681 -0.00413518 0.00180793 0.064438
464 0.316129 -0.00419176 0.00180604 0.0643705
465 0.315451 -0.00424811 0.00180415 0.0643033
466 0.316916 -0.00424247 0.0018003 0.0641658
467 0.316239 -0.00423685 0.00179645 0.0640289
468 0.315565 -0.00423126 0.00179263 0.0638926
469 0.314894 -0.00422569 0.00178882 0.0637568
470 0.316348 -0.00422884 0.00178509 0.0636239
471 0.315678 -0.00423199 0.00178138 0.0634916
472 0.315011 -0.00423511 0.00177768 0.0633598
473 0.316456 -0.00418738 0.00177465 0.0632516
474 0.317895 -0.00423841 0.00177261 0.0631791
475 0.317227 -0.00428923 0.00177058 0.0631068
476 0.316562 -0.00433983 0.00176857 0.0630349
477 0.317992 -0.00436894 0.00176556 0.0629279
478 0.317328 -0.00439794 0.00176257 0.0628213
479 0.316667 -0.00442681 0.0017596 0.0627152
480 0.316008 -0.00445556 0.00175663 0.0626095
481 0.315353 -0.00448419 0.00175368 0.0625043
482 0.3147 -0.0045127 0.00175074 0.0623994
483 0.31405 -0.0045411 0.00174781 0.0622951
484 0.313402 -0.00456938 0.00174489 0.0621911
485 0.312757 -0.00459754 0.00174199 0.0620876
486 0.312115 -0.00462559 0.00173909 0.0619845
487 0.311475 -0.00465352 0.00173621 0.0618818
488 0.310838 -0.00468134 0.00173334 0.0617796
489 0.312245 -0.00468431 0.00172988 0.0616562
490 0.313646 -0.00466296 0.00172643 0.0615331
491 0.313008 -0.00464169 0.00172299 0.0614105
492 0.312373 -0.00462051 0.00171956 0.0612883
493 0.311741 -0.00459942 0.00171615 0.0611667
494 0.311111 -0.00457841 0.00171275 0.0610455
495 0.310484 -0.00455748 0.00170937 0.0609249
496 0.309859 -0.00453664 0.00170599 0.0608047
497 0.311245 -0.00453563 0.0017026 0.0606838
498 0.310621 -0.00453462 0.00169922 0.0605633
499 0.31 -0.00453361 0.00169586 0.0604434
500 0.309381 -0.00453261 0.0016925 0.0603239
501 0.308765 -0.00453162 0.00168916 0.0602049
502 0.308151 -0.00453063 0.00168584 0.0600863
503 0.30754 -0.00452964 0.00168252 0.0599682
504 0.306931 -0.00452865 0.00167923 0.0598506
505 0.3083 -0.0044937 0.00167625 0.0597446
506 0.309665 -0.00448474 0.00167294 0.0596267
507 0.311024 -0.00448997 0.00166975 0.0595129
508 0.312377 -0.00446173 0.00166666 0.0594028
509 0.313726 -0.00447432 0.00166363 0.0592946
510 0.313112 -0.00448686 0.0016606 0.0591869
511 0.3125 -0.00449935 0.00165759 0.0590795
512 0.311891 -0.0045118 0.00165459 0.0589726
513 0.311284 -0.00452419 0.0016516 0.0588661
514 0.31068 -0.00453654 0.00164862 0.05876
515 0.312016 -0.00451308 0.00164554 0.05865
516 0.311412 -0.00448971 0.00164247 0.0585405
517 0.310811 -0.00446643 0.00163941 0.0584315
518 0.312139 -0.0044996 0.00163715 0.0583512
519 0.311538 -0.00453265 0.00163491 0.0582712
520 0.31286 -0.0045283 0.00163178 0.0581597
521 0.314176 -0.00451363 0.00162868 0.0580489
522 0.313576 -0.00449902 0.00162558 0.0579386
523 0.312977 -0.00448446 0.0016225 0.0578287
524 0.312381 -0.00446996 0.00161942 0.0577192
525 0.311787 -0.00445551 0.00161636 0.0576102
526 0.313093 -0.00445345 0.00161332 0.0575016
527 0.3125 -0.00445139 0.00161028 0.0573935
528 0.311909 -0.00444935 0.00160726 0.0572857
529 0.311321 -0.00444731 0.00160425 0.0571784
530 0.310734 -0.00444528 0.00160125 0.0570715
531 0.31015 -0.00444325 0.00159826 0.056965
532 0.309568 -0.00444123 0.00159529 0.0568589
533 0.310861 -0.00437663 0.00159399 0.0568127
534 0.31028 -0.00431227 0.0015927 0.0567667
535 0.309702 -0.00424815 0.00159141 0.0567208
536 0.309125 -0.00418427 0.00159013 0.0566752
537 0.30855 -0.00412063 0.00158885 0.0566297
538 0.307978 -0.00405722 0.00158758 0.0565843
539 0.307407 -0.00399405 0.00158632 0.0565392
540 0.306839 -0.00393111 0.00158505 0.0564942
541 0.306273 -0.0038684 0.0015838 0.0564494
542 0.305709 -0.00380592 0.00158254 0.0564047
543 0.306985 -0.00384377 0.00158073 0.05634
544 0.306422 -0.00388148 0.00157892 0.0562755
545 0.305861 -0.00391904 0.00157712 0.0562113
546 0.305302 -0.00395648 0.00157532 0.0561473
547 0.304745 -0.00399377 0.00157353 0.0560836
548 0.304189 -0.00403093 0.00157175 0.0560201
549 0.305455 -0.00404566 0.00156916 0.0559277
550 0.3049 -0.00406034 0.00156658 0.0558358
551 0.304348 -0.00407497 0.00156401 0.0557441
552 0.305606 -0.0040325 0.00156186 0.0556676
553 0.305054 -0.00399018 0.00155972 0.0555914
554 0.304505 -0.00394801 0.00155759 0.0555154
555 0.305755 -0.00391596 0.00155514 0.0554279
556 0.305206 -0.00388402 0.00155269 0.0553407
557 0.304659 -0.0038522 0.00155025 0.0552538
558 0.305903 -0.00384542 0.00154748 0.055155
559 0.305357 -0.00383868 0.00154472 0.0550565
560 0.306595 -0.0038385 0.00154199 0.0549592
561 0.30605 -0.00383832 0.00153927 0.0548623
562 0.305506 -0.00383814 0.00153656 0.0547658
563 0.306738 -0.00384559 0.00153395 0.0546727
564 0.307965 -0.00375297 0.00153539 0.0547243
565 0.30742 -0.00366068 0.00153684 0.0547756
566 0.306878 -0.00356872 0.00153827 0.0548268
567 0.308099 -0.00350505 0.00153743 0.0547969
568 0.307557 -0.0034416 0.0015366 0.0547671
569 0.307018 -0.00337838 0.00153577 0.0547375
570 0.30648 -0.00331538 0.00153494 0.054708
571 0.305944 -0.0032526 0.00153411 0.0546785
572 0.30541 -0.00319003 0.00153329 0.0546492
573 0.304878 -0.00312769 0.00153247 0.0546199
574 0.304348 -0.00306556 0.00153165 0.0545908
575 0.305556 -0.00309592 0.00152972 0.0545222
576 0.306759 -0.00308336 0.0015271 0.0544287
577 0.306228 -0.00307085 0.00152449 0.0543356
578 0.305699 -0.00305838 0.00152189 0.0542428
579 0.305172 -0.00304595 0.00151929 0.0541504
580 0.304647 -0.00303357 0.00151671 0.0540582
581 0.304124 -0.00302123 0.00151413 0.0539664
582 0.303602 -0.00300893 0.00151156 0.0538749
583 0.303082 -0.00299667 0.00150901 0.0537837
584 0.302564 -0.00298446 0.00150646 0.0536928
585 0.302048 -0.00297228 0.00150391 0.0536022
586 0.301533 -0.00296015 0.00150138 0.053512
587 0.30102 -0.00294806 0.00149886 0.053422
588 0.300509 -0.00293601 0.00149634 0.0533323
589 0.301695 -0.00299084 0.00149592 0.0533172
590 0.302876 -0.00303742 0.00149496 0.0532831
591 0.302365 -0.00308385 0.00149401 0.0532492
592 0.301855 -0.00313011 0.00149306 0.0532154
593 0.301347 -0.00317622 0.00149211 0.0531817
594 0.30084 -0.00322218 0.00149117 0.0531481
595 0.300336 -0.00326798 0.00149023 0.0531146
596 0.299832 -0.00331363 0.0014893 0.0530813
597 0.299331 -0.00335913 0.00148836 0.053048
598 0.298831 -0.00340447 0.00148743 0.0530149
599 0.298333 -0.00344966 0.00148651 0.0529819
600 0.299501 -0.00344171 0.00148404 0.0528938
601 0.299003 -0.00343378 0.00148158 0.0528061
602 0.300166 -0.00342757 0.00147912 0.0527185
603 0.299669 -0.00342138 0.00147667 0.0526312
604 0.299174 -0.00341521 0.00147423 0.0525442
605 0.29868 -0.00340906 0.0014718 0.0524575
606 0.298188 -0.00340293 0.00146937 0.0523711
607 0.297697 -0.00339682 0.00146696 0.052285
608 0.297209 -0.00339074 0.00146455 0.0521991
609 0.296721 -0.00338467 0.00146215 0.0521136
610 0.296236 -0.00337862 0.00145975 0.0520283
611 0.297386 -0.00335495 0.00145757 0.0519504
612 0.298532 -0.0033392 0.00145526 0.051868
613 0.298046 -0.0033235 0.00145295 0.0517858
614 0.299187 -0.00331159 0.00145061 0.0517026
615 0.298701 -0.00329972 0.00144829 0.0516195
616 0.298217 -0.00328789 0.00144596 0.0515368
617 0.297735 -0.00327609 0.00144365 0.0514543
618 0.298869 -0.00331218 0.00144238 0.051409
619 0.298387 -0.00334815 0.00144111 0.0513638
620 0.297907 -0.00338401 0.00143985 0.0513187
621 0.297428 -0.00341975 0.00143859 0.0512738
622 0.29695 -0.00345537 0.00143733 0.0512291
623 0.296474 -0.00349088 0.00143608 0.0511844
624 0.296 -0.00352628 0.00143483 0.05114
625 0.295527 -0.00356156 0.00143359 0.0510956
626 0.295056 -0.00359674 0.00143235 0.0510514
627 0.296178 -0.00356432 0.00143051 0.0509861
628 0.297297 -0.00354028 0.00142845 0.0509126
629 0.296825 -0.00351631 0.0014264 0.0508393
630 0.29794 -0.00352976 0.00142436 0.0507669
631 0.299051 -0.00352414 0.00142211 0.0506866
632 0.298578 -0.00351853 0.00141986 0.0506065
633 0.298107 -0.00351295 0.00141762 0.0505267
634 0.297638 -0.00350738 0.00141539 0.0504471
635 0.298742 -0.00345251 0.00141472 0.050423
636 0.298273 -0.0033978 0.00141404 0.050399
637 0.297806 -0.00334327 0.00141337 0.0503751
638 0.298905 -0.00343281 0.0014169 0.0505008
639 0.3 -0.00337026 0.00141678 0.0504965
640 0.299532 -0.00330791 0.00141666 0.0504922
641 0.299065 -0.00324574 0.00141654 0.050488
642 0.2986 -0.00318377 0.00141642 0.0504837
643 0.298137 -0.003122 0.0014163 0.0504794
644 0.297674 -0.00306041 0.00141618 0.0504752
645 0.298762 -0.00308903 0.00141471 0.0504227
646 0.299845 -0.00312876 0.0014138 0.0503904
647 0.300926 -0.00316227 0.00141257 0.0503466
648 0.300462 -0.00319567 0.00141135 0.0503029
649 0.3 -0.00322897 0.00141012 0.0502594
650 0.299539 -0.00326216 0.00140891 0.0502159
651 0.29908 -0.00329526 0.00140769 0.0501727
652 0.300153 -0.0032772 0.00140565 0.0500998
653 0.301223 -0.00329274 0.00140377 0.050033
654 0.300763 -0.00330823 0.0014019 0.0499664
655 0.300305 -0.00332368 0.00140004 0.0499001
656 0.299848 -0.00333907 0.00139819 0.0498339
657 0.300912 -0.0032721 0.00139858 0.0498481
658 0.301973 -0.00329354 0.00139692 0.0497888
659 0.301515 -0.00331491 0.00139526 0.0497297
660 0.301059 -0.00333621 0.00139361 0.0496708
661 0.300604 -0.00335745 0.00139196 0.049612
662 0.301659 -0.00332852 0.00139024 0.0495507
663 0.302711 -0.00328973 0.0013889 0.049503
664 0.302256 -0.00325105 0.00138757 0.0494556
665 0.301802 -0.00321249 0.00138624 0.0494082
666 0.301349 -0.00317405 0.00138492 0.049361
667 0.300898 -0.00313572 0.0013836 0.049314
668 0.301943 -0.00319341 0.00138413 0.0493331
669 0.301493 -0.00325093 0.00138467 0.0493521
670 0.302534 -0.00326528 0.00138285 0.0492873
671 0.302083 -0.0032796 0.00138104 0.0492228
672 0.301634 -0.00329387 0.00137924 0.0491585
673 0.301187 -0.00330809 0.00137744 0.0490943
674 0.300741 -0.00332228 0.00137564 0.0490303
675 0.301775 -0.00327391 0.00137488 0.0490033
676 0.301329 -0.00322569 0.00137412 0.0489763
677 0.30236 -0.00323853 0.00137231 0.0489116
678 0.301915 -0.00325132 0.0013705 0.048847
679 0.302941 -0.00321388 0.00136921 0.048801
680 0.302496 -0.00317654 0.00136792 0.0487552
681 0.302053 -0.00313931 0.00136664 0.0487095
682 0.301611 -0.0031022 0.00136536 0.0486639
683 0.302632 -0.00309646 0.00136336 0.0485928
684 0.30219 -0.00309075 0.00136138 0.0485219
685 0.301749 -0.00308505 0.00135939 0.0484512
686 0.30131 -0.00307936 0.00135741 0.0483807
687 0.300872 -0.0030737 0.00135544 0.0483104
688 0.300435 -0.00306805 0.00135348 0.0482403
689 0.3 -0.00306241 0.00135151 0.0481705
690 0.301013 -0.00304986 0.0013496 0.0481024
691 0.300578 -0.00303735 0.0013477 0.0480345
692 0.301587 -0.00304907 0.00134593 0.0479716
693 0.302594 -0.00303327 0.00134409 0.0479057
694 0.302158 -0.00301752 0.00134224 0.0478399
695 0.301724 -0.00300182 0.0013404 0.0477744
696 0.301291 -0.00298616 0.00133857 0.0477091
697 0.30086 -0.00297055 0.00133674 0.0476439
698 0.300429 -0.00295498 0.00133492 0.0475789
699 0.301429 -0.00295246 0.00133301 0.047511
700 0.300999 -0.00294996 0.00133111 0.0474433
701 0.30057 -0.00294745 0.00132922 0.0473758
702 0.300142 -0.00294496 0.00132733 0.0473085
703 0.299716 -0.00294247 0.00132545 0.0472414
704 0.299291 -0.00293999 0.00132357 0.0471744
705 0.298867 -0.00293752 0.0013217 0.0471077
706 0.298444 -0.00293505 0.00131983 0.0470411
707 0.298023 -0.00293259 0.00131797 0.0469748
708 0.299013 -0.00297929 0.00131794 0.0469738
709 0.298592 -0.00302586 0.00131791 0.0469729
710 0.298172 -0.0030723 0.00131789 0.0469719
711 0.299157 -0.00302254 0.00131751 0.0469583
712 0.298738 -0.00297293 0.00131713 0.0469448
713 0.298319 -0.00292345 0.00131675 0.0469313
714 0.299301 -0.00288786 0.00131562 0.046891
715 0.300279 -0.00289536 0.00131387 0.0468289
716 0.299861 -0.00290285 0.00131214 0.0467669
717 0.299443 -0.00291031 0.0013104 0.0467052
718 0.300417 -0.00290099 0.0013086 0.046641
719 0.3 -0.0028917 0.0013068 0.0465769
720 0.299584 -0.00288243 0.00130501 0.046513
721 0.299169 -0.00287319 0.00130322 0.0464493
722 0.298755 -0.00286397 0.00130144 0.0463857
723 0.298343 -0.00285478 0.00129966 0.0463224
724 0.297931 -0.00284562 0.00129789 0.0462592
725 0.297521 -0.00283648 0.00129612 0.0461962
726 0.297111 -0.00282736 0.00129436 0.0461333
727 0.296703 -0.00281828 0.0012926 0.0460707
728 0.296296 -0.00280921 0.00129085 0.0460082
729 0.29589 -0.00280017 0.0012891 0.0459459
730 0.295486 -0.00279116 0.00128736 0.0458837
731 0.295082 -0.00278216 0.00128562 0.0458217
732 0.294679 -0.0027732 0.00128388 0.0457599
733 0.294278 -0.00276426 0.00128215 0.0456983
734 0.293878 -0.00275534 0.00128043 0.0456368
735 0.294837 -0.00274272 0.00127875 0.0455768
736 0.294437 -0.00273013 0.00127707 0.0455171
737 0.294038 -0.00271758 0.0012754 0.0454575
738 0.29364 -0.00270506 0.00127373 0.045398
739 0.293243 -0.00269257 0.00127206 0.0453387
740 0.292848 -0.00268012 0.00127041 0.0452796
741 0.292453 -0.00266771 0.00126875 0.0452206
742 0.292059 -0.00265532 0.0012671 0.0451618
743 0.291667 -0.00264297 0.00126546 0.0451031
744 0.291275 -0.00263065 0.00126381 0.0450446
745 0.290885 -0.00261837 0.00126218 0.0449863
746 0.291834 -0.00260779 0.00126052 0.0449274
747 0.292781 -0.00262094 0.00125905 0.0448747
748 0.29239 -0.00263406 0.00125757 0.0448222
749 0.292 -0.00264714 0.0012561 0.0447698
750 0.291611 -0.00266019 0.00125464 0.0447175
751 0.291223 -0.00267321 0.00125317 0.0446654
752 0.292165 -0.00268054 0.0012516 0.0446093
753 0.291777 -0.00268786 0.00125003 0.0445533
754 0.291391 -0.00269515 0.00124846 0.0444974
755 0.292328 -0.0027249 0.00124765 0.0444685
756 0.291942 -0.00275458 0.00124684 0.0444396
757 0.292876 -0.00270166 0.00124704 0.0444466
758 0.29249 -0.00264888 0.00124723 0.0444536
759 0.293421 -0.00268953 0.00124707 0.0444478
760 0.29435 -0.002704 0.00124568 0.0443982
761 0.293963 -0.00271843 0.00124429 0.0443487
762 0.293578 -0.00273283 0.0012429 0.0442994
763 0.293194 -0.00274719 0.00124152 0.0442502
764 0.29281 -0.00276151 0.00124015 0.0442011
765 0.292428 -0.00277579 0.00123877 0.0441521
766 0.292047 -0.00279004 0.0012374 0.0441033
767 0.292969 -0.00276515 0.00123614 0.0440582
768 0.292588 -0.00274034 0.00123488 0.0440132
769 0.292208 -0.00271559 0.00123362 0.0439684
770 0.291829 -0.0026909 0.00123236 0.0439237
771 0.291451 -0.00266627 0.00123111 0.0438791
772 0.292367 -0.0026027 0.00123231 0.0439219
773 0.29199 -0.0025393 0.00123351 0.0439646
774 0.291613 -0.00247606 0.00123471 0.0440072
775 0.291237 -0.00241298 0.0012359 0.0440497
776 0.292149 -0.00235662 0.00123651 0.0440715
777 0.293059 -0.00237069 0.00123515 0.044023
778 0.293967 -0.00235179 0.00123376 0.0439735
779 0.294872 -0.0023682 0.00123247 0.0439276
780 0.294494 -0.00238457 0.00123119 0.0438818
781 0.294118 -0.0024009 0.00122991 0.0438362
782 0.293742 -0.00241718 0.00122863 0.0437906
783 0.293367 -0.00243343 0.00122736 0.0437452
784 0.292994 -0.00244963 0.00122608 0.0436999
785 0.292621 -0.00246579 0.00122482 0.0436547
786 0.292249 -0.00248191 0.00122355 0.0436096
787 0.291878 -0.00249799 0.00122229 0.0435647
788 0.291508 -0.00251403 0.00122103 0.0435198
789 0.291139 -0.00253003 0.00121978 0.0434751
790 0.292035 -0.00250297 0.00121869 0.0434362
791 0.291667 -0.00247598 0.0012176 0.0433974
792 0.29256 -0.002476 0.00121607 0.0433429
793 0.292191 -0.00247602 0.00121455 0.0432886
794 0.291824 -0.00247604 0.00121303 0.0432345
795 0.291457 -0.00247606 0.00121151 0.0431804
796 0.291092 -0.00247608 0.00121 0.0431265
797 0.290727 -0.00247611 0.00120849 0.0430728
798 0.290363 -0.00247613 0.00120698 0.0430191
799 0.29 -0.00247615 0.00120548 0.0429656
800 0.289638 -0.00247617 0.00120399 0.0429123
801 0.289277 -0.00247619 0.00120249 0.042859
802 0.288917 -0.00247621 0.001201 0.0428059
803 0.288557 -0.00247623 0.00119952 0.042753
804 0.288199 -0.00247625 0.00119803 0.0427001
805 0.287841 -0.00247628 0.00119656 0.0426474
806 0.288724 -0.00245604 0.00119531 0.0426031
807 0.289604 -0.00247681 0.00119429 0.0425667
808 0.289246 -0.00249754 0.00119327 0.0425304
809 0.290123 -0.00251478 0.00119213 0.0424898
810 0.289766 -0.00253198 0.001191 0.0424493
811 0.289409 -0.00254914 0.00118986 0.0424089
812 0.289053 -0.00256625 0.00118873 0.0423686
813 0.288698 -0.00258333 0.00118761 0.0423285
814 0.288344 -0.00260036 0.00118648 0.0422884
815 0.289216 -0.00262044 0.00118547 0.0422523
816 0.288862 -0.00264048 0.00118446 0.0422163
817 0.289731 -0.00266061 0.00118346 0.0421806
818 0.290598 -0.0026379 0.00118232 0.0421402
819 0.290244 -0.00261524 0.00118119 0.0420999
820 0.28989 -0.00259263 0.00118006 0.0420596
821 0.289538 -0.00257008 0.00117894 0.0420195
822 0.289186 -0.00254758 0.00117781 0.0419794
823 0.290049 -0.00256241 0.00117665 0.0419379
824 0.290909 -0.00258847 0.00117592 0.0419121
825 0.291768 -0.00260782 0.00117492 0.0418762
826 0.292624 -0.00262913 0.00117399 0.0418432
827 0.292271 -0.00265039 0.00117307 0.0418103
828 0.293124 -0.00264335 0.00117167 0.0417603
829 0.292771 -0.00263633 0.00117027 0.0417104
830 0.292419 -0.00262932 0.00116887 0.0416607
831 0.293269 -0.00263138 0.00116749 0.0416114
832 0.294118 -0.00264411 0.0011663 0.041569
833 0.293765 -0.0026568 0.00116511 0.0415266
834 0.294611 -0.00268757 0.00116468 0.0415112
835 0.295455 -0.00268907 0.0011633 0.0414622
836 0.295102 -0.00269057 0.00116193 0.0414133
837 0.294749 -0.00269206 0.00116056 0.0413645
838 0.294398 -0.00269355 0.0011592 0.0413159
839 0.295238 -0.00271173 0.0011582 0.0412804
840 0.296076 -0.00268279 0.00115738 0.0412511
841 0.296912 -0.00270657 0.00115662 0.041224
842 0.29656 -0.00273028 0.00115586 0.0411968
843 0.296209 -0.00275394 0.0011551 0.0411698
844 0.295858 -0.00277754 0.00115434 0.0411428
845 0.295508 -0.00280109 0.00115359 0.0411159
846 0.295159 -0.00282458 0.00115283 0.041089
847 0.295991 -0.00277567 0.00115323 0.0411034
848 0.29682 -0.00280432 0.00115274 0.0410858
849 0.297647 -0.00278733 0.00115154 0.0410431
850 0.297297 -0.00277038 0.00115035 0.0410006
851 0.296948 -0.00275347 0.00114916 0.0409581
852 0.2966 -0.0027366 0.00114797 0.0409157
853 0.296253 -0.00271977 0.00114678 0.0408735
854 0.297076 -0.00268834 0.00114613 0.04085
855 0.296729 -0.00265698 0.00114547 0.0408266
856 0.296383 -0.0026257 0.00114481 0.0408032
857 0.296037 -0.00259449 0.00114416 0.0407799
858 0.295693 -0.00256335 0.0011435 0.0407566
859 0.295349 -0.00253229 0.00114285 0.0407334
860 0.295006 -0.00250129 0.0011422 0.0407102
861 0.295824 -0.0024902 0.00114094 0.040665
862 0.295481 -0.00247913 0.00113967 0.04062
863 0.295139 -0.00246809 0.00113841 0.040575
864 0.294798 -0.00245707 0.00113715 0.0405302
865 0.294457 -0.00244607 0.0011359 0.0404854
866 0.295271 -0.00243317 0.00113467 0.0404419
867 0.294931 -0.00242029 0.00113346 0.0403984
868 0.294591 -0.00240745 0.00113224 0.0403551
869 0.294253 -0.00239463 0.00113103 0.0403118
870 0.295063 -0.00240723 0.00112993 0.0402728
871 0.294725 -0.0024198 0.00112884 0.040234
872 0.294387 -0.00243234 0.00112775 0.0401952
873 0.29405 -0.00244486 0.00112667 0.0401565
874 0.293714 -0.00245734 0.00112558 0.0401179
875 0.293379 -0.0024698 0.0011245 0.0400793
876 0.293044 -0.00248223 0.00112342 0.0400409
877 0.292711 -0.00249463 0.00112235 0.0400026
878 0.292378 -0.002507 0.00112128 0.0399643
879 0.293182 -0.00253537 0.00112086 0.0399494
880 0.292849 -0.00256368 0.00112044 0.0399346
881 0.292517 -0.00259192 0.00112003 0.0399199
882 0.293318 -0.00256023 0.00111949 0.0399007
883 0.294118 -0.00255331 0.00111824 0.039856
884 0.293785 -0.0025464 0.00111699 0.0398115
885 0.294582 -0.00252948 0.0011159 0.0397728
886 0.29425 -0.00251261 0.00111482 0.0397342
887 0.293919 -0.00249577 0.00111374 0.0396956
888 0.293588 -0.00247897 0.00111266 0.0396572
889 0.293258 -0.00246221 0.00111158 0.0396188
890 0.292929 -0.00244549 0.00111051 0.0395806
891 0.293722 -0.00249229 0.00111145 0.0396142
892 0.293393 -0.00253898 0.0011124 0.0396478
893 0.294183 -0.00249962 0.00111234 0.039646
894 0.294972 -0.0025183 0.00111151 0.0396164
895 0.295759 -0.00254802 0.00111122 0.039606
896 0.296544 -0.00259865 0.00111255 0.0396532
897 0.296214 -0.00264916 0.00111387 0.0397003
898 0.295884 -0.00269955 0.00111519 0.0397473
899 0.295556 -0.00274984 0.0011165 0.0397942
900 0.295228 -0.00280001 0.00111782 0.0398411
901 0.2949 -0.00285008 0.00111913 0.0398878
902 0.295681 -0.00279047 0.00112077 0.0399461
903 0.295354 -0.002731 0.0011224 0.0400044
904 0.295028 -0.00267165 0.00112403 0.0400625
905 0.294702 -0.00261244 0.00112566 0.0401205
906 0.294377 -0.00255336 0.00112728 0.0401784
907 0.295154 -0.00248853 0.00112953 0.0402586
908 0.29593 -0.00251263 0.00112895 0.0402377
909 0.295604 -0.00253668 0.00112836 0.0402168
910 0.296378 -0.00254864 0.00112732 0.0401797
911 0.297149 -0.00252756 0.00112639 0.0401465
912 0.296824 -0.00250652 0.00112546 0.0401134
913 0.296499 -0.00248554 0.00112453 0.0400803
914 0.296175 -0.00246459 0.00112361 0.0400474
915 0.295852 -0.0024437 0.00112268 0.0400145
916 0.296619 -0.00247151 0.00112231 0.0400012
917 0.296296 -0.00249926 0.00112194 0.0399879
918 0.295974 -0.00252696 0.00112157 0.0399747
919 0.295652 -0.00255459 0.0011212 0.0399615
920 0.296417 -0.00260658 0.00112274 0.0400166
921 0.29718 -0.00260748 0.00112154 0.0399737
922 0.296858 -0.00260838 0.00112034 0.0399308
923 0.296537 -0.00260928 0.00111914 0.0398881
924 0.297297 -0.00262751 0.00111834 0.0398595
925 0.298056 -0.00264884 0.00111767 0.0398358
926 0.297735 -0.00267012 0.001117 0.0398121
927 0.298491 -0.00268544 0.00111611 0.0397801
928 0.299246 -0.00269781 0.00111512 0.039745
929 0.298925 -0.00271016 0.00111414 0.03971
930 0.298604 -0.00272248 0.00111316 0.039675
931 0.298283 -0.00273477 0.00111218 0.0396401
932 0.297964 -0.00274704 0.0011112 0.0396053
933 0.298715 -0.00274705 0.00111002 0.0395632
934 0.298396 -0.00274705 0.00110884 0.0395212
935 0.299145 -0.00275647 0.0011078 0.0394841
936 0.298826 -0.00276587 0.00110676 0.039447
937 0.298507 -0.00277524 0.00110572 0.03941
938 0.29819 -0.0027846 0.00110469 0.0393731
939 0.297872 -0.00279394 0.00110366 0.0393363
940 0.297556 -0.00280325 0.00110263 0.0392996
941 0.29724 -0.00281255 0.0011016 0.0392629
942 0.297985 -0.00278887 0.00110083 0.0392357
943 0.29767 -0.00276524 0.00110007 0.0392085
944 0.298413 -0.00277969 0.00109919 0.0391772
945 0.298097 -0.00279411 0.00109831 0.0391459
946 0.297782 -0.0028085 0.00109744 0.0391147
947 0.297468 -0.00282286 0.00109657 0.0390836
948 0.297155 -0.00283719 0.00109569 0.0390526
949 0.297895 -0.0028413 0.00109459 0.0390132
950 0.297581 -0.00284541 0.00109349 0.0389738
951 0.297269 -0.0028495 0.00109239 0.0389346
952 0.296957 -0.00285359 0.00109129 0.0388954
953 0.297694 -0.00284612 0.00109016 0.0388554
954 0.297382 -0.00283867 0.00108904 0.0388154
955 0.297071 -0.00283124 0.00108792 0.0387754
956 0.296761 -0.00282382 0.0010868 0.0387356
957 0.296451 -0.00281642 0.00108569 0.0386958
958 0.296142 -0.00280903 0.00108457 0.0386562
959 0.295833 -0.00280166 0.00108346 0.0386166
960 0.296566 -0.00278677 0.00108247 0.0385813
961 0.296258 -0.00277192 0.00108148 0.0385461
962 0.29595 -0.0027571 0.0010805 0.038511
963 0.295643 -0.00274231 0.00107952 0.0384759
964 0.296373 -0.00272366 0.00107864 0.0384446
965 0.296066 -0.00270505 0.00107776 0.0384134
966 0.29576 -0.00268648 0.00107689 0.0383823
967 0.295455 -0.00266796 0.00107602 0.0383512
968 0.29515 -0.00264946 0.00107515 0.0383201
969 0.294845 -0.00263101 0.00107428 0.0382892
970 0.294542 -0.00261259 0.00107341 0.0382583
971 0.294239 -0.00259422 0.00107254 0.0382275
972 0.293936 -0.00257588 0.00107168 0.0381967
973 0.294661 -0.00258438 0.0010707 0.0381618
974 0.294359 -0.00259286 0.00106973 0.0381269
975 0.294057 -0.00260133 0.00106875 0.0380922
976 0.293756 -0.00260978 0.00106778 0.0380575
977 0.293456 -0.00261821 0.00106681 0.0380229
978 0.294178 -0.00261706 0.00106572 0.0379841
979 0.294898 -0.00261487 0.00106463 0.0379454
980 0.295617 -0.00262614 0.00106374 0.0379135
981 0.295316 -0.00263739 0.00106284 0.0378817
982 0.296033 -0.00264108 0.0010618 0.0378445
983 0.295732 -0.00264477 0.00106076 0.0378075
984 0.296447 -0.00268118 0.00106119 0.0378228
985 0.296146 -0.00271751 0.00106162 0.037838
986 0.296859 -0.00266966 0.00106255 0.0378713
987 0.297571 -0.0026224 0.00106344 0.0379028
988 0.29727 -0.00257523 0.00106432 0.0379344
989 0.29798 -0.00254248 0.00106415 0.0379281
990 0.298688 -0.00250923 0.00106401 0.0379231
991 0.298387 -0.00247606 0.00106386 0.0379181
992 0.299094 -0.00245941 0.00106299 0.037887
993 0.298793 -0.0024428 0.00106212 0.0378559
994 0.299497 -0.0024331 0.00106111 0.0378198
995 0.299197 -0.00242341 0.00106009 0.0377837
996 0.298897 -0.00241375 0.00105908 0.0377476
997 0.298597 -0.00240411 0.00105807 0.0377116
998 0.298298 -0.00239448 0.00105707 0.0376758
999 0.299 -0.00237671 0.00105625 0.0376465
